This is pdfTeX, Version 3.1415926-2.4-1.40.13 (MiKTeX 2.9 64-bit) (preloaded format=pdflatex 2016.5.25)  10 JUL 2016 11:23
entering extended mode
**Object**Tracking*using*a*Pi-Cam*interfaced*on*a*Raspberry-Pi.tex

("E:\Object Tracking Camera Repository\Object-Tracking-Camera\Tutorials\6. Obje
ct  Tracking using a Pi-Cam interfaced on a Raspberry-Pi\Object  Tracking using
 a Pi-Cam interfaced on a Raspberry-Pi.tex"
LaTeX2e <2011/06/27>
Babel <v3.8m> and hyphenation patterns for english, afrikaans, ancientgreek, ar
abic, armenian, assamese, basque, bengali, bokmal, bulgarian, catalan, coptic, 
croatian, czech, danish, dutch, esperanto, estonian, farsi, finnish, french, ga
lician, german, german-x-2012-05-30, greek, gujarati, hindi, hungarian, iceland
ic, indonesian, interlingua, irish, italian, kannada, kurmanji, latin, latvian,
 lithuanian, malayalam, marathi, mongolian, mongolianlmc, monogreek, ngerman, n
german-x-2012-05-30, nynorsk, oriya, panjabi, pinyin, polish, portuguese, roman
ian, russian, sanskrit, serbian, slovak, slovenian, spanish, swedish, swissgerm
an, tamil, telugu, turkish, turkmen, ukenglish, ukrainian, uppersorbian, usengl
ishmax, welsh, loaded.
("C:\Program Files\MiKTeX 2.9\tex\latex\base\article.cls"
Document Class: article 2007/10/19 v1.4h Standard LaTeX document class
("C:\Program Files\MiKTeX 2.9\tex\latex\base\size11.clo"
File: size11.clo 2007/10/19 v1.4h Standard LaTeX file (size option)
)
\c@part=\count79
\c@section=\count80
\c@subsection=\count81
\c@subsubsection=\count82
\c@paragraph=\count83
\c@subparagraph=\count84
\c@figure=\count85
\c@table=\count86
\abovecaptionskip=\skip41
\belowcaptionskip=\skip42
\bibindent=\dimen102
)
("C:\Program Files\MiKTeX 2.9\tex\latex\graphics\graphicx.sty"
Package: graphicx 1999/02/16 v1.0f Enhanced LaTeX Graphics (DPC,SPQR)

("C:\Program Files\MiKTeX 2.9\tex\latex\graphics\keyval.sty"
Package: keyval 1999/03/16 v1.13 key=value parser (DPC)
\KV@toks@=\toks14
)
("C:\Program Files\MiKTeX 2.9\tex\latex\graphics\graphics.sty"
Package: graphics 2009/02/05 v1.0o Standard LaTeX Graphics (DPC,SPQR)

("C:\Program Files\MiKTeX 2.9\tex\latex\graphics\trig.sty"
Package: trig 1999/03/16 v1.09 sin cos tan (DPC)
)
("C:\Program Files\MiKTeX 2.9\tex\latex\00miktex\graphics.cfg"
File: graphics.cfg 2007/01/18 v1.5 graphics configuration of teTeX/TeXLive
)
Package graphics Info: Driver file: pdftex.def on input line 91.

("C:\Program Files\MiKTeX 2.9\tex\latex\pdftex-def\pdftex.def"
File: pdftex.def 2011/05/27 v0.06d Graphics/color for pdfTeX

("C:\Program Files\MiKTeX 2.9\tex\generic\oberdiek\infwarerr.sty"
Package: infwarerr 2010/04/08 v1.3 Providing info/warning/error messages (HO)
)
("C:\Program Files\MiKTeX 2.9\tex\generic\oberdiek\ltxcmds.sty"
Package: ltxcmds 2011/11/09 v1.22 LaTeX kernel commands for general use (HO)
)
\Gread@gobject=\count87
))
\Gin@req@height=\dimen103
\Gin@req@width=\dimen104
)
("C:\Program Files\MiKTeX 2.9\tex\latex\listings\listings.sty"
\lst@mode=\count88
\lst@gtempboxa=\box26
\lst@token=\toks15
\lst@length=\count89
\lst@currlwidth=\dimen105
\lst@column=\count90
\lst@pos=\count91
\lst@lostspace=\dimen106
\lst@width=\dimen107
\lst@newlines=\count92
\lst@lineno=\count93
\lst@maxwidth=\dimen108

("C:\Program Files\MiKTeX 2.9\tex\latex\listings\lstmisc.sty"
File: lstmisc.sty 2015/06/04 1.6 (Carsten Heinz)
\c@lstnumber=\count94
\lst@skipnumbers=\count95
\lst@framebox=\box27
)
("C:\Program Files\MiKTeX 2.9\tex\latex\listings\listings.cfg"
File: listings.cfg 2015/06/04 1.6 listings configuration
))
Package: listings 2015/06/04 1.6 (Carsten Heinz)

("C:\Program Files\MiKTeX 2.9\tex\latex\ltxmisc\url.sty"
\Urlmuskip=\muskip10
Package: url 2006/04/12  ver 3.3  Verb mode for urls, etc.
)
("C:\Program Files\MiKTeX 2.9\tex\latex\float\float.sty"
Package: float 2001/11/08 v1.3d Float enhancements (AL)
\c@float@type=\count96
\float@exts=\toks16
\float@box=\box28
\@float@everytoks=\toks17
\@floatcapt=\box29
)
("C:\Program Files\MiKTeX 2.9\tex\latex\caption\subcaption.sty"
Package: subcaption 2016/05/22 v1.1-161 Sub-captions (AR)

("C:\Program Files\MiKTeX 2.9\tex\latex\caption\caption.sty"
Package: caption 2016/02/21 v3.3-144 Customizing captions (AR)

("C:\Program Files\MiKTeX 2.9\tex\latex\caption\caption3.sty"
Package: caption3 2016/05/22 v1.7-166 caption3 kernel (AR)
Package caption3 Info: TeX engine: e-TeX on input line 67.
\captionmargin=\dimen109
\captionmargin@=\dimen110
\captionwidth=\dimen111
\caption@tempdima=\dimen112
\caption@indent=\dimen113
\caption@parindent=\dimen114
\caption@hangindent=\dimen115
)
\c@ContinuedFloat=\count97
Package caption Info: float package is loaded.
Package caption Info: listings package is loaded.
)
\c@subfigure=\count98
\c@subtable=\count99
)
("E:\Object Tracking Camera Repository\Object-Tracking-Camera\Tutorials\6. Obje
ct  Tracking using a Pi-Cam interfaced on a Raspberry-Pi\Object  Tracking using
 a Pi-Cam interfaced on a Raspberry-Pi.aux")
LaTeX Font Info:    Checking defaults for OML/cmm/m/it on input line 20.
LaTeX Font Info:    ... okay on input line 20.
LaTeX Font Info:    Checking defaults for T1/cmr/m/n on input line 20.
LaTeX Font Info:    ... okay on input line 20.
LaTeX Font Info:    Checking defaults for OT1/cmr/m/n on input line 20.
LaTeX Font Info:    ... okay on input line 20.
LaTeX Font Info:    Checking defaults for OMS/cmsy/m/n on input line 20.
LaTeX Font Info:    ... okay on input line 20.
LaTeX Font Info:    Checking defaults for OMX/cmex/m/n on input line 20.
LaTeX Font Info:    ... okay on input line 20.
LaTeX Font Info:    Checking defaults for U/cmr/m/n on input line 20.
LaTeX Font Info:    ... okay on input line 20.

("C:\Program Files\MiKTeX 2.9\tex\context\base\supp-pdf.mkii"
[Loading MPS to PDF converter (version 2006.09.02).]
\scratchcounter=\count100
\scratchdimen=\dimen116
\scratchbox=\box30
\nofMPsegments=\count101
\nofMParguments=\count102
\everyMPshowfont=\toks18
\MPscratchCnt=\count103
\MPscratchDim=\dimen117
\MPnumerator=\count104
\makeMPintoPDFobject=\count105
\everyMPtoPDFconversion=\toks19
)
\c@lstlisting=\count106
Package caption Info: Begin \AtBeginDocument code.
Package caption Info: End \AtBeginDocument code.
LaTeX Font Info:    External font `cmex10' loaded for size
(Font)              <12> on input line 21.
LaTeX Font Info:    External font `cmex10' loaded for size
(Font)              <8> on input line 21.
LaTeX Font Info:    External font `cmex10' loaded for size
(Font)              <6> on input line 21.
 [1

{C:/Users/Admin/AppData/Local/MiKTeX/2.9/pdftex/config/pdftex.map}]
("E:\Object Tracking Camera Repository\Object-Tracking-Camera\Tutorials\6. Obje
ct  Tracking using a Pi-Cam interfaced on a Raspberry-Pi\Object  Tracking using
 a Pi-Cam interfaced on a Raspberry-Pi.toc")
\tf@toc=\write3
 [2]
LaTeX Font Info:    Try loading font information for OMS+cmr on input line 29.

("C:\Program Files\MiKTeX 2.9\tex\latex\base\omscmr.fd"
File: omscmr.fd 1999/05/25 v2.5h Standard LaTeX font definitions
)
LaTeX Font Info:    Font shape `OMS/cmr/m/n' in size <10.95> not available
(Font)              Font shape `OMS/cmsy/m/n' tried instead on input line 29.
 [3]
! Undefined control sequence.
l.61 	The Python code is available \href
                                        {}{here}
The control sequence at the end of the top line
of your error message was never \def'ed. If you have
misspelled it (e.g., `\hobx'), type `I' and the correct
spelling (e.g., `I\hbox'). Otherwise just continue,
and I'll forget about whatever was undefined.

[4] <1.png, id=20, 630.85687pt x 316.93407pt>
File: 1.png Graphic file (type png)
 <use 1.png>
Package pdftex.def Info: 1.png used on input line 67.
(pdftex.def)             Requested size: 315.42766pt x 158.46664pt.

<s1.jpg, id=21, 335.2525pt x 229.85875pt>
File: s1.jpg Graphic file (type jpg)
 <use s1.jpg>
Package pdftex.def Info: s1.jpg used on input line 72.
(pdftex.def)             Requested size: 167.62584pt x 114.92908pt.

<s2.jpg, id=22, 505.89pt x 296.10625pt>
File: s2.jpg Graphic file (type jpg)
 <use s2.jpg>
Package pdftex.def Info: s2.jpg used on input line 77.
(pdftex.def)             Requested size: 252.94437pt x 148.05275pt.

<2.png, id=23, 755.07094pt x 301.8778pt>
File: 2.png Graphic file (type png)
 <use 2.png>
Package pdftex.def Info: 2.png used on input line 82.
(pdftex.def)             Requested size: 377.53455pt x 150.93852pt.

Overfull \hbox (17.53455pt too wide) in paragraph at lines 82--84
 [][] 
 []

<s3.jpg, id=25, 439.6425pt x 249.93375pt>
File: s3.jpg Graphic file (type jpg)
 <use s3.jpg>
Package pdftex.def Info: s3.jpg used on input line 87.
(pdftex.def)             Requested size: 219.82071pt x 124.96657pt.

<3.png, id=26, 750.55406pt x 319.1925pt>
File: 3.png Graphic file (type png)
 <use 3.png>
Package pdftex.def Info: 3.png used on input line 92.
(pdftex.def)             Requested size: 375.27611pt x 159.59586pt.

Overfull \hbox (15.27611pt too wide) in paragraph at lines 92--94
 [][] 
 []


LaTeX Warning: `h' float specifier changed to `ht'.


LaTeX Warning: `h' float specifier changed to `ht'.


LaTeX Warning: `h' float specifier changed to `ht'.


LaTeX Warning: `h' float specifier changed to `ht'.

LaTeX Font Info:    External font `cmex10' loaded for size
(Font)              <10.95> on input line 100.

Overfull \hbox (35.29108pt too wide) in paragraph at lines 100--101
[]$\OT1/cmtt/m/n/10.95 https : / / github . com / richardghirst / PiBits / tree
 / master / ServoBlaster$ 
 []


Overfull \hbox (18.04501pt too wide) in paragraph at lines 102--103
[]$\OT1/cmtt/m/n/10.95 https : / / www . raspberrypi . org / forums / viewtopic
 . php ? f = 44&t = 54067$ 
 []


Overfull \hbox (8.04764pt too wide) in paragraph at lines 104--105
[]$\OT1/cmtt/m/n/10.95 http : / / www . instructables . com / id / Raspberry-[]
Pi-[]Ball-[]tracking/$ 
 []

[5 <E:/Object Tracking Camera Repository/Object-Tracking-Camera/Tutorials/6. Ob
ject  Tracking using a Pi-Cam interfaced on a Raspberry-Pi/1.png> <E:/Object Tr
acking Camera Repository/Object-Tracking-Camera/Tutorials/6. Object  Tracking u
sing a Pi-Cam interfaced on a Raspberry-Pi/s1.jpg>] [6 <E:/Object Tracking Came
ra Repository/Object-Tracking-Camera/Tutorials/6. Object  Tracking using a Pi-C
am interfaced on a Raspberry-Pi/s2.jpg> <E:/Object Tracking Camera Repository/O
bject-Tracking-Camera/Tutorials/6. Object  Tracking using a Pi-Cam interfaced o
n a Raspberry-Pi/2.png> <E:/Object Tracking Camera Repository/Object-Tracking-C
amera/Tutorials/6. Object  Tracking using a Pi-Cam interfaced on a Raspberry-Pi
/s3.jpg>] [7 <E:/Object Tracking Camera Repository/Object-Tracking-Camera/Tutor
ials/6. Object  Tracking using a Pi-Cam interfaced on a Raspberry-Pi/3.png>]
("E:\Object Tracking Camera Repository\Object-Tracking-Camera\Tutorials\6. Obje
ct  Tracking using a Pi-Cam interfaced on a Raspberry-Pi\Object  Tracking using
 a Pi-Cam interfaced on a Raspberry-Pi.aux") ) 
Here is how much of TeX's memory you used:
 3605 strings out of 493921
 56085 string characters out of 3147282
 114685 words of memory out of 3000000
 6897 multiletter control sequences out of 15000+200000
 8672 words of font info for 31 fonts, out of 3000000 for 9000
 841 hyphenation exceptions out of 8191
 42i,7n,40p,515b,272s stack positions out of 5000i,500n,10000p,200000b,50000s
<C:/Program Files/MiKTeX 2.9/font
s/type1/public/amsfonts/cm/cmbx10.pfb><C:/Program Files/MiKTeX 2.9/fonts/type1/
public/amsfonts/cm/cmbx12.pfb><C:/Program Files/MiKTeX 2.9/fonts/type1/public/a
msfonts/cm/cmr10.pfb><C:/Program Files/MiKTeX 2.9/fonts/type1/public/amsfonts/c
m/cmr12.pfb><C:/Program Files/MiKTeX 2.9/fonts/type1/public/amsfonts/cm/cmr17.p
fb><C:/Program Files/MiKTeX 2.9/fonts/type1/public/amsfonts/cm/cmsy10.pfb><C:/P
rogram Files/MiKTeX 2.9/fonts/type1/public/amsfonts/cm/cmtt10.pfb>
Output written on "Object  Tracking using a Pi-Cam interfaced on a Raspberry-Pi
.pdf" (7 pages, 568900 bytes).
PDF statistics:
 63 PDF objects out of 1000 (max. 8388607)
 0 named destinations out of 1000 (max. 500000)
 31 words of extra memory for PDF output out of 10000 (max. 10000000)

