This is pdfTeX, Version 3.1415926-2.4-1.40.13 (MiKTeX 2.9 64-bit) (preloaded format=pdflatex 2016.5.25)  30 JUN 2016 01:56
entering extended mode
**Colored*object*tracking*using*HSV.tex

("E:\GitHub\Object-Tracking-Camera\Tutorials\1. Colored object tracking using H
SV\Colored object tracking using HSV.tex"
LaTeX2e <2011/06/27>
Babel <v3.8m> and hyphenation patterns for english, afrikaans, ancientgreek, ar
abic, armenian, assamese, basque, bengali, bokmal, bulgarian, catalan, coptic, 
croatian, czech, danish, dutch, esperanto, estonian, farsi, finnish, french, ga
lician, german, german-x-2012-05-30, greek, gujarati, hindi, hungarian, iceland
ic, indonesian, interlingua, irish, italian, kannada, kurmanji, latin, latvian,
 lithuanian, malayalam, marathi, mongolian, mongolianlmc, monogreek, ngerman, n
german-x-2012-05-30, nynorsk, oriya, panjabi, pinyin, polish, portuguese, roman
ian, russian, sanskrit, serbian, slovak, slovenian, spanish, swedish, swissgerm
an, tamil, telugu, turkish, turkmen, ukenglish, ukrainian, uppersorbian, usengl
ishmax, welsh, loaded.
("C:\Program Files\MiKTeX 2.9\tex\latex\base\article.cls"
Document Class: article 2007/10/19 v1.4h Standard LaTeX document class
("C:\Program Files\MiKTeX 2.9\tex\latex\base\size11.clo"
File: size11.clo 2007/10/19 v1.4h Standard LaTeX file (size option)
)
\c@part=\count79
\c@section=\count80
\c@subsection=\count81
\c@subsubsection=\count82
\c@paragraph=\count83
\c@subparagraph=\count84
\c@figure=\count85
\c@table=\count86
\abovecaptionskip=\skip41
\belowcaptionskip=\skip42
\bibindent=\dimen102
)
("C:\Program Files\MiKTeX 2.9\tex\latex\graphics\graphicx.sty"
Package: graphicx 1999/02/16 v1.0f Enhanced LaTeX Graphics (DPC,SPQR)

("C:\Program Files\MiKTeX 2.9\tex\latex\graphics\keyval.sty"
Package: keyval 1999/03/16 v1.13 key=value parser (DPC)
\KV@toks@=\toks14
)
("C:\Program Files\MiKTeX 2.9\tex\latex\graphics\graphics.sty"
Package: graphics 2009/02/05 v1.0o Standard LaTeX Graphics (DPC,SPQR)

("C:\Program Files\MiKTeX 2.9\tex\latex\graphics\trig.sty"
Package: trig 1999/03/16 v1.09 sin cos tan (DPC)
)
("C:\Program Files\MiKTeX 2.9\tex\latex\00miktex\graphics.cfg"
File: graphics.cfg 2007/01/18 v1.5 graphics configuration of teTeX/TeXLive
)
Package graphics Info: Driver file: pdftex.def on input line 91.

("C:\Program Files\MiKTeX 2.9\tex\latex\pdftex-def\pdftex.def"
File: pdftex.def 2011/05/27 v0.06d Graphics/color for pdfTeX

("C:\Program Files\MiKTeX 2.9\tex\generic\oberdiek\infwarerr.sty"
Package: infwarerr 2010/04/08 v1.3 Providing info/warning/error messages (HO)
)
("C:\Program Files\MiKTeX 2.9\tex\generic\oberdiek\ltxcmds.sty"
Package: ltxcmds 2011/11/09 v1.22 LaTeX kernel commands for general use (HO)
)
\Gread@gobject=\count87
))
\Gin@req@height=\dimen103
\Gin@req@width=\dimen104
)
("C:\Program Files\MiKTeX 2.9\tex\latex\listings\listings.sty"
\lst@mode=\count88
\lst@gtempboxa=\box26
\lst@token=\toks15
\lst@length=\count89
\lst@currlwidth=\dimen105
\lst@column=\count90
\lst@pos=\count91
\lst@lostspace=\dimen106
\lst@width=\dimen107
\lst@newlines=\count92
\lst@lineno=\count93
\lst@maxwidth=\dimen108

("C:\Program Files\MiKTeX 2.9\tex\latex\listings\lstmisc.sty"
File: lstmisc.sty 2015/06/04 1.6 (Carsten Heinz)
\c@lstnumber=\count94
\lst@skipnumbers=\count95
\lst@framebox=\box27
)
("C:\Program Files\MiKTeX 2.9\tex\latex\listings\listings.cfg"
File: listings.cfg 2015/06/04 1.6 listings configuration
))
Package: listings 2015/06/04 1.6 (Carsten Heinz)

("C:\Program Files\MiKTeX 2.9\tex\latex\ltxmisc\url.sty"
\Urlmuskip=\muskip10
Package: url 2006/04/12  ver 3.3  Verb mode for urls, etc.
)
("E:\GitHub\Object-Tracking-Camera\Tutorials\1. Colored object tracking using H
SV\Colored object tracking using HSV.aux")
LaTeX Font Info:    Checking defaults for OML/cmm/m/it on input line 18.
LaTeX Font Info:    ... okay on input line 18.
LaTeX Font Info:    Checking defaults for T1/cmr/m/n on input line 18.
LaTeX Font Info:    ... okay on input line 18.
LaTeX Font Info:    Checking defaults for OT1/cmr/m/n on input line 18.
LaTeX Font Info:    ... okay on input line 18.
LaTeX Font Info:    Checking defaults for OMS/cmsy/m/n on input line 18.
LaTeX Font Info:    ... okay on input line 18.
LaTeX Font Info:    Checking defaults for OMX/cmex/m/n on input line 18.
LaTeX Font Info:    ... okay on input line 18.
LaTeX Font Info:    Checking defaults for U/cmr/m/n on input line 18.
LaTeX Font Info:    ... okay on input line 18.

("C:\Program Files\MiKTeX 2.9\tex\context\base\supp-pdf.mkii"
[Loading MPS to PDF converter (version 2006.09.02).]
\scratchcounter=\count96
\scratchdimen=\dimen109
\scratchbox=\box28
\nofMPsegments=\count97
\nofMParguments=\count98
\everyMPshowfont=\toks16
\MPscratchCnt=\count99
\MPscratchDim=\dimen110
\MPnumerator=\count100
\makeMPintoPDFobject=\count101
\everyMPtoPDFconversion=\toks17
)
\c@lstlisting=\count102
LaTeX Font Info:    External font `cmex10' loaded for size
(Font)              <12> on input line 19.
LaTeX Font Info:    External font `cmex10' loaded for size
(Font)              <8> on input line 19.
LaTeX Font Info:    External font `cmex10' loaded for size
(Font)              <6> on input line 19.
 [1

{C:/Users/Admin/AppData/Local/MiKTeX/2.9/pdftex/config/pdftex.map}]
("E:\GitHub\Object-Tracking-Camera\Tutorials\1. Colored object tracking using H
SV\Colored object tracking using HSV.toc")
\tf@toc=\write3
 [2]
LaTeX Font Info:    Try loading font information for OMS+cmr on input line 28.

("C:\Program Files\MiKTeX 2.9\tex\latex\base\omscmr.fd"
File: omscmr.fd 1999/05/25 v2.5h Standard LaTeX font definitions
)
LaTeX Font Info:    Font shape `OMS/cmr/m/n' in size <10.95> not available
(Font)              Font shape `OMS/cmsy/m/n' tried instead on input line 28.
 [3]
Overfull \hbox (3.90431pt too wide) in paragraph at lines 48--49
[]\OT1/cmr/m/n/10.95 As ev-ery pixel in the frame has dif-fer-ent HSV val-ues,w
e thresh-old(mask)
 []


Overfull \hbox (5.91301pt too wide) in paragraph at lines 49--50
\OT1/cmr/m/n/10.95 blobs in the frame and find their re-spec-tive ar-eas.Among 
all the bounded
 []

("C:\Program Files\MiKTeX 2.9\tex\latex\listings\lstlang1.sty"
File: lstlang1.sty 2015/06/04 1.6 listings language file
)
Underfull \hbox (badness 10000) in paragraph at lines 54--57

 []


Underfull \hbox (badness 10000) in paragraph at lines 54--57

 []


("E:\GitHub\Object-Tracking-Camera\Tutorials\1. Colored object tracking using H
SV\Colored_object_tracking_using_HSV.py"
Overfull \hbox (113.04492pt too wide) in paragraph at lines 10--11
[][][][][][][][][][][][][][][][][][][][][][][][][][][][][][] 
 []


Overfull \hbox (73.62451pt too wide) in paragraph at lines 12--13
[][][][][][][][][][][][][][][][][][][][][][][][][][][][][][][][] 
 []


Overfull \hbox (67.05444pt too wide) in paragraph at lines 13--14
[][][][][][][][][][][][][][][][][][][][][][][][][][][][] 
 []


Overfull \hbox (21.06396pt too wide) in paragraph at lines 16--18
[][][][][][][][][][][][][][][][][][][][][] 
 []


Overfull \hbox (86.76465pt too wide) in paragraph at lines 19--20
[][][][][][][][][][][][][][][][][][][][][][][][][][][][] 
 []

[4]
Overfull \hbox (34.2041pt too wide) in paragraph at lines 20--21
[][][][][][][][][][][][][][][][][][][][][][][][] 
 []


Overfull \hbox (73.62451pt too wide) in paragraph at lines 24--25
[][][][][][][][][][][][][][][][][][][][][][][][][][][][][][][][] 
 []


Overfull \hbox (60.48438pt too wide) in paragraph at lines 28--29
[][][][][][][][][][][][][][][][][][][][][][][][][][] 
 []


Overfull \hbox (80.19458pt too wide) in paragraph at lines 39--40
[][][][][][][][][][][][][][][][][][][][][][][][][] 
 []


Overfull \hbox (113.04492pt too wide) in paragraph at lines 50--51
[][][][][][][][][][][][][][][][][][][][][][][][][][] 
 []


Overfull \hbox (40.77417pt too wide) in paragraph at lines 57--58
[][][][][][][][][][][][][][][][][][][][][] 
 []


Overfull \hbox (14.4939pt too wide) in paragraph at lines 61--62
[][][][][][][][][][][][][][][][][][][][][] 
 []


Overfull \hbox (73.62451pt too wide) in paragraph at lines 62--63
[][][][][][][][][][][][][][][][][][][][] 
 []

[5]
Overfull \hbox (106.47485pt too wide) in paragraph at lines 63--65
[][][][][][][] 
 []


Overfull \hbox (93.33472pt too wide) in paragraph at lines 71--72
[][][][][][][][][][][][][][][][][][][][][][][][][][][] 
 []


Overfull \hbox (113.04492pt too wide) in paragraph at lines 74--75
[][][][][][][][][][][][][][][][][][][][][][][][][][][][][][][][][] 
 []

LaTeX Font Info:    Try loading font information for OML+cmr on input line 78.
("C:\Program Files\MiKTeX 2.9\tex\latex\base\omlcmr.fd"
File: omlcmr.fd 1999/05/25 v2.5h Standard LaTeX font definitions
)
LaTeX Font Info:    Font shape `OML/cmr/m/n' in size <10.95> not available
(Font)              Font shape `OML/cmm/m/it' tried instead on input line 78.

Overfull \hbox (99.90479pt too wide) in paragraph at lines 79--80
[][][][][][][][][][][][][][][][][][][][][][][] 
 []


Overfull \hbox (86.76465pt too wide) in paragraph at lines 82--83
[][][][][][][][][][][][][][][][][][] 
 []


Overfull \hbox (80.19458pt too wide) in paragraph at lines 83--84
[][][][][][][][][][][][][][][] 
 []

LaTeX Font Info:    External font `cmex10' loaded for size
(Font)              <10.95> on input line 86.

Overfull \hbox (93.33472pt too wide) in paragraph at lines 86--87
[][][][][][][][][][][][][][][][][][][][][][][] 
 []


Overfull \hbox (86.76465pt too wide) in paragraph at lines 88--89
[][][][][][][][][][][][][][][][][][][][][][][][][][][] 
 []


Overfull \hbox (99.90479pt too wide) in paragraph at lines 90--92
[][][][][][][][][][][][][][][][][][][] 
 []


Overfull \hbox (113.04492pt too wide) in paragraph at lines 92--93
[][][][][][][][][][][][][][][][][][][][][][][][] 
 []


Overfull \hbox (99.90479pt too wide) in paragraph at lines 96--97
[][][][][][][][][][][][][][][][][][][][][][][][][][][][][][][] 
 []


Overfull \hbox (21.06396pt too wide) in paragraph at lines 97--98
[][][][][][][][][][][][][][][][][] 
 []


Overfull \hbox (106.47485pt too wide) in paragraph at lines 98--100
[][][][][][][][][][][][][][][][][][][][][] 
 []


Overfull \hbox (67.05444pt too wide) in paragraph at lines 103--104
[][][][][][][][][][][][][][][][][][][][][][][][][][] 
 []


Overfull \hbox (53.9143pt too wide) in paragraph at lines 104--105
[][][][][][][][][][][][][][][][][][][][][][][][][][][][][][] 
 []

[6]
Overfull \hbox (93.33472pt too wide) in paragraph at lines 107--108
[][][][][][][][][][][][][][][][][][][][][][][][][][][][][][][] 
 []


Overfull \hbox (7.92383pt too wide) in paragraph at lines 108--109
[][][][][][][][][][][][][][][][][][][][][][][][][] 
 []

) <image1.jpg, id=28, 486.31688pt x 384.6872pt>
File: image1.jpg Graphic file (type jpg)
 <use image1.jpg>
Package pdftex.def Info: image1.jpg used on input line 62.
(pdftex.def)             Requested size: 389.05403pt x 307.75017pt.

<image2.jpg, id=29, 487.06969pt x 383.93437pt>
File: image2.jpg Graphic file (type jpg)
 <use image2.jpg>
Package pdftex.def Info: image2.jpg used on input line 64.
(pdftex.def)             Requested size: 389.65627pt x 307.1479pt.

Underfull \hbox (badness 10000) in paragraph at lines 59--65

 []


Overfull \hbox (29.05403pt too wide) in paragraph at lines 59--65
[] 
 []


Overfull \hbox (29.65627pt too wide) in paragraph at lines 59--65
[] 
 []

[7 <E:/GitHub/Object-Tracking-Camera/Tutorials/1. Colored object tracking using
 HSV/image1.jpg>]
Overfull \hbox (7.54764pt too wide) in paragraph at lines 68--69
[]$\OT1/cmtt/m/n/10.95 https : / / opencv-[]python-[]tutroals . readthedocs . i
o / en / latest / py _$
 []


Overfull \hbox (6.54764pt too wide) in paragraph at lines 68--69
$\OT1/cmtt/m/n/10.95 tutorials / py _ gui / py _ drawing _ functions / py _ dra
wing _ functions .$
 []


Overfull \hbox (7.54764pt too wide) in paragraph at lines 69--70
[]$\OT1/cmtt/m/n/10.95 https : / / opencv-[]python-[]tutroals . readthedocs . i
o / en / latest / py _$
 []


Overfull \hbox (116.2727pt too wide) in paragraph at lines 69--70
$\OT1/cmtt/m/n/10.95 tutorials / py _ imgproc / py _ colorspaces / py _ colorsp
aces . html # converting-[]colorspaces$ 
 []


Overfull \hbox (7.54764pt too wide) in paragraph at lines 70--71
[]$\OT1/cmtt/m/n/10.95 https : / / opencv-[]python-[]tutroals . readthedocs . i
o / en / latest / py _$
 []


Overfull \hbox (18.04501pt too wide) in paragraph at lines 70--71
$\OT1/cmtt/m/n/10.95 tutorials / py _ imgproc / py _ filtering / py _ filtering
 . html # filtering$ 
 []


Overfull \hbox (7.54764pt too wide) in paragraph at lines 71--72
[]$\OT1/cmtt/m/n/10.95 https : / / opencv-[]python-[]tutroals . readthedocs . i
o / en / latest / py _$
 []


Overfull \hbox (29.54239pt too wide) in paragraph at lines 71--72
$\OT1/cmtt/m/n/10.95 tutorials / py _ imgproc / py _ contours / py _ contours _
 begin / py _ contours _$
 []


Overfull \hbox (7.54764pt too wide) in paragraph at lines 72--73
[]$\OT1/cmtt/m/n/10.95 https : / / opencv-[]python-[]tutroals . readthedocs . i
o / en / latest / py _$
 []


Overfull \hbox (35.29108pt too wide) in paragraph at lines 72--73
$\OT1/cmtt/m/n/10.95 tutorials / py _ imgproc / py _ contours / py _ contour _ 
features / py _ contour _$
 []

[8 <E:/GitHub/Object-Tracking-Camera/Tutorials/1. Colored object tracking using
 HSV/image2.jpg>]
("E:\GitHub\Object-Tracking-Camera\Tutorials\1. Colored object tracking using H
SV\Colored object tracking using HSV.aux") ) 
Here is how much of TeX's memory you used:
 2673 strings out of 493921
 37683 string characters out of 3147282
 139493 words of memory out of 3000000
 5971 multiletter control sequences out of 15000+200000
 9018 words of font info for 32 fonts, out of 3000000 for 9000
 841 hyphenation exceptions out of 8191
 29i,6n,43p,498b,1598s stack positions out of 5000i,500n,10000p,200000b,50000s
<C:/Program Files/MiKTeX 2.9/fonts/
type1/public/amsfonts/cm/cmbx10.pfb><C:/Program Files/MiKTeX 2.9/fonts/type1/pu
blic/amsfonts/cm/cmbx12.pfb><C:/Program Files/MiKTeX 2.9/fonts/type1/public/ams
fonts/cm/cmmi10.pfb><C:/Program Files/MiKTeX 2.9/fonts/type1/public/amsfonts/cm
/cmr10.pfb><C:/Program Files/MiKTeX 2.9/fonts/type1/public/amsfonts/cm/cmr12.pf
b><C:/Program Files/MiKTeX 2.9/fonts/type1/public/amsfonts/cm/cmr17.pfb><C:/Pro
gram Files/MiKTeX 2.9/fonts/type1/public/amsfonts/cm/cmsy10.pfb><C:/Program Fil
es/MiKTeX 2.9/fonts/type1/public/amsfonts/cm/cmti10.pfb><C:/Program Files/MiKTe
X 2.9/fonts/type1/public/amsfonts/cm/cmtt10.pfb>
Output written on "Colored object tracking using HSV.pdf" (8 pages, 211188 byte
s).
PDF statistics:
 67 PDF objects out of 1000 (max. 8388607)
 0 named destinations out of 1000 (max. 500000)
 11 words of extra memory for PDF output out of 10000 (max. 10000000)

