This is pdfTeX, Version 3.1415926-2.4-1.40.13 (MiKTeX 2.9 64-bit) (preloaded format=pdflatex 2016.5.25)  8 JUN 2016 00:44
entering extended mode
**Object*Tracking(Based*on*ROI).tex

("C:\Users\Admin\Desktop\Object tracking(Based on ROI)\Object Tracking(Based on
 ROI).tex"
LaTeX2e <2011/06/27>
Babel <v3.8m> and hyphenation patterns for english, afrikaans, ancientgreek, ar
abic, armenian, assamese, basque, bengali, bokmal, bulgarian, catalan, coptic, 
croatian, czech, danish, dutch, esperanto, estonian, farsi, finnish, french, ga
lician, german, german-x-2012-05-30, greek, gujarati, hindi, hungarian, iceland
ic, indonesian, interlingua, irish, italian, kannada, kurmanji, latin, latvian,
 lithuanian, malayalam, marathi, mongolian, mongolianlmc, monogreek, ngerman, n
german-x-2012-05-30, nynorsk, oriya, panjabi, pinyin, polish, portuguese, roman
ian, russian, sanskrit, serbian, slovak, slovenian, spanish, swedish, swissgerm
an, tamil, telugu, turkish, turkmen, ukenglish, ukrainian, uppersorbian, usengl
ishmax, welsh, loaded.
("C:\Program Files\MiKTeX 2.9\tex\latex\base\article.cls"
Document Class: article 2007/10/19 v1.4h Standard LaTeX document class
("C:\Program Files\MiKTeX 2.9\tex\latex\base\size11.clo"
File: size11.clo 2007/10/19 v1.4h Standard LaTeX file (size option)
)
\c@part=\count79
\c@section=\count80
\c@subsection=\count81
\c@subsubsection=\count82
\c@paragraph=\count83
\c@subparagraph=\count84
\c@figure=\count85
\c@table=\count86
\abovecaptionskip=\skip41
\belowcaptionskip=\skip42
\bibindent=\dimen102
)
("C:\Program Files\MiKTeX 2.9\tex\latex\graphics\graphicx.sty"
Package: graphicx 1999/02/16 v1.0f Enhanced LaTeX Graphics (DPC,SPQR)

("C:\Program Files\MiKTeX 2.9\tex\latex\graphics\keyval.sty"
Package: keyval 1999/03/16 v1.13 key=value parser (DPC)
\KV@toks@=\toks14
)
("C:\Program Files\MiKTeX 2.9\tex\latex\graphics\graphics.sty"
Package: graphics 2009/02/05 v1.0o Standard LaTeX Graphics (DPC,SPQR)

("C:\Program Files\MiKTeX 2.9\tex\latex\graphics\trig.sty"
Package: trig 1999/03/16 v1.09 sin cos tan (DPC)
)
("C:\Program Files\MiKTeX 2.9\tex\latex\00miktex\graphics.cfg"
File: graphics.cfg 2007/01/18 v1.5 graphics configuration of teTeX/TeXLive
)
Package graphics Info: Driver file: pdftex.def on input line 91.

("C:\Program Files\MiKTeX 2.9\tex\latex\pdftex-def\pdftex.def"
File: pdftex.def 2011/05/27 v0.06d Graphics/color for pdfTeX

("C:\Program Files\MiKTeX 2.9\tex\generic\oberdiek\infwarerr.sty"
Package: infwarerr 2010/04/08 v1.3 Providing info/warning/error messages (HO)
)
("C:\Program Files\MiKTeX 2.9\tex\generic\oberdiek\ltxcmds.sty"
Package: ltxcmds 2011/11/09 v1.22 LaTeX kernel commands for general use (HO)
)
\Gread@gobject=\count87
))
\Gin@req@height=\dimen103
\Gin@req@width=\dimen104
)
("C:\Program Files\MiKTeX 2.9\tex\latex\listings\listings.sty"
\lst@mode=\count88
\lst@gtempboxa=\box26
\lst@token=\toks15
\lst@length=\count89
\lst@currlwidth=\dimen105
\lst@column=\count90
\lst@pos=\count91
\lst@lostspace=\dimen106
\lst@width=\dimen107
\lst@newlines=\count92
\lst@lineno=\count93
\lst@maxwidth=\dimen108

("C:\Program Files\MiKTeX 2.9\tex\latex\listings\lstmisc.sty"
File: lstmisc.sty 2015/06/04 1.6 (Carsten Heinz)
\c@lstnumber=\count94
\lst@skipnumbers=\count95
\lst@framebox=\box27
)
("C:\Program Files\MiKTeX 2.9\tex\latex\listings\listings.cfg"
File: listings.cfg 2015/06/04 1.6 listings configuration
))
Package: listings 2015/06/04 1.6 (Carsten Heinz)

("C:\Program Files\MiKTeX 2.9\tex\latex\ltxmisc\url.sty"
\Urlmuskip=\muskip10
Package: url 2006/04/12  ver 3.3  Verb mode for urls, etc.
)
("C:\Program Files\MiKTeX 2.9\tex\latex\float\float.sty"
Package: float 2001/11/08 v1.3d Float enhancements (AL)
\c@float@type=\count96
\float@exts=\toks16
\float@box=\box28
\@float@everytoks=\toks17
\@floatcapt=\box29
)
("C:\Program Files\MiKTeX 2.9\tex\latex\caption\subcaption.sty"
Package: subcaption 2016/05/22 v1.1-161 Sub-captions (AR)

("C:\Program Files\MiKTeX 2.9\tex\latex\caption\caption.sty"
Package: caption 2016/02/21 v3.3-144 Customizing captions (AR)

("C:\Program Files\MiKTeX 2.9\tex\latex\caption\caption3.sty"
Package: caption3 2016/05/22 v1.7-166 caption3 kernel (AR)
Package caption3 Info: TeX engine: e-TeX on input line 67.
\captionmargin=\dimen109
\captionmargin@=\dimen110
\captionwidth=\dimen111
\caption@tempdima=\dimen112
\caption@indent=\dimen113
\caption@parindent=\dimen114
\caption@hangindent=\dimen115
)
\c@ContinuedFloat=\count97
Package caption Info: float package is loaded.
Package caption Info: listings package is loaded.
)
\c@subfigure=\count98
\c@subtable=\count99
)
("C:\Users\Admin\Desktop\Object tracking(Based on ROI)\Object Tracking(Based on
 ROI).aux")
LaTeX Font Info:    Checking defaults for OML/cmm/m/it on input line 20.
LaTeX Font Info:    ... okay on input line 20.
LaTeX Font Info:    Checking defaults for T1/cmr/m/n on input line 20.
LaTeX Font Info:    ... okay on input line 20.
LaTeX Font Info:    Checking defaults for OT1/cmr/m/n on input line 20.
LaTeX Font Info:    ... okay on input line 20.
LaTeX Font Info:    Checking defaults for OMS/cmsy/m/n on input line 20.
LaTeX Font Info:    ... okay on input line 20.
LaTeX Font Info:    Checking defaults for OMX/cmex/m/n on input line 20.
LaTeX Font Info:    ... okay on input line 20.
LaTeX Font Info:    Checking defaults for U/cmr/m/n on input line 20.
LaTeX Font Info:    ... okay on input line 20.
 ("C:\Program Files\MiKTeX 2.9\tex\context\base\supp-pdf.mkii"
[Loading MPS to PDF converter (version 2006.09.02).]
\scratchcounter=\count100
\scratchdimen=\dimen116
\scratchbox=\box30
\nofMPsegments=\count101
\nofMParguments=\count102
\everyMPshowfont=\toks18
\MPscratchCnt=\count103
\MPscratchDim=\dimen117
\MPnumerator=\count104
\makeMPintoPDFobject=\count105
\everyMPtoPDFconversion=\toks19
)
\c@lstlisting=\count106
Package caption Info: Begin \AtBeginDocument code.
Package caption Info: End \AtBeginDocument code.
LaTeX Font Info:    External font `cmex10' loaded for size
(Font)              <12> on input line 21.
LaTeX Font Info:    External font `cmex10' loaded for size
(Font)              <8> on input line 21.
LaTeX Font Info:    External font `cmex10' loaded for size
(Font)              <6> on input line 21.
 [1

{C:/ProgramData/MiKTeX/2.9/pdftex/config/pdftex.map}]
("C:\Users\Admin\Desktop\Object tracking(Based on ROI)\Object Tracking(Based on
 ROI).toc"
LaTeX Font Info:    External font `cmex10' loaded for size
(Font)              <10.95> on input line 6.
)
\tf@toc=\write3
 [2]
LaTeX Font Info:    Try loading font information for OMS+cmr on input line 30.
 ("C:\Program Files\MiKTeX 2.9\tex\latex\base\omscmr.fd"
File: omscmr.fd 1999/05/25 v2.5h Standard LaTeX font definitions
)
LaTeX Font Info:    Font shape `OMS/cmr/m/n' in size <10.95> not available
(Font)              Font shape `OMS/cmsy/m/n' tried instead on input line 30.

<original.jpg, id=13, 198.7425pt x 177.66376pt>
File: original.jpg Graphic file (type jpg)
 <use original.jpg>
Package pdftex.def Info: original.jpg used on input line 53.
(pdftex.def)             Requested size: 99.371pt x 88.83165pt.

<Histogram.jpg, id=14, 200.75pt x 204.765pt>
File: Histogram.jpg Graphic file (type jpg)
 <use Histogram.jpg>
Package pdftex.def Info: Histogram.jpg used on input line 58.
(pdftex.def)             Requested size: 100.37474pt x 102.38223pt.

<BackProjection.jpg, id=15, 199.74625pt x 173.64874pt>
File: BackProjection.jpg Graphic file (type jpg)

<use BackProjection.jpg>
Package pdftex.def Info: BackProjection.jpg used on input line 63.
(pdftex.def)             Requested size: 99.87288pt x 86.82416pt.
 [3] [4 <C:/Users/Admin/Desktop/Object tracking(Based on ROI)/original.jpg> <C:
/Users/Admin/Desktop/Object tracking(Based on ROI)/Histogram.jpg> <C:/Users/Adm
in/Desktop/Object tracking(Based on ROI)/BackProjection.jpg>]
Overfull \hbox (5.05112pt too wide) in paragraph at lines 75--76
[]\OT1/cmr/m/n/10.95 Moving ob-jects are char-ac-ter-ized by their color-histog
rams. There-
 []


Overfull \hbox (21.76006pt too wide) in paragraph at lines 76--77
[]\OT1/cmr/m/n/10.95 The aim is to max-i-mize the cor-re-la-tion be-tween two h
is-tograms.Object
 []

<meanshift.jpg, id=23, 451.6875pt x 337.26pt>
File: meanshift.jpg Graphic file (type jpg)
 <use meanshift.jpg>
Package pdftex.def Info: meanshift.jpg used on input line 79.
(pdftex.def)             Requested size: 225.84319pt x 168.62958pt.
Missing character: There is no ‚ in font cmr10!
Missing character: There is no Ä in font cmr10!
Missing character: There is no ú in font cmr10!
Missing character: There is no ‚ in font cmr10!
Missing character: There is no Ä in font cmr10!
Missing character: There is no ù in font cmr10!
Missing character: There is no ‚ in font cmr10!
Missing character: There is no Ä in font cmr10!
Missing character: There is no ú in font cmr10!
Missing character: There is no ‚ in font cmr10!
Missing character: There is no Ä in font cmr10!
Missing character: There is no ù in font cmr10!
Missing character: There is no ‚ in font cmr10!
Missing character: There is no Ä in font cmr10!
Missing character: There is no ú in font cmr10!
Missing character: There is no ‚ in font cmr10!
Missing character: There is no Ä in font cmr10!
Missing character: There is no ù in font cmr10!
Missing character: There is no ‚ in font cmr10!
Missing character: There is no Ä in font cmr10!
Missing character: There is no ô in font cmr10!
Missing character: There is no ‚ in font cmr10!
Missing character: There is no Ä in font cmr10!
Missing character: There is no ô in font cmr10!
Missing character: There is no ‚ in font cmr10!
Missing character: There is no Ä in font cmr10!
Missing character: There is no ú in font cmr10!
Missing character: There is no ‚ in font cmr10!
Missing character: There is no Ä in font cmr10!
Missing character: There is no ù in font cmr10!

<mc1.png, id=24, 231.86626pt x 184.43906pt>
File: mc1.png Graphic file (type png)
 <use mc1.png>
Package pdftex.def Info: mc1.png used on input line 88.
(pdftex.def)             Requested size: 162.00099pt x 142.26335pt.

<ms1.png, id=25, 225.09094pt x 210.7875pt>
File: ms1.png Graphic file (type png)
 <use ms1.png>
Package pdftex.def Info: ms1.png used on input line 92.
(pdftex.def)             Requested size: 162.00696pt x 142.26578pt.

Overfull \hbox (2.43333pt too wide) in paragraph at lines 87--95
[]$[]$ $[]$ 
 []

<mc2.png, id=26, 217.5628pt x 195.73125pt>
File: mc2.png Graphic file (type png)
 <use mc2.png>
Package pdftex.def Info: mc2.png used on input line 99.
(pdftex.def)             Requested size: 162.00978pt x 142.27036pt.

<ms2.png, id=27, 204.01219pt x 179.16937pt>
File: ms2.png Graphic file (type png)
 <use ms2.png>
Package pdftex.def Info: ms2.png used on input line 103.
(pdftex.def)             Requested size: 162.00525pt x 142.2722pt.

Overfull \hbox (2.43333pt too wide) in paragraph at lines 98--106
[]$[]$ $[]$ 
 []

<mc3.png, id=28, 201.75375pt x 203.25937pt>
File: mc3.png Graphic file (type png)
 <use mc3.png>
Package pdftex.def Info: mc3.png used on input line 110.
(pdftex.def)             Requested size: 162.00044pt x 142.26817pt.

<ms3.png, id=29, 204.765pt x 218.31563pt>
File: ms3.png Graphic file (type png)
 <use ms3.png>
Package pdftex.def Info: ms3.png used on input line 114.
(pdftex.def)             Requested size: 162.00938pt x 142.26323pt.

Overfull \hbox (2.43333pt too wide) in paragraph at lines 109--117
[]$[]$ $[]$ 
 []

<mc4.png, id=30, 218.31563pt x 187.45032pt>
File: mc4.png Graphic file (type png)
 <use mc4.png>
Package pdftex.def Info: mc4.png used on input line 121.
(pdftex.def)             Requested size: 162.00073pt x 142.27206pt.

<ms4.png, id=31, 213.79875pt x 182.18062pt>
File: ms4.png Graphic file (type png)
 <use ms4.png>
Package pdftex.def Info: ms4.png used on input line 125.
(pdftex.def)             Requested size: 161.99937pt x 142.26987pt.

Overfull \hbox (2.43333pt too wide) in paragraph at lines 120--128
[]$[]$ $[]$ 
 []

<convergedimage.png, id=32, 190.46156pt x 204.01219pt>
File: convergedimage.png Graphic file (type png)

<use convergedimage.png>
Package pdftex.def Info: convergedimage.png used on input line 131.
(pdftex.def)             Requested size: 133.32216pt x 142.80756pt.
 <shiftedwindow.png, id=33, 234.1247pt x 210.7875pt>
File: shiftedwindow.png Graphic file (type png)

<use shiftedwindow.png>
Package pdftex.def Info: shiftedwindow.png used on input line 136.
(pdftex.def)             Requested size: 163.88615pt x 147.55025pt.
 [5 <C:/Users/Admin/Desktop/Object tracking(Based on ROI)/meanshift.jpg>]

LaTeX Warning: `!h' float specifier changed to `!ht'.


LaTeX Warning: `!h' float specifier changed to `!ht'.


LaTeX Warning: `!h' float specifier changed to `!ht'.


LaTeX Warning: `!h' float specifier changed to `!ht'.

[6 <C:/Users/Admin/Desktop/Object tracking(Based on ROI)/mc1.png> <C:/Users/Adm
in/Desktop/Object tracking(Based on ROI)/ms1.png> <C:/Users/Admin/Desktop/Objec
t tracking(Based on ROI)/mc2.png> <C:/Users/Admin/Desktop/Object tracking(Based
 on ROI)/ms2.png>]

LaTeX Warning: Text page 7 contains only floats.

[7 <C:/Users/Admin/Desktop/Object tracking(Based on ROI)/mc3.png> <C:/Users/Adm
in/Desktop/Object tracking(Based on ROI)/ms3.png> <C:/Users/Admin/Desktop/Objec
t tracking(Based on ROI)/mc4.png> <C:/Users/Admin/Desktop/Object tracking(Based
 on ROI)/ms4.png> <C:/Users/Admin/Desktop/Object tracking(Based on ROI)/converg
edimage.png>]
Underfull \hbox (badness 10000) in paragraph at lines 156--158

 []

<msi.png, id=44, 135.50626pt x 144.54pt>
File: msi.png Graphic file (type png)
 <use msi.png>
Package pdftex.def Info: msi.png used on input line 163.
(pdftex.def)             Requested size: 162.00497pt x 108.12021pt.

<ms2nd.png, id=46, 118.94438pt x 137.7647pt>
File: ms2nd.png Graphic file (type png)
 <use ms2nd.png>
Package pdftex.def Info: ms2nd.png used on input line 167.
(pdftex.def)             Requested size: 162.00722pt x 108.12448pt.

<ms3rd.png, id=47, 122.70844pt x 121.95563pt>
File: ms3rd.png Graphic file (type png)
 <use ms3rd.png>
Package pdftex.def Info: ms3rd.png used on input line 171.
(pdftex.def)             Requested size: 162.00371pt x 108.12144pt.

<msconverged.png, id=48, 134.75343pt x 143.03438pt>
File: msconverged.png Graphic file (type png)
 <use msconverged.png>
Package pdftex.def Info: msconverged.png used on input line 175.
(pdftex.def)             Requested size: 162.00145pt x 108.12231pt.

Overfull \hbox (2.43333pt too wide) in paragraph at lines 162--178
[]$[]$ $[]$
 []


Overfull \hbox (2.43333pt too wide) in paragraph at lines 162--178
$[]$ $[]$ 
 []


LaTeX Warning: `!h' float specifier changed to `!ht'.

<roiforellipse.png, id=49, 139.27031pt x 140.77594pt>
File: roiforellipse.png Graphic file (type png)
 <use roiforellipse.png>
Package pdftex.def Info: roiforellipse.png used on input line 182.
(pdftex.def)             Requested size: 162.00204pt x 108.12068pt.

<ellipsecomputation.png, id=50, 147.55125pt x 135.50626pt>
File: ellipsecomputation.png Graphic file (type png)

<use ellipsecomputation.png>
Package pdftex.def Info: ellipsecomputation.png used on input line 186.
(pdftex.def)             Requested size: 162.00291pt x 108.12393pt.

<newmeanshiftaxis.png, id=51, 201.00093pt x 213.04594pt>
File: newmeanshiftaxis.png Graphic file (type png)

<use newmeanshiftaxis.png>
Package pdftex.def Info: newmeanshiftaxis.png used on input line 190.
(pdftex.def)             Requested size: 161.99709pt x 108.1221pt.

<meanshiftagain.png, id=52, 134.00063pt x 139.27031pt>
File: meanshiftagain.png Graphic file (type png)

<use meanshiftagain.png>
Package pdftex.def Info: meanshiftagain.png used on input line 194.
(pdftex.def)             Requested size: 161.9981pt x 108.1225pt.

Overfull \hbox (2.43333pt too wide) in paragraph at lines 181--197
[]$[]$ $[]$
 []


Overfull \hbox (2.43333pt too wide) in paragraph at lines 181--197
$[]$ $[]$ 
 []


LaTeX Warning: `!h' float specifier changed to `!ht'.

<msec.png, id=53, 140.77594pt x 146.04562pt>
File: msec.png Graphic file (type png)
 <use msec.png>
Package pdftex.def Info: msec.png used on input line 201.
(pdftex.def)             Requested size: 162.00919pt x 108.1233pt.

<convergedellipse.png, id=54, 141.52875pt x 149.05687pt>
File: convergedellipse.png Graphic file (type png)

<use convergedellipse.png>
Package pdftex.def Info: convergedellipse.png used on input line 205.
(pdftex.def)             Requested size: 162.01173pt x 108.12146pt.

Overfull \hbox (2.43333pt too wide) in paragraph at lines 200--208
[]$[]$ $[]$ 
 []


LaTeX Warning: `!h' float specifier changed to `!ht'.

<result.png, id=55, 163.3603pt x 165.61874pt>
File: result.png Graphic file (type png)
 <use result.png>
Package pdftex.def Info: result.png used on input line 212.
(pdftex.def)             Requested size: 324.0277pt x 170.72566pt.


LaTeX Warning: `!h' float specifier changed to `!ht'.

[8 <C:/Users/Admin/Desktop/Object tracking(Based on ROI)/shiftedwindow.png>]

LaTeX Warning: Text page 9 contains only floats.

[9 <C:/Users/Admin/Desktop/Object tracking(Based on ROI)/msi.png> <C:/Users/Adm
in/Desktop/Object tracking(Based on ROI)/ms2nd.png> <C:/Users/Admin/Desktop/Obj
ect tracking(Based on ROI)/ms3rd.png> <C:/Users/Admin/Desktop/Object tracking(B
ased on ROI)/msconverged.png> <C:/Users/Admin/Desktop/Object tracking(Based on 
ROI)/roiforellipse.png> <C:/Users/Admin/Desktop/Object tracking(Based on ROI)/e
llipsecomputation.png> <C:/Users/Admin/Desktop/Object tracking(Based on ROI)/ne
wmeanshiftaxis.png> <C:/Users/Admin/Desktop/Object tracking(Based on ROI)/means
hiftagain.png>] ("C:\Program Files\MiKTeX 2.9\tex\latex\listings\lstlang1.sty"
File: lstlang1.sty 2015/06/04 1.6 listings language file
)
Underfull \hbox (badness 10000) in paragraph at lines 221--224

 []


Underfull \hbox (badness 10000) in paragraph at lines 221--224

 []


("C:\Users\Admin\Desktop\Object tracking(Based on ROI)\Colored_Object_tracking_
based_on_ROI_selection.py" [10 <C:/Users/Admin/Desktop/Object tracking(Based on
 ROI)/msec.png> <C:/Users/Admin/Desktop/Object tracking(Based on ROI)/converged
ellipse.png> <C:/Users/Admin/Desktop/Object tracking(Based on ROI)/result.png>]

Overfull \hbox (7.92383pt too wide) in paragraph at lines 24--26
[][][][][][][][][][][][][][][][][] 
 []


Overfull \hbox (1.35376pt too wide) in paragraph at lines 50--51
[][][][][][][][][][][][][][][][][][][][][][][][][] 
 []


Overfull \hbox (86.76465pt too wide) in paragraph at lines 53--54
[][][][][][][][][][][][][][][][][][][][][][] 
 []


Overfull \hbox (53.9143pt too wide) in paragraph at lines 54--55
[][][][][][][][][][][][][][][][][][][][][][][][][][] 
 []

[11]
Overfull \hbox (67.05444pt too wide) in paragraph at lines 59--61
[][][][][][][][][][][][][][][][][][][][][][][][][][][] 
 []


Overfull \hbox (27.63403pt too wide) in paragraph at lines 72--74
[][][][][][][][][][][][][][][][][][][][] 
 []


Overfull \hbox (244.44629pt too wide) in paragraph at lines 75--77
[][][][][][][][][][][][][][][][][][][][][][][][][] 
 []


Overfull \hbox (172.17554pt too wide) in paragraph at lines 78--80
[][][][][][][][][][][][][][][] 
 []


Overfull \hbox (73.62451pt too wide) in paragraph at lines 81--83
[][][][][][][][][][][][][][][] 
 []


Overfull \hbox (14.4939pt too wide) in paragraph at lines 84--85
[][][][][][][][][][][][][][][][][][][][][][] 
 []


Overfull \hbox (178.7456pt too wide) in paragraph at lines 85--87
[][][][][][][][][][][][][][][][][][][][][][][][][] 
 []


Overfull \hbox (21.06396pt too wide) in paragraph at lines 96--97
[][][][][][][][][][][][][][][][][][][][][][] 
 []


Overfull \hbox (34.2041pt too wide) in paragraph at lines 99--100
[][][][][][][][][][][][][][][][][][] 
 []

[12]
Overfull \hbox (106.47485pt too wide) in paragraph at lines 101--103
[][][][][][][][][][][][][][][] 
 []


Overfull \hbox (40.77417pt too wide) in paragraph at lines 103--104
[][][][][][][][][][][][][][][][][][][][][][][] 
 []


Overfull \hbox (99.90479pt too wide) in paragraph at lines 105--107
[][][][][][][][][][][][][][][][][][][][][][] 
 []

) <meanshift.png, id=83, 367.3725pt x 42.1575pt>
File: meanshift.png Graphic file (type png)
 <use meanshift.png>
Package pdftex.def Info: meanshift.png used on input line 228.
(pdftex.def)             Requested size: 330.63217pt x 37.94138pt.

<Vid_ROI.png, id=84, 289.08pt x 226.59656pt>
File: Vid_ROI.png Graphic file (type png)
 <use Vid_ROI.png>
Package pdftex.def Info: Vid_ROI.png used on input line 234.
(pdftex.def)             Requested size: 260.16959pt x 203.935pt.

<Vid_Det.png, id=85, 314.67563pt x 233.37187pt>
File: Vid_Det.png Graphic file (type png)
 <use Vid_Det.png>
Package pdftex.def Info: Vid_Det.png used on input line 239.
(pdftex.def)             Requested size: 283.20544pt x 210.03273pt.
 [13 <C:/Users/Admin/Desktop/Object tracking(Based on ROI)/meanshift.png>] [14 
<C:/Users/Admin/Desktop/Object tracking(Based on ROI)/Vid_ROI.png> <C:/Users/Ad
min/Desktop/Object tracking(Based on ROI)/Vid_Det.png>]
<Cam_ROI.png, id=93, 1028.34187pt x 578.16pt>
File: Cam_ROI.png Graphic file (type png)
 <use Cam_ROI.png>
Package pdftex.def Info: Cam_ROI.png used on input line 246.
(pdftex.def)             Requested size: 323.99217pt x 193.47527pt.

<Cam_Det.png, id=94, 1028.34187pt x 578.16pt>
File: Cam_Det.png Graphic file (type png)
 <use Cam_Det.png>
Package pdftex.def Info: Cam_Det.png used on input line 251.
(pdftex.def)             Requested size: 323.99217pt x 193.47527pt.
 [15 <C:/Users/Admin/Desktop/Object tracking(Based on ROI)/Cam_ROI.png> <C:/Use
rs/Admin/Desktop/Object tracking(Based on ROI)/Cam_Det.png>]
Overfull \hbox (1.79895pt too wide) in paragraph at lines 259--260
[]$\OT1/cmtt/m/n/10.95 http : / / opencv-[]python-[]tutroals . readthedocs . io
 / en / latest / py _$
 []


Overfull \hbox (6.54764pt too wide) in paragraph at lines 259--260
$\OT1/cmtt/m/n/10.95 tutorials / py _ video / py _ meanshift / py _ meanshift .
 html # meanshift$ 
 []


Overfull \hbox (23.7937pt too wide) in paragraph at lines 260--261
[]$\OT1/cmtt/m/n/10.95 http : / / www . bogotobogo . com / python / OpenCV _ Py
thon / python _ opencv3 _$
 []


Overfull \hbox (152.76483pt too wide) in paragraph at lines 261--262
[]$\OT1/cmtt/m/n/10.95 http : / / www . computervisiononline . com / blog / tut
orial-[]using-[]camshift-[]track-[]objects-[]video$ 
 []


Overfull \hbox (18.54501pt too wide) in paragraph at lines 262--263
[]$\OT1/cmtt/m/n/10.95 https : / / sites . google . com / a / ualberta . ca / j
inxin-[]he / programming /$
 []


Overfull \hbox (240.49515pt too wide) in paragraph at lines 263--264
[]$\OT1/cmtt/m/n/10.95 http : / / www . pyimagesearch . com / 2015 / 05 / 25 / 
basic-[]motion-[]detection-[]and-[]tracking-[]with-[]python-[]and-[]opencv/$ 
 []

[16]
("C:\Users\Admin\Desktop\Object tracking(Based on ROI)\Object Tracking(Based on
 ROI).aux") ) 
Here is how much of TeX's memory you used:
 3987 strings out of 493921
 60373 string characters out of 3147282
 150583 words of memory out of 3000000
 7247 multiletter control sequences out of 15000+200000
 9325 words of font info for 33 fonts, out of 3000000 for 9000
 841 hyphenation exceptions out of 8191
 42i,8n,43p,807b,1600s stack positions out of 5000i,500n,10000p,200000b,50000s
<C:/Program Files/MiKTeX 2.9/fonts/type1/public/amsfonts/cm/cmbx10
.pfb><C:/Program Files/MiKTeX 2.9/fonts/type1/public/amsfonts/cm/cmbx12.pfb><C:
/Program Files/MiKTeX 2.9/fonts/type1/public/amsfonts/cm/cmr10.pfb><C:/Program 
Files/MiKTeX 2.9/fonts/type1/public/amsfonts/cm/cmr12.pfb><C:/Program Files/MiK
TeX 2.9/fonts/type1/public/amsfonts/cm/cmr17.pfb><C:/Program Files/MiKTeX 2.9/f
onts/type1/public/amsfonts/cm/cmsy10.pfb><C:/Program Files/MiKTeX 2.9/fonts/typ
e1/public/amsfonts/cm/cmti10.pfb><C:/Program Files/MiKTeX 2.9/fonts/type1/publi
c/amsfonts/cm/cmtt10.pfb>
Output written on "Object Tracking(Based on ROI).pdf" (16 pages, 2879322 bytes)
.
PDF statistics:
 128 PDF objects out of 1000 (max. 8388607)
 0 named destinations out of 1000 (max. 500000)
 151 words of extra memory for PDF output out of 10000 (max. 10000000)

