This is pdfTeX, Version 3.1415926-2.4-1.40.13 (MiKTeX 2.9 64-bit) (preloaded format=pdflatex 2016.5.25)  6 JUL 2016 17:05
entering extended mode
**Object**Tracking*using*a*Pi-Cam*interfaced*on*a*Raspberry-Pi.tex

("C:\Users\Admin\Desktop\New folder\Object  Tracking using a Pi-Cam interfaced 
on a Raspberry-Pi.tex"
LaTeX2e <2011/06/27>
Babel <v3.8m> and hyphenation patterns for english, afrikaans, ancientgreek, ar
abic, armenian, assamese, basque, bengali, bokmal, bulgarian, catalan, coptic, 
croatian, czech, danish, dutch, esperanto, estonian, farsi, finnish, french, ga
lician, german, german-x-2012-05-30, greek, gujarati, hindi, hungarian, iceland
ic, indonesian, interlingua, irish, italian, kannada, kurmanji, latin, latvian,
 lithuanian, malayalam, marathi, mongolian, mongolianlmc, monogreek, ngerman, n
german-x-2012-05-30, nynorsk, oriya, panjabi, pinyin, polish, portuguese, roman
ian, russian, sanskrit, serbian, slovak, slovenian, spanish, swedish, swissgerm
an, tamil, telugu, turkish, turkmen, ukenglish, ukrainian, uppersorbian, usengl
ishmax, welsh, loaded.
("C:\Program Files\MiKTeX 2.9\tex\latex\base\article.cls"
Document Class: article 2007/10/19 v1.4h Standard LaTeX document class
("C:\Program Files\MiKTeX 2.9\tex\latex\base\size11.clo"
File: size11.clo 2007/10/19 v1.4h Standard LaTeX file (size option)
)
\c@part=\count79
\c@section=\count80
\c@subsection=\count81
\c@subsubsection=\count82
\c@paragraph=\count83
\c@subparagraph=\count84
\c@figure=\count85
\c@table=\count86
\abovecaptionskip=\skip41
\belowcaptionskip=\skip42
\bibindent=\dimen102
)
("C:\Program Files\MiKTeX 2.9\tex\latex\graphics\graphicx.sty"
Package: graphicx 1999/02/16 v1.0f Enhanced LaTeX Graphics (DPC,SPQR)

("C:\Program Files\MiKTeX 2.9\tex\latex\graphics\keyval.sty"
Package: keyval 1999/03/16 v1.13 key=value parser (DPC)
\KV@toks@=\toks14
)
("C:\Program Files\MiKTeX 2.9\tex\latex\graphics\graphics.sty"
Package: graphics 2009/02/05 v1.0o Standard LaTeX Graphics (DPC,SPQR)

("C:\Program Files\MiKTeX 2.9\tex\latex\graphics\trig.sty"
Package: trig 1999/03/16 v1.09 sin cos tan (DPC)
)
("C:\Program Files\MiKTeX 2.9\tex\latex\00miktex\graphics.cfg"
File: graphics.cfg 2007/01/18 v1.5 graphics configuration of teTeX/TeXLive
)
Package graphics Info: Driver file: pdftex.def on input line 91.

("C:\Program Files\MiKTeX 2.9\tex\latex\pdftex-def\pdftex.def"
File: pdftex.def 2011/05/27 v0.06d Graphics/color for pdfTeX

("C:\Program Files\MiKTeX 2.9\tex\generic\oberdiek\infwarerr.sty"
Package: infwarerr 2010/04/08 v1.3 Providing info/warning/error messages (HO)
)
("C:\Program Files\MiKTeX 2.9\tex\generic\oberdiek\ltxcmds.sty"
Package: ltxcmds 2011/11/09 v1.22 LaTeX kernel commands for general use (HO)
)
\Gread@gobject=\count87
))
\Gin@req@height=\dimen103
\Gin@req@width=\dimen104
)
("C:\Program Files\MiKTeX 2.9\tex\latex\listings\listings.sty"
\lst@mode=\count88
\lst@gtempboxa=\box26
\lst@token=\toks15
\lst@length=\count89
\lst@currlwidth=\dimen105
\lst@column=\count90
\lst@pos=\count91
\lst@lostspace=\dimen106
\lst@width=\dimen107
\lst@newlines=\count92
\lst@lineno=\count93
\lst@maxwidth=\dimen108

("C:\Program Files\MiKTeX 2.9\tex\latex\listings\lstmisc.sty"
File: lstmisc.sty 2015/06/04 1.6 (Carsten Heinz)
\c@lstnumber=\count94
\lst@skipnumbers=\count95
\lst@framebox=\box27
)
("C:\Program Files\MiKTeX 2.9\tex\latex\listings\listings.cfg"
File: listings.cfg 2015/06/04 1.6 listings configuration
))
Package: listings 2015/06/04 1.6 (Carsten Heinz)

("C:\Program Files\MiKTeX 2.9\tex\latex\ltxmisc\url.sty"
\Urlmuskip=\muskip10
Package: url 2006/04/12  ver 3.3  Verb mode for urls, etc.
)
("C:\Program Files\MiKTeX 2.9\tex\latex\float\float.sty"
Package: float 2001/11/08 v1.3d Float enhancements (AL)
\c@float@type=\count96
\float@exts=\toks16
\float@box=\box28
\@float@everytoks=\toks17
\@floatcapt=\box29
)
("C:\Program Files\MiKTeX 2.9\tex\latex\caption\subcaption.sty"
Package: subcaption 2016/05/22 v1.1-161 Sub-captions (AR)

("C:\Program Files\MiKTeX 2.9\tex\latex\caption\caption.sty"
Package: caption 2016/02/21 v3.3-144 Customizing captions (AR)

("C:\Program Files\MiKTeX 2.9\tex\latex\caption\caption3.sty"
Package: caption3 2016/05/22 v1.7-166 caption3 kernel (AR)
Package caption3 Info: TeX engine: e-TeX on input line 67.
\captionmargin=\dimen109
\captionmargin@=\dimen110
\captionwidth=\dimen111
\caption@tempdima=\dimen112
\caption@indent=\dimen113
\caption@parindent=\dimen114
\caption@hangindent=\dimen115
)
\c@ContinuedFloat=\count97
Package caption Info: float package is loaded.
Package caption Info: listings package is loaded.
)
\c@subfigure=\count98
\c@subtable=\count99
)
("C:\Users\Admin\Desktop\New folder\Object  Tracking using a Pi-Cam interfaced 
on a Raspberry-Pi.aux")
LaTeX Font Info:    Checking defaults for OML/cmm/m/it on input line 20.
LaTeX Font Info:    ... okay on input line 20.
LaTeX Font Info:    Checking defaults for T1/cmr/m/n on input line 20.
LaTeX Font Info:    ... okay on input line 20.
LaTeX Font Info:    Checking defaults for OT1/cmr/m/n on input line 20.
LaTeX Font Info:    ... okay on input line 20.
LaTeX Font Info:    Checking defaults for OMS/cmsy/m/n on input line 20.
LaTeX Font Info:    ... okay on input line 20.
LaTeX Font Info:    Checking defaults for OMX/cmex/m/n on input line 20.
LaTeX Font Info:    ... okay on input line 20.
LaTeX Font Info:    Checking defaults for U/cmr/m/n on input line 20.
LaTeX Font Info:    ... okay on input line 20.

("C:\Program Files\MiKTeX 2.9\tex\context\base\supp-pdf.mkii"
[Loading MPS to PDF converter (version 2006.09.02).]
\scratchcounter=\count100
\scratchdimen=\dimen116
\scratchbox=\box30
\nofMPsegments=\count101
\nofMParguments=\count102
\everyMPshowfont=\toks18
\MPscratchCnt=\count103
\MPscratchDim=\dimen117
\MPnumerator=\count104
\makeMPintoPDFobject=\count105
\everyMPtoPDFconversion=\toks19
)
\c@lstlisting=\count106
Package caption Info: Begin \AtBeginDocument code.
Package caption Info: End \AtBeginDocument code.
LaTeX Font Info:    External font `cmex10' loaded for size
(Font)              <12> on input line 21.
LaTeX Font Info:    External font `cmex10' loaded for size
(Font)              <8> on input line 21.
LaTeX Font Info:    External font `cmex10' loaded for size
(Font)              <6> on input line 21.
 [1

{C:/Users/Admin/AppData/Local/MiKTeX/2.9/pdftex/config/pdftex.map}]
("C:\Users\Admin\Desktop\New folder\Object  Tracking using a Pi-Cam interfaced 
on a Raspberry-Pi.toc")
\tf@toc=\write3
 [2]
LaTeX Font Info:    Try loading font information for OMS+cmr on input line 29.

("C:\Program Files\MiKTeX 2.9\tex\latex\base\omscmr.fd"
File: omscmr.fd 1999/05/25 v2.5h Standard LaTeX font definitions
)
LaTeX Font Info:    Font shape `OMS/cmr/m/n' in size <10.95> not available
(Font)              Font shape `OMS/cmsy/m/n' tried instead on input line 29.
 [3]
("C:\Program Files\MiKTeX 2.9\tex\latex\listings\lstlang1.sty"
File: lstlang1.sty 2015/06/04 1.6 listings language file
)
("C:\Users\Admin\Desktop\New folder\code.py" [4]
Overfull \hbox (178.7456pt too wide) in paragraph at lines 19--20
[][][][] 
 []

LaTeX Font Info:    External font `cmex10' loaded for size
(Font)              <10.95> on input line 31.

Overfull \hbox (283.8667pt too wide) in paragraph at lines 39--40
[][][][][][][][][][][][][][][][][][][][][][][][][][][][][][][][][][][] 
 []


Overfull \hbox (277.29663pt too wide) in paragraph at lines 40--41
[][][][][][][][][][][][][][][][][][][][][][][][][][][][][][][][][][][] 
 []


Overfull \hbox (231.30615pt too wide) in paragraph at lines 41--42
[][][][][][][][][][][][][][][][][][][][][][][][][][][][][][][][][] 
 []


Overfull \hbox (224.73608pt too wide) in paragraph at lines 42--43
[][][][][][][][][][][][][][][][][][][][][][][][][][][][][][][][][] 
 []


Overfull \hbox (159.0354pt too wide) in paragraph at lines 43--44
[][][][][][][][][][][][][][][][][][][][][][][][][][][][][][][] 
 []


Overfull \hbox (152.46533pt too wide) in paragraph at lines 44--45
[][][][][][][][][][][][][][][][][][][][][][][][][][][][][][][] 
 []


Overfull \hbox (34.2041pt too wide) in paragraph at lines 46--47
[][][][][][][][][][][][][][][][][][][][][][] 
 []


Overfull \hbox (316.71704pt too wide) in paragraph at lines 47--48
[][][][][][][][][][][][][][][][][][][][][][][][][][][][][][][][][][] 
 []


Overfull \hbox (395.55786pt too wide) in paragraph at lines 48--50
[][][][][][][][][][][][][][][][][][][][][][][][][][][][][][][][][][][][][][][][
][][][][][] 
 []


Overfull \hbox (395.55786pt too wide) in paragraph at lines 52--53
[][][][][][][][][][][][][][][][][][][][][][][][][][][][][][][][] 
 []


Overfull \hbox (126.18506pt too wide) in paragraph at lines 53--54
[][][][][][][][][][][][][][][][][][][] 
 []


Overfull \hbox (323.28711pt too wide) in paragraph at lines 54--55
[][][][][][][][][][][][][][][][][][][][][][][][][][][][][][][][][] 
 []


Overfull \hbox (99.90479pt too wide) in paragraph at lines 55--56
[][][][][][][][][][][][][][][][][][][] 
 []

[5]
Overfull \hbox (369.27759pt too wide) in paragraph at lines 56--57
[][][][][][][][][][][][][][][][][][][][][][][][][][][][][][][][][][] 
 []


Overfull \hbox (375.84766pt too wide) in paragraph at lines 57--58
[][][][][][][][][][][][][][][][][][][][][][][][][][][][][][][][][][][][][] 
 []


Overfull \hbox (434.97827pt too wide) in paragraph at lines 58--59
[][][][][][][][][][][][][][][][][][][][][][][][][][][][][][][][][][][][][][][] 

 []

LaTeX Font Info:    Try loading font information for OML+cmr on input line 59.
("C:\Program Files\MiKTeX 2.9\tex\latex\base\omlcmr.fd"
File: omlcmr.fd 1999/05/25 v2.5h Standard LaTeX font definitions
)
LaTeX Font Info:    Font shape `OML/cmr/m/n' in size <10.95> not available
(Font)              Font shape `OML/cmm/m/it' tried instead on input line 59.

Overfull \hbox (310.14697pt too wide) in paragraph at lines 59--60
[][][][][][][][][][][][][][][][][][][][][][][][][][][] 
 []


Overfull \hbox (356.13745pt too wide) in paragraph at lines 60--61
[][][][][][][][][][][][][][][][][][][][][][][][][] 
 []


Overfull \hbox (375.84766pt too wide) in paragraph at lines 61--62
[][][][][][][][][][][][][][][][][][][][][][][][][][][] 
 []


Overfull \hbox (1.35376pt too wide) in paragraph at lines 62--63
[][][][][][][][][][] 
 []


Overfull \hbox (67.05444pt too wide) in paragraph at lines 63--64
[][][][][][][][][][][][][][][] 
 []


Overfull \hbox (349.56738pt too wide) in paragraph at lines 64--65
[][][][][][][][][][][][][][][][][][][][][][][][][][][][][] 
 []


Overfull \hbox (369.27759pt too wide) in paragraph at lines 65--66
[][][][][][][][][][][][][][][][][][][][][][][][][][][] 
 []


Overfull \hbox (349.56738pt too wide) in paragraph at lines 66--67
[][][][][][][][][][][][][][][][][][][][][][][][][][][] 
 []


Overfull \hbox (369.27759pt too wide) in paragraph at lines 67--68
[][][][][][][][][][][][][][][][][][][][][][][][][] 
 []


Overfull \hbox (375.84766pt too wide) in paragraph at lines 68--69
[][][][][][][][][][][][][][][][][][][][][][][][][][][] 
 []


Overfull \hbox (67.05444pt too wide) in paragraph at lines 70--71
[][][][][][][][][][][][][][][] 
 []


Overfull \hbox (369.27759pt too wide) in paragraph at lines 71--72
[][][][][][][][][][][][][][][][][][][][][][][][][][][][][] 
 []


Overfull \hbox (369.27759pt too wide) in paragraph at lines 72--73
[][][][][][][][][][][][][][][][][][][][][][][][][][][] 
 []


Overfull \hbox (73.62451pt too wide) in paragraph at lines 73--74
[][][][][][][][][][][][][][][][][][][][][][][][] 
 []


Overfull \hbox (7.92383pt too wide) in paragraph at lines 74--77
[][][][][][][][][][][]
 []


Overfull \hbox (132.75513pt too wide) in paragraph at lines 77--78
[][][][][][][][][][][][][][][][][][][][][][][][][][][][] 
 []


Overfull \hbox (7.92383pt too wide) in paragraph at lines 94--95
[][][][][][][][][][] 
 []


Overfull \hbox (73.62451pt too wide) in paragraph at lines 95--96
[][][][][][][][][][][][][][] 
 []

[6]
Overfull \hbox (7.92383pt too wide) in paragraph at lines 101--102
[][][][][][][][][][] 
 []


Overfull \hbox (80.19458pt too wide) in paragraph at lines 102--103
[][][][][][][][][][][][][][][] 
 []


Overfull \hbox (60.48438pt too wide) in paragraph at lines 110--111
[][][][][][][][][][][][][][][][][][][][][] 
 []


Overfull \hbox (60.48438pt too wide) in paragraph at lines 112--113
[][][][][][][][][][][][][][][][][][][][][] 
 []


Overfull \hbox (165.60547pt too wide) in paragraph at lines 113--116
[][][][] 
 []


Overfull \hbox (428.4082pt too wide) in paragraph at lines 116--117
[][][][][][][][][][][][][][][][][][][][][][][][][][][][][][][][][][][][][][][][
][][][][][][][][] 
 []


Overfull \hbox (27.63403pt too wide) in paragraph at lines 117--118
[][][][][][][][][][][][][][][][][][][][]
 []


Overfull \hbox (7.92383pt too wide) in paragraph at lines 117--118
[][][][][][][][][][][][][][][][][][][][][][][] 
 []


Overfull \hbox (369.27759pt too wide) in paragraph at lines 118--119
[][][][][][][][][][][][][][][][][][][][][][][][][][][][][][][][][][][][][][][][
][] 
 []


Overfull \hbox (224.73608pt too wide) in paragraph at lines 119--120
[][][][][][][][][][][][][][][][][][][][][][][][][][][][][] 
 []


Overfull \hbox (362.70752pt too wide) in paragraph at lines 120--121
[][][][][][][][][][][][][][][][][][][][][][][][][][][][][][][][][][][][][][][] 

 []


Overfull \hbox (342.99731pt too wide) in paragraph at lines 121--122
[][][][][][][][][][][][][][][][][][][][][][][][][][][][][][][][][][][][][][][][
][][][] 
 []


Overfull \hbox (211.59595pt too wide) in paragraph at lines 122--123
[][][][][][][][][][][][][][][][][][][][][][][][][][][][][][][][][][] 
 []


Overfull \hbox (277.29663pt too wide) in paragraph at lines 123--124
[][][][][][][][][][][][][][][][][][][][][][][][][][][][][] 
 []


Overfull \hbox (205.02588pt too wide) in paragraph at lines 124--125
[][][][][][][][][][][][][][][][][][][][][][][][][][][] 
 []


Overfull \hbox (93.33472pt too wide) in paragraph at lines 127--128
[][][][][][][][][][][][][][][][][][][][][][][] 
 []


Overfull \hbox (93.33472pt too wide) in paragraph at lines 139--140
[][][][][][][][][][][][][][][][][][][][][][][] 
 []

[7]
Overfull \hbox (93.33472pt too wide) in paragraph at lines 151--152
[][][][][][][][][][][][][][][][][][][][][][][] 
 []


Overfull \hbox (356.13745pt too wide) in paragraph at lines 164--167
[][][][] 
 []


Overfull \hbox (53.9143pt too wide) in paragraph at lines 167--168
[][][][][][][][][][][][][][][][][][][][][] 
 []


Overfull \hbox (14.4939pt too wide) in paragraph at lines 173--174
[][][][][][][][][][][][][][][][][][][][][][] 
 []


Overfull \hbox (185.31567pt too wide) in paragraph at lines 176--177
[][][][][][][][][][][][][][][][][][][][][][][][][][][] 
 []


Overfull \hbox (27.63403pt too wide) in paragraph at lines 182--183
[][][][][][][][][][][][][][][][][][][][][][][][] 
 []

[8]
Overfull \hbox (99.90479pt too wide) in paragraph at lines 189--191
[][][][][][][][][][][][][][][][][][][][][][][][] 
 []


Overfull \hbox (205.02588pt too wide) in paragraph at lines 197--199
[][][][][][][][][][][][][][][][][][][][][][][][][][] 
 []


Overfull \hbox (34.2041pt too wide) in paragraph at lines 213--214
[][][][][][][][][][][][][][][][][][][][][][][] 
 []

LaTeX Font Info:    Font shape `OMS/cmr/m/it' in size <10.95> not available
(Font)              Font shape `OMS/cmsy/m/n' tried instead on input line 223.
[9]
Overfull \hbox (218.16602pt too wide) in paragraph at lines 244--246
[][][][][][][][][][][][][][][][][][][][][][][][] 
 []


Overfull \hbox (172.17554pt too wide) in paragraph at lines 251--252
[][][][][][][][][][][][][][][][][][] 
 []


Overfull \hbox (211.59595pt too wide) in paragraph at lines 255--256
[][][][][][][][][][][][][][][][][][] 
 []


Overfull \hbox (21.06396pt too wide) in paragraph at lines 256--258
[][][][][][][][][][][][][][] 
 []


Overfull \hbox (191.88574pt too wide) in paragraph at lines 259--261
[][][][][][][][][][][][][][][][][][][][][][] 
 []


Overfull \hbox (172.17554pt too wide) in paragraph at lines 262--264
[][][][][][][][][][][][][][] 
 []


Overfull \hbox (145.89526pt too wide) in paragraph at lines 266--267
[][][][][][][][][][][][][][][][][][][][][] 
 []


Overfull \hbox (113.04492pt too wide) in paragraph at lines 269--271
[][][][][][][][][][][][][][][][][][][][][][][][][][][][][][][] 
 []


Overfull \hbox (310.14697pt too wide) in paragraph at lines 271--272
[][][][][][][][][][][][][][][][][][][][][][][][][][][][][][][][][][][][][][][][
] 
 []

[10]
Overfull \hbox (244.44629pt too wide) in paragraph at lines 280--281
[][][][][][][][][][][][][][][][][][][][][][][][][][][][][][][][][][][] 
 []


Overfull \hbox (270.72656pt too wide) in paragraph at lines 289--290
[][][][][][][][][][][][][][][][][][][][][][][][][][][][][][][][][][][][][][] 
 []

[11]
Overfull \hbox (205.02588pt too wide) in paragraph at lines 322--324
[][][][][][][][][][][][][][][][][][][][][][][][][][] 
 []


Overfull \hbox (34.2041pt too wide) in paragraph at lines 333--334
[][][][][][][][][][][][][][][][][][][][][] 
 []


Overfull \hbox (270.72656pt too wide) in paragraph at lines 345--347
[][][][][][][][][][][][][][][][][][][][][][][][][] 
 []


Overfull \hbox (264.1565pt too wide) in paragraph at lines 348--349
[][][][][][][][][][][][][][][][][][][] 
 []


Overfull \hbox (73.62451pt too wide) in paragraph at lines 349--351
[][][][][][][][][][][][][][][] 
 []


Overfull \hbox (303.5769pt too wide) in paragraph at lines 352--353
[][][][][][][][][][][][][][][][][][][][][][][] 
 []


Overfull \hbox (191.88574pt too wide) in paragraph at lines 353--355
[][][][][][][][][][][][][][][][][][][][][][][] 
 []


Overfull \hbox (881.74292pt too wide) in paragraph at lines 356--358
[][][][][][][][][][][][][][][][][][][][][][][][][][][][][][][][][][][][][][][][
][] 
 []


Overfull \hbox (231.30615pt too wide) in paragraph at lines 359--361
[][][][][][][][][][][][][][][][][][][][][][] 
 []

[12]
Overfull \hbox (60.48438pt too wide) in paragraph at lines 374--376
[][][][][][][][] 
 []


Overfull \hbox (251.01636pt too wide) in paragraph at lines 377--379
[][][][][][][][][][][][][][][] 
 []


Overfull \hbox (224.73608pt too wide) in paragraph at lines 380--381
[][][][][][][][][][][][][][][][][][][][][][] 
 []


Overfull \hbox (40.77417pt too wide) in paragraph at lines 390--392
[][][][][][][][][][][] 
 []


Overfull \hbox (237.87622pt too wide) in paragraph at lines 392--394
[][][][][][][][][][][][][][][][][][][][][][][][][][][][][][][][][] 
 []


Overfull \hbox (467.82861pt too wide) in paragraph at lines 394--395
[][][][][][][][][][][][][][][][][][][][][][][][][][][][][][][][][][][][][][][][
] 
 []


Overfull \hbox (402.12793pt too wide) in paragraph at lines 403--404
[][][][][][][][][][][][][][][][][][][][][][][][][][][][][][][][][][][] 
 []

[13]
Overfull \hbox (428.4082pt too wide) in paragraph at lines 412--413
[][][][][][][][][][][][][][][][][][][][][][][][][][][][][][][][][][][][][][] 
 []


Overfull \hbox (231.30615pt too wide) in paragraph at lines 437--439
[][][][][][][][][][][][][][][] 
 []


Overfull \hbox (93.33472pt too wide) in paragraph at lines 439--441
[][][][][][][][][][][][][][] 
 []


Overfull \hbox (316.71704pt too wide) in paragraph at lines 442--444
[][][][][][][][][][][][][][][][][][][][][][][] 
 []


Overfull \hbox (198.45581pt too wide) in paragraph at lines 445--448
[][][][][][][][][][][][][][][][][][][][][] 
 []


Overfull \hbox (310.14697pt too wide) in paragraph at lines 449--451
[][][][][][][][][][][][][][][][][][][][][][][][] 
 []

[14]
LaTeX Font Info:    Font shape `OML/cmr/m/it' in size <10.95> not available
(Font)              Font shape `OML/cmm/m/it' tried instead on input line 455.

Overfull \hbox (14.4939pt too wide) in paragraph at lines 462--463
[][][][][][][][][][][][][][][][][][][][][] 
 []


Overfull \hbox (152.46533pt too wide) in paragraph at lines 483--484
[][][][][][][][][][][][][][][][][][][][][][][][][] 
 []


Overfull \hbox (448.11841pt too wide) in paragraph at lines 485--486
[][][][][][][][][][][][][][][][][][][][][][][][][][][][][][] 
 []


Overfull \hbox (664.93066pt too wide) in paragraph at lines 486--487
[][][][][][][][][][][][][][][][][][][][][][][][][][][][][][][][][][] 
 []


Overfull \hbox (388.9878pt too wide) in paragraph at lines 487--488
[][][][][][][][][][][][][][][][][][][][][][][][][] 
 []


Overfull \hbox (428.4082pt too wide) in paragraph at lines 488--489
[][][][][][][][][][][][][][][][][][][] 
 []


Overfull \hbox (218.16602pt too wide) in paragraph at lines 489--490
[][][][][][][][][][][][][][][] 
 []


Overfull \hbox (316.71704pt too wide) in paragraph at lines 490--492
[][][][][][][][][][][][][][][][][][][][][][][][] 
 []

[15]
Overfull \hbox (211.59595pt too wide) in paragraph at lines 506--508
[][][][][][][][][][][][][][][][][][][][][][][][][][][][][][][][][] 
 []


Overfull \hbox (415.26807pt too wide) in paragraph at lines 508--509
[][][][][][][][][][][][][][][][][][][][][][][][][][][][][][][][][][][][][][][][
] 
 []


Overfull \hbox (349.56738pt too wide) in paragraph at lines 517--518
[][][][][][][][][][][][][][][][][][][][][][][][][][][][][][][][][][][] 
 []


Overfull \hbox (375.84766pt too wide) in paragraph at lines 526--527
[][][][][][][][][][][][][][][][][][][][][][][][][][][][][][][][][][][][][][] 
 []

[16]
Overfull \hbox (1.35376pt too wide) in paragraph at lines 550--551
[][][][][][][][][][][][][][][][][][][][][][][][][][][][][][][][][][] 
 []


Overfull \hbox (53.9143pt too wide) in paragraph at lines 558--559
[][][][][][][][][][][][][][][][][][][][][][][][][][][][][] 
 []

)
Overfull \hbox (35.29108pt too wide) in paragraph at lines 67--68
[]$\OT1/cmtt/m/n/10.95 https : / / github . com / richardghirst / PiBits / tree
 / master / ServoBlaster$ 
 []


Overfull \hbox (18.04501pt too wide) in paragraph at lines 69--70
[]$\OT1/cmtt/m/n/10.95 https : / / www . raspberrypi . org / forums / viewtopic
 . php ? f = 44&t = 54067$ 
 []


Overfull \hbox (8.04764pt too wide) in paragraph at lines 71--72
[]$\OT1/cmtt/m/n/10.95 http : / / www . instructables . com / id / Raspberry-[]
Pi-[]Ball-[]tracking/$ 
 []

[17] <1.png, id=64, 630.85687pt x 316.93407pt>
File: 1.png Graphic file (type png)
 <use 1.png>
Package pdftex.def Info: 1.png used on input line 77.
(pdftex.def)             Requested size: 315.42766pt x 158.46664pt.

<s1.jpg, id=65, 335.2525pt x 229.85875pt>
File: s1.jpg Graphic file (type jpg)
 <use s1.jpg>
Package pdftex.def Info: s1.jpg used on input line 82.
(pdftex.def)             Requested size: 167.62584pt x 114.92908pt.

<s2.jpg, id=66, 505.89pt x 296.10625pt>
File: s2.jpg Graphic file (type jpg)
 <use s2.jpg>
Package pdftex.def Info: s2.jpg used on input line 87.
(pdftex.def)             Requested size: 252.94437pt x 148.05275pt.

<2.png, id=67, 755.07094pt x 301.8778pt>
File: 2.png Graphic file (type png)
 <use 2.png>
Package pdftex.def Info: 2.png used on input line 92.
(pdftex.def)             Requested size: 377.53455pt x 150.93852pt.

Overfull \hbox (17.53455pt too wide) in paragraph at lines 92--94
 [][] 
 []

<s3.jpg, id=69, 439.6425pt x 249.93375pt>
File: s3.jpg Graphic file (type jpg)
 <use s3.jpg>
Package pdftex.def Info: s3.jpg used on input line 97.
(pdftex.def)             Requested size: 219.82071pt x 124.96657pt.

<3.png, id=70, 750.55406pt x 319.1925pt>
File: 3.png Graphic file (type png)
 <use 3.png>
Package pdftex.def Info: 3.png used on input line 102.
(pdftex.def)             Requested size: 375.27611pt x 159.59586pt.

Overfull \hbox (15.27611pt too wide) in paragraph at lines 102--104
 [][] 
 []


LaTeX Warning: `h' float specifier changed to `ht'.


LaTeX Warning: `h' float specifier changed to `ht'.


LaTeX Warning: `h' float specifier changed to `ht'.


LaTeX Warning: `h' float specifier changed to `ht'.

[18 <C:/Users/Admin/Desktop/New folder/1.png> <C:/Users/Admin/Desktop/New folde
r/s1.jpg>] [19 <C:/Users/Admin/Desktop/New folder/s2.jpg> <C:/Users/Admin/Deskt
op/New folder/2.png> <C:/Users/Admin/Desktop/New folder/s3.jpg>] [20 <C:/Users/
Admin/Desktop/New folder/3.png>]
("C:\Users\Admin\Desktop\New folder\Object  Tracking using a Pi-Cam interfaced 
on a Raspberry-Pi.aux") ) 
Here is how much of TeX's memory you used:
 3975 strings out of 493921
 59922 string characters out of 3147282
 158070 words of memory out of 3000000
 7255 multiletter control sequences out of 15000+200000
 9018 words of font info for 32 fonts, out of 3000000 for 9000
 841 hyphenation exceptions out of 8191
 42i,7n,43p,479b,1600s stack positions out of 5000i,500n,10000p,200000b,50000s
<C:/Program Files/MiKTeX 2.9/fonts/type1/public/amsfon
ts/cm/cmbx10.pfb><C:/Program Files/MiKTeX 2.9/fonts/type1/public/amsfonts/cm/cm
bx12.pfb><C:/Program Files/MiKTeX 2.9/fonts/type1/public/amsfonts/cm/cmmi10.pfb
><C:/Program Files/MiKTeX 2.9/fonts/type1/public/amsfonts/cm/cmr10.pfb><C:/Prog
ram Files/MiKTeX 2.9/fonts/type1/public/amsfonts/cm/cmr12.pfb><C:/Program Files
/MiKTeX 2.9/fonts/type1/public/amsfonts/cm/cmr17.pfb><C:/Program Files/MiKTeX 2
.9/fonts/type1/public/amsfonts/cm/cmsy10.pfb><C:/Program Files/MiKTeX 2.9/fonts
/type1/public/amsfonts/cm/cmti10.pfb><C:/Program Files/MiKTeX 2.9/fonts/type1/p
ublic/amsfonts/cm/cmtt10.pfb>
Output written on "Object  Tracking using a Pi-Cam interfaced on a Raspberry-Pi
.pdf" (20 pages, 643511 bytes).
PDF statistics:
 112 PDF objects out of 1000 (max. 8388607)
 0 named destinations out of 1000 (max. 500000)
 31 words of extra memory for PDF output out of 10000 (max. 10000000)

