This is pdfTeX, Version 3.14159265-2.6-1.40.16 (MiKTeX 2.9) (preloaded format=pdflatex 2016.5.25)  9 JUN 2016 02:23
entering extended mode
**"./How to make your own gimbal.tex"
("How to make your own gimbal.tex"
LaTeX2e <2015/10/01> patch level 2
Babel <3.9n> and hyphenation patterns for 69 languages loaded.
("C:\Program Files (x86)\MiKTeX 2.9\tex\latex\base\article.cls"
Document Class: article 2014/09/29 v1.4h Standard LaTeX document class
("C:\Program Files (x86)\MiKTeX 2.9\tex\latex\base\size11.clo"
File: size11.clo 2014/09/29 v1.4h Standard LaTeX file (size option)
)
\c@part=\count79
\c@section=\count80
\c@subsection=\count81
\c@subsubsection=\count82
\c@paragraph=\count83
\c@subparagraph=\count84
\c@figure=\count85
\c@table=\count86
\abovecaptionskip=\skip41
\belowcaptionskip=\skip42
\bibindent=\dimen102
)
("C:\Program Files (x86)\MiKTeX 2.9\tex\latex\graphics\graphicx.sty"
Package: graphicx 2014/10/28 v1.0g Enhanced LaTeX Graphics (DPC,SPQR)

("C:\Program Files (x86)\MiKTeX 2.9\tex\latex\graphics\keyval.sty"
Package: keyval 2014/10/28 v1.15 key=value parser (DPC)
\KV@toks@=\toks14
)
("C:\Program Files (x86)\MiKTeX 2.9\tex\latex\graphics\graphics.sty"
Package: graphics 2014/10/28 v1.0p Standard LaTeX Graphics (DPC,SPQR)

("C:\Program Files (x86)\MiKTeX 2.9\tex\latex\graphics\trig.sty"
Package: trig 1999/03/16 v1.09 sin cos tan (DPC)
)
("C:\Program Files (x86)\MiKTeX 2.9\tex\latex\00miktex\graphics.cfg"
File: graphics.cfg 2007/01/18 v1.5 graphics configuration of teTeX/TeXLive
)
Package graphics Info: Driver file: pdftex.def on input line 94.

("C:\Program Files (x86)\MiKTeX 2.9\tex\latex\pdftex-def\pdftex.def"
File: pdftex.def 2011/05/27 v0.06d Graphics/color for pdfTeX

("C:\Program Files (x86)\MiKTeX 2.9\tex\generic\oberdiek\infwarerr.sty"
Package: infwarerr 2010/04/08 v1.3 Providing info/warning/error messages (HO)
)
("C:\Program Files (x86)\MiKTeX 2.9\tex\generic\oberdiek\ltxcmds.sty"
Package: ltxcmds 2011/11/09 v1.22 LaTeX kernel commands for general use (HO)
)
\Gread@gobject=\count87
))
\Gin@req@height=\dimen103
\Gin@req@width=\dimen104
)
(C:\Users\raaz\AppData\Roaming\MiKTeX\2.9\tex\latex\caption\caption.sty
Package: caption 2016/02/21 v3.3-144 Customizing captions (AR)

(C:\Users\raaz\AppData\Roaming\MiKTeX\2.9\tex\latex\caption\caption3.sty
Package: caption3 2016/05/22 v1.7-166 caption3 kernel (AR)
Package caption3 Info: TeX engine: e-TeX on input line 67.
\captionmargin=\dimen105
\captionmargin@=\dimen106
\captionwidth=\dimen107
\caption@tempdima=\dimen108
\caption@indent=\dimen109
\caption@parindent=\dimen110
\caption@hangindent=\dimen111
)
\c@ContinuedFloat=\count88
)
(C:\Users\raaz\AppData\Roaming\MiKTeX\2.9\tex\latex\caption\subcaption.sty
Package: subcaption 2016/05/22 v1.1-161 Sub-captions (AR)
\c@subfigure=\count89
\c@subtable=\count90
)
(C:\Users\raaz\AppData\Roaming\MiKTeX\2.9\tex\latex\url\url.sty
\Urlmuskip=\muskip10
Package: url 2013/09/16  ver 3.4  Verb mode for urls, etc.
)
("How to make your own gimbal.aux")
\openout1 = `"How to make your own gimbal.aux"'.

LaTeX Font Info:    Checking defaults for OML/cmm/m/it on input line 19.
LaTeX Font Info:    ... okay on input line 19.
LaTeX Font Info:    Checking defaults for T1/cmr/m/n on input line 19.
LaTeX Font Info:    ... okay on input line 19.
LaTeX Font Info:    Checking defaults for OT1/cmr/m/n on input line 19.
LaTeX Font Info:    ... okay on input line 19.
LaTeX Font Info:    Checking defaults for OMS/cmsy/m/n on input line 19.
LaTeX Font Info:    ... okay on input line 19.
LaTeX Font Info:    Checking defaults for OMX/cmex/m/n on input line 19.
LaTeX Font Info:    ... okay on input line 19.
LaTeX Font Info:    Checking defaults for U/cmr/m/n on input line 19.
LaTeX Font Info:    ... okay on input line 19.

(C:\Users\raaz\AppData\Roaming\MiKTeX\2.9\tex\context\base\supp-pdf.mkii
[Loading MPS to PDF converter (version 2006.09.02).]
\scratchcounter=\count91
\scratchdimen=\dimen112
\scratchbox=\box26
\nofMPsegments=\count92
\nofMParguments=\count93
\everyMPshowfont=\toks15
\MPscratchCnt=\count94
\MPscratchDim=\dimen113
\MPnumerator=\count95
\makeMPintoPDFobject=\count96
\everyMPtoPDFconversion=\toks16
)
Package caption Info: Begin \AtBeginDocument code.
Package caption Info: End \AtBeginDocument code.
LaTeX Font Info:    External font `cmex10' loaded for size
(Font)              <12> on input line 20.
LaTeX Font Info:    External font `cmex10' loaded for size
(Font)              <8> on input line 20.
LaTeX Font Info:    External font `cmex10' loaded for size
(Font)              <6> on input line 20.
 [1

{C:/Users/raaz/AppData/Local/MiKTeX/2.9/pdftex/config/pdftex.map}]
("How to make your own gimbal.toc"
LaTeX Font Info:    External font `cmex10' loaded for size
(Font)              <10.95> on input line 6.
)
\tf@toc=\write3
\openout3 = `"How to make your own gimbal.toc"'.

 [2]
LaTeX Font Info:    Try loading font information for OMS+cmr on input line 28.

("C:\Program Files (x86)\MiKTeX 2.9\tex\latex\base\omscmr.fd"
File: omscmr.fd 2014/09/29 v2.5h Standard LaTeX font definitions
)
LaTeX Font Info:    Font shape `OMS/cmr/m/n' in size <10.95> not available
(Font)              Font shape `OMS/cmsy/m/n' tried instead on input line 28.
 [3]
Underfull \hbox (badness 10000) in paragraph at lines 58--61

 []


Underfull \hbox (badness 10000) in paragraph at lines 58--61

 []

<Aircraft_Movement.JPG, id=17, 298.86656pt x 206.27063pt>
File: Aircraft_Movement.JPG Graphic file (type jpg)

<use Aircraft_Movement.JPG>
Package pdftex.def Info: Aircraft_Movement.JPG used on input line 62.
(pdftex.def)             Requested size: 298.86581pt x 206.27011pt.
 [4 <./Aircraft_Movement.JPG>]
Missing character: There is no ‚ in font cmr10!
Missing character: There is no Ä in font cmr10!
Missing character: There is no ú in font cmr10!
Missing character: There is no ‚ in font cmr10!
Missing character: There is no Ä in font cmr10!
Missing character: There is no ù in font cmr10!

Underfull \hbox (badness 10000) in paragraph at lines 70--73

 []


Underfull \hbox (badness 10000) in paragraph at lines 70--73

 []

<3_Axis_Gimbal_Example.jpg, id=21, 752.8125pt x 752.8125pt>
File: 3_Axis_Gimbal_Example.jpg Graphic file (type jpg)

<use 3_Axis_Gimbal_Example.jpg>
Package pdftex.def Info: 3_Axis_Gimbal_Example.jpg used on input line 74.
(pdftex.def)             Requested size: 301.11966pt x 301.11966pt.
 [5 <./3_Axis_Gimbal_Example.jpg>]
Underfull \hbox (badness 10000) in paragraph at lines 84--91

 []


Underfull \hbox (badness 10000) in paragraph at lines 84--91

 []

<balancing_pitch_1.jpg, id=25, 115.632pt x 88.4103pt>
File: balancing_pitch_1.jpg Graphic file (type jpg)

<use balancing_pitch_1.jpg>
Package pdftex.def Info: balancing_pitch_1.jpg used on input line 92.
(pdftex.def)             Requested size: 208.13744pt x 159.13838pt.

<balancing_pitch_2.jpg, id=26, 109.6095pt x 71.5473pt>
File: balancing_pitch_2.jpg Graphic file (type jpg)

<use balancing_pitch_2.jpg>
Package pdftex.def Info: balancing_pitch_2.jpg used on input line 95.
(pdftex.def)             Requested size: 230.18pt x 150.24934pt.

Underfull \hbox (badness 10000) in paragraph at lines 100--104

 []

[6 <./balancing_pitch_1.jpg> <./balancing_pitch_2.jpg>]
<balancing_roll_1.jpg, id=30, 361.35pt x 292.84406pt>
File: balancing_roll_1.jpg Graphic file (type jpg)

<use balancing_roll_1.jpg>
Package pdftex.def Info: balancing_roll_1.jpg used on input line 105.
(pdftex.def)             Requested size: 252.94327pt x 204.98944pt.

<balancing_roll_2.jpg, id=31, 361.35pt x 292.84406pt>
File: balancing_roll_2.jpg Graphic file (type jpg)

<use balancing_roll_2.jpg>
Package pdftex.def Info: balancing_roll_2.jpg used on input line 108.
(pdftex.def)             Requested size: 252.94327pt x 204.98944pt.
 [7 <./balancing_roll_1.jpg> <./balancing_roll_2.jpg>]
Overfull \hbox (6.54764pt too wide) in paragraph at lines 121--122
[]$\OT1/cmtt/m/n/10.95 http : / / www . hobbyking . com / hobbyking / store / _
 _ 960 _ _501 _ _Multi _$
 []


Underfull \hbox (badness 10000) in paragraph at lines 126--128

 []

<lower_vibration_observing_mount.jpg, id=37, 639.23325pt x 480.44281pt>
File: lower_vibration_observing_mount.jpg Graphic file (type jpg)

<use lower_vibration_observing_mount.jpg>
Package pdftex.def Info: lower_vibration_observing_mount.jpg used on input line
 132.
(pdftex.def)             Requested size: 319.61583pt x 240.22081pt.

<upper_vibration_observing_mount.jpg, id=38, 639.23325pt x 480.44281pt>
File: upper_vibration_observing_mount.jpg Graphic file (type jpg)

<use upper_vibration_observing_mount.jpg>
Package pdftex.def Info: upper_vibration_observing_mount.jpg used on input line
 138.
(pdftex.def)             Requested size: 319.61583pt x 240.22081pt.
 [8 <./lower_vibration_observing_mount.jpg>] <Gimbal_Motor_Frame_1.jpg, id=42, 
639.23325pt x 480.44281pt>
File: Gimbal_Motor_Frame_1.jpg Graphic file (type jpg)

<use Gimbal_Motor_Frame_1.jpg>
Package pdftex.def Info: Gimbal_Motor_Frame_1.jpg used on input line 145.
(pdftex.def)             Requested size: 319.61583pt x 240.22081pt.

<Gimbal_Motor_Frame_2.jpg, id=43, 639.23325pt x 480.44281pt>
File: Gimbal_Motor_Frame_2.jpg Graphic file (type jpg)

<use Gimbal_Motor_Frame_2.jpg>
Package pdftex.def Info: Gimbal_Motor_Frame_2.jpg used on input line 153.
(pdftex.def)             Requested size: 319.61583pt x 240.22081pt.
 [9 <./upper_vibration_observing_mount.jpg> <./Gimbal_Motor_Frame_1.jpg>]
<Gimbal_Motor_Frame_3.jpg, id=47, 639.23325pt x 480.44281pt>
File: Gimbal_Motor_Frame_3.jpg Graphic file (type jpg)

<use Gimbal_Motor_Frame_3.jpg>
Package pdftex.def Info: Gimbal_Motor_Frame_3.jpg used on input line 161.
(pdftex.def)             Requested size: 319.61583pt x 240.22081pt.
 [10 <./Gimbal_Motor_Frame_2.jpg> <./Gimbal_Motor_Frame_3.jpg>] <Camera_Fixing_
Mount.jpg, id=51, 639.23325pt x 480.44281pt>
File: Camera_Fixing_Mount.jpg Graphic file (type jpg)

<use Camera_Fixing_Mount.jpg>
Package pdftex.def Info: Camera_Fixing_Mount.jpg used on input line 169.
(pdftex.def)             Requested size: 319.61583pt x 240.22081pt.

Underfull \hbox (badness 10000) in paragraph at lines 177--179

 []


Overfull \hbox (23.7937pt too wide) in paragraph at lines 184--189
$\OT1/cmtt/m/n/10.95 http : / / www . hobbyking . com / hobbyking / store / _ _
 42247 _ _Quanum _ 2208 _$
 []


Overfull \hbox (0.79895pt too wide) in paragraph at lines 184--189
$\OT1/cmtt/m/n/10.95 Precision _ Brushless _ Gimbal _ Motor _ GoPRO _ size _ 10
0 _ 200g _ .html$ 
 []

[11 <./Camera_Fixing_Mount.jpg>]
<Brushless_Gimbal_Motor.jpg, id=55, 567.11874pt x 415.5525pt>
File: Brushless_Gimbal_Motor.jpg Graphic file (type jpg)

<use Brushless_Gimbal_Motor.jpg>
Package pdftex.def Info: Brushless_Gimbal_Motor.jpg used on input line 203.
(pdftex.def)             Requested size: 170.13693pt x 124.6667pt.
 [12 <./Brushless_Gimbal_Motor.jpg>]
Overfull \hbox (6.54764pt too wide) in paragraph at lines 239--242
$\OT1/cmtt/m/n/10.95 http : / / www . hobbyking . com / hobbyking / store / _ _
 84191 _ _Storm _ 32 _$
 []

<Controller.jpg, id=59, 567.11874pt x 415.5525pt>
File: Controller.jpg Graphic file (type jpg)
 <use Controller.jpg>
Package pdftex.def Info: Controller.jpg used on input line 243.
(pdftex.def)             Requested size: 170.13693pt x 124.6667pt.

Overfull \hbox (14.29633pt too wide) in paragraph at lines 249--252
$\OT1/cmtt/m/n/10.95 http : / / www . amazon . com / DJI-[]Standard-[]Version-[
]Damping-[]Absorber /$
 []

[13 <./Controller.jpg>]
<Shock_Absorber_Balls.jpg, id=64, 356.33125pt x 356.33125pt>
File: Shock_Absorber_Balls.jpg Graphic file (type jpg)

<use Shock_Absorber_Balls.jpg>
Package pdftex.def Info: Shock_Absorber_Balls.jpg used on input line 253.
(pdftex.def)             Requested size: 178.16518pt x 178.16518pt.

<gimbal_making_phase_1.jpg, id=65, 630.355pt x 473.77pt>
File: gimbal_making_phase_1.jpg Graphic file (type jpg)

<use gimbal_making_phase_1.jpg>
Package pdftex.def Info: gimbal_making_phase_1.jpg used on input line 274.
(pdftex.def)             Requested size: 315.17673pt x 236.88441pt.
 [14 <./Shock_Absorber_Balls.jpg>]
<Final_Gimbal.jpg, id=69, 630.355pt x 473.77pt>
File: Final_Gimbal.jpg Graphic file (type jpg)
 <use Final_Gimbal.jpg>
Package pdftex.def Info: Final_Gimbal.jpg used on input line 281.
(pdftex.def)             Requested size: 315.17673pt x 236.88441pt.
 [15 <./gimbal_making_phase_1.jpg> <./Final_Gimbal.jpg>]
Overfull \hbox (101.02664pt too wide) in paragraph at lines 293--296
$\OT1/cmtt/m/n/10.95 http : / / robokits . co . in / quadrotors-[]hexarotors-[]
drones / fpv-[]video-[]telemetry-[]osd /$
 []


Overfull \hbox (22.54501pt too wide) in paragraph at lines 293--296
$\OT1/cmtt/m/n/10.95 dys-[]hdv-[]1-[]aerial-[]video-[]drone-[]action-[]camera-[
]gopro-[]replacement ?$
 []


Overfull \hbox (191.00565pt too wide) in paragraph at lines 293--296
$\OT1/cmtt/m/n/10.95 gclid = CjwKEAjw4dm6BRCQhtzl6Z6N4i0SJADFPu1nRx _ Fo9jfIlLy
kMuizjcP-[]umoKJ5WaOs01bwGvmfgNhoC66Hw _$
 []

<balancing_pitch_axis.jpg, id=73, 1028.34187pt x 578.16pt>
File: balancing_pitch_axis.jpg Graphic file (type jpg)

<use balancing_pitch_axis.jpg>
Package pdftex.def Info: balancing_pitch_axis.jpg used on input line 304.
(pdftex.def)             Requested size: 411.32947pt x 231.2599pt.

Overfull \hbox (51.32947pt too wide) in paragraph at lines 304--305
 [] 
 []

<balancing_roll_axis.jpg, id=74, 1028.34187pt x 578.16pt>
File: balancing_roll_axis.jpg Graphic file (type jpg)

<use balancing_roll_axis.jpg>
Package pdftex.def Info: balancing_roll_axis.jpg used on input line 310.
(pdftex.def)             Requested size: 411.32947pt x 231.2599pt.

Overfull \hbox (51.32947pt too wide) in paragraph at lines 310--311
 [] 
 []

[16 <./balancing_pitch_axis.jpg>]
<balancing_yaw_axis.jpg, id=78, 1028.34187pt x 578.16pt>
File: balancing_yaw_axis.jpg Graphic file (type jpg)

<use balancing_yaw_axis.jpg>
Package pdftex.def Info: balancing_yaw_axis.jpg used on input line 316.
(pdftex.def)             Requested size: 411.32947pt x 231.2599pt.

Overfull \hbox (51.32947pt too wide) in paragraph at lines 316--317
 [] 
 []


Overfull \hbox (6.54764pt too wide) in paragraph at lines 323--324
[]$\OT1/cmtt/m/n/10.95 http : / / www . hobbyking . com / hobbyking / store / _
 _ 964 _ _960 _ _Multi _$
 []

[17 <./balancing_roll_axis.jpg> <./balancing_yaw_axis.jpg>]
Overfull \hbox (376.21497pt too wide) in paragraph at lines 329--330
[]$\OT1/cmtt/m/n/10.95 http : / / g03 . a . alicdn . com / kf / HTB193EVHFXXXXX
TXVXXq6xXFXXXb / FPV-[]font-[]b-[]2-[]b-[]font-[]font-[]b-[]Axis-[]b-[]font-[]B
rushless-[]font-[]b-[]Gimbal-[]b .$
 []


Overfull \hbox (13.79633pt too wide) in paragraph at lines 330--331
[]$\OT1/cmtt/m/n/10.95 http : / / www . dronetrest . com / t / balancing-[]your
-[]brushless-[]gimbal /$
 []


Overfull \hbox (6.54764pt too wide) in paragraph at lines 332--333
[]$\OT1/cmtt/m/n/10.95 http : / / www . hobbyking . com / hobbyking / store / _
 _ 960 _ _501 _ _Multi _$
 []


Overfull \hbox (23.7937pt too wide) in paragraph at lines 333--334
[]$\OT1/cmtt/m/n/10.95 http : / / www . hobbyking . com / hobbyking / store / _
 _ 42247 _ _Quanum _ 2208 _$
 []


Overfull \hbox (0.79895pt too wide) in paragraph at lines 333--334
$\OT1/cmtt/m/n/10.95 Precision _ Brushless _ Gimbal _ Motor _ GoPRO _ size _ 10
0 _ 200g _ .html$ 
 []


Overfull \hbox (6.54764pt too wide) in paragraph at lines 334--335
[]$\OT1/cmtt/m/n/10.95 http : / / www . hobbyking . com / hobbyking / store / _
 _ 84191 _ _Storm _ 32 _$
 []


Overfull \hbox (101.02664pt too wide) in paragraph at lines 335--336
[]$\OT1/cmtt/m/n/10.95 http : / / robokits . co . in / quadrotors-[]hexarotors-
[]drones / fpv-[]video-[]telemetry-[]osd /$
 []


Overfull \hbox (22.54501pt too wide) in paragraph at lines 335--336
$\OT1/cmtt/m/n/10.95 dys-[]hdv-[]1-[]aerial-[]video-[]drone-[]action-[]camera-[
]gopro-[]replacement ?$
 []


Overfull \hbox (191.00565pt too wide) in paragraph at lines 335--336
$\OT1/cmtt/m/n/10.95 gclid = CjwKEAjw4dm6BRCQhtzl6Z6N4i0SJADFPu1nRx _ Fo9jfIlLy
kMuizjcP-[]umoKJ5WaOs01bwGvmfgNhoC66Hw _$
 []


Overfull \hbox (1.29895pt too wide) in paragraph at lines 336--337
[]$\OT1/cmtt/m/n/10.95 https : / / www . youtube . com / watch ? v = 80s-[]3GhD
2zk & feature = youtu .$
 []

[18] ("How to make your own gimbal.aux") ) 
Here is how much of TeX's memory you used:
 2445 strings out of 493634
 39199 string characters out of 3141317
 99580 words of memory out of 3000000
 5832 multiletter control sequences out of 15000+200000
 8979 words of font info for 32 fonts, out of 3000000 for 9000
 1025 hyphenation exceptions out of 8191
 36i,6n,38p,531b,248s stack positions out of 5000i,500n,10000p,200000b,50000s
<C:/Program Files (x86)/MiKTeX 2.9/fo
nts/type1/public/amsfonts/cm/cmbx10.pfb><C:/Program Files (x86)/MiKTeX 2.9/font
s/type1/public/amsfonts/cm/cmbx12.pfb><C:/Program Files (x86)/MiKTeX 2.9/fonts/
type1/public/amsfonts/cm/cmr10.pfb><C:/Program Files (x86)/MiKTeX 2.9/fonts/typ
e1/public/amsfonts/cm/cmr12.pfb><C:/Program Files (x86)/MiKTeX 2.9/fonts/type1/
public/amsfonts/cm/cmr17.pfb><C:/Program Files (x86)/MiKTeX 2.9/fonts/type1/pub
lic/amsfonts/cm/cmsy10.pfb><C:/Program Files (x86)/MiKTeX 2.9/fonts/type1/publi
c/amsfonts/cm/cmtt10.pfb>
Output written on "How to make your own gimbal.pdf" (18 pages, 1438037 bytes).
PDF statistics:
 108 PDF objects out of 1000 (max. 8388607)
 0 named destinations out of 1000 (max. 500000)
 101 words of extra memory for PDF output out of 10000 (max. 10000000)

