This is pdfTeX, Version 3.1415926-2.4-1.40.13 (MiKTeX 2.9 64-bit) (preloaded format=pdflatex 2016.5.25)  10 JUL 2016 15:50
entering extended mode
**Tutorial.tex

("E:\Object Tracking Camera Repository\Object-Tracking-Camera\Tutorials\2. Tuto
rial on CAMShift Algorithm and How to use it using OpenCV and Python for Object
 Tracking\Tutorial\Tutorial.tex"
LaTeX2e <2011/06/27>
Babel <v3.8m> and hyphenation patterns for english, afrikaans, ancientgreek, ar
abic, armenian, assamese, basque, bengali, bokmal, bulgarian, catalan, coptic, 
croatian, czech, danish, dutch, esperanto, estonian, farsi, finnish, french, ga
lician, german, german-x-2012-05-30, greek, gujarati, hindi, hungarian, iceland
ic, indonesian, interlingua, irish, italian, kannada, kurmanji, latin, latvian,
 lithuanian, malayalam, marathi, mongolian, mongolianlmc, monogreek, ngerman, n
german-x-2012-05-30, nynorsk, oriya, panjabi, pinyin, polish, portuguese, roman
ian, russian, sanskrit, serbian, slovak, slovenian, spanish, swedish, swissgerm
an, tamil, telugu, turkish, turkmen, ukenglish, ukrainian, uppersorbian, usengl
ishmax, welsh, loaded.
("C:\Program Files\MiKTeX 2.9\tex\latex\base\article.cls"
Document Class: article 2007/10/19 v1.4h Standard LaTeX document class
("C:\Program Files\MiKTeX 2.9\tex\latex\base\size11.clo"
File: size11.clo 2007/10/19 v1.4h Standard LaTeX file (size option)
)
\c@part=\count79
\c@section=\count80
\c@subsection=\count81
\c@subsubsection=\count82
\c@paragraph=\count83
\c@subparagraph=\count84
\c@figure=\count85
\c@table=\count86
\abovecaptionskip=\skip41
\belowcaptionskip=\skip42
\bibindent=\dimen102
)
("C:\Program Files\MiKTeX 2.9\tex\latex\graphics\graphicx.sty"
Package: graphicx 1999/02/16 v1.0f Enhanced LaTeX Graphics (DPC,SPQR)

("C:\Program Files\MiKTeX 2.9\tex\latex\graphics\keyval.sty"
Package: keyval 1999/03/16 v1.13 key=value parser (DPC)
\KV@toks@=\toks14
)
("C:\Program Files\MiKTeX 2.9\tex\latex\graphics\graphics.sty"
Package: graphics 2009/02/05 v1.0o Standard LaTeX Graphics (DPC,SPQR)

("C:\Program Files\MiKTeX 2.9\tex\latex\graphics\trig.sty"
Package: trig 1999/03/16 v1.09 sin cos tan (DPC)
)
("C:\Program Files\MiKTeX 2.9\tex\latex\00miktex\graphics.cfg"
File: graphics.cfg 2007/01/18 v1.5 graphics configuration of teTeX/TeXLive
)
Package graphics Info: Driver file: pdftex.def on input line 91.

("C:\Program Files\MiKTeX 2.9\tex\latex\pdftex-def\pdftex.def"
File: pdftex.def 2011/05/27 v0.06d Graphics/color for pdfTeX

("C:\Program Files\MiKTeX 2.9\tex\generic\oberdiek\infwarerr.sty"
Package: infwarerr 2010/04/08 v1.3 Providing info/warning/error messages (HO)
)
("C:\Program Files\MiKTeX 2.9\tex\generic\oberdiek\ltxcmds.sty"
Package: ltxcmds 2011/11/09 v1.22 LaTeX kernel commands for general use (HO)
)
\Gread@gobject=\count87
))
\Gin@req@height=\dimen103
\Gin@req@width=\dimen104
)
("C:\Program Files\MiKTeX 2.9\tex\latex\listings\listings.sty"
\lst@mode=\count88
\lst@gtempboxa=\box26
\lst@token=\toks15
\lst@length=\count89
\lst@currlwidth=\dimen105
\lst@column=\count90
\lst@pos=\count91
\lst@lostspace=\dimen106
\lst@width=\dimen107
\lst@newlines=\count92
\lst@lineno=\count93
\lst@maxwidth=\dimen108

("C:\Program Files\MiKTeX 2.9\tex\latex\listings\lstmisc.sty"
File: lstmisc.sty 2015/06/04 1.6 (Carsten Heinz)
\c@lstnumber=\count94
\lst@skipnumbers=\count95
\lst@framebox=\box27
)
("C:\Program Files\MiKTeX 2.9\tex\latex\listings\listings.cfg"
File: listings.cfg 2015/06/04 1.6 listings configuration
))
Package: listings 2015/06/04 1.6 (Carsten Heinz)

("C:\Program Files\MiKTeX 2.9\tex\latex\ltxmisc\url.sty"
\Urlmuskip=\muskip10
Package: url 2006/04/12  ver 3.3  Verb mode for urls, etc.
)
("C:\Program Files\MiKTeX 2.9\tex\latex\float\float.sty"
Package: float 2001/11/08 v1.3d Float enhancements (AL)
\c@float@type=\count96
\float@exts=\toks16
\float@box=\box28
\@float@everytoks=\toks17
\@floatcapt=\box29
)
("C:\Program Files\MiKTeX 2.9\tex\latex\caption\subcaption.sty"
Package: subcaption 2016/05/22 v1.1-161 Sub-captions (AR)

("C:\Program Files\MiKTeX 2.9\tex\latex\caption\caption.sty"
Package: caption 2016/02/21 v3.3-144 Customizing captions (AR)

("C:\Program Files\MiKTeX 2.9\tex\latex\caption\caption3.sty"
Package: caption3 2016/05/22 v1.7-166 caption3 kernel (AR)
Package caption3 Info: TeX engine: e-TeX on input line 67.
\captionmargin=\dimen109
\captionmargin@=\dimen110
\captionwidth=\dimen111
\caption@tempdima=\dimen112
\caption@indent=\dimen113
\caption@parindent=\dimen114
\caption@hangindent=\dimen115
)
\c@ContinuedFloat=\count97
Package caption Info: float package is loaded.
Package caption Info: listings package is loaded.
)
\c@subfigure=\count98
\c@subtable=\count99
)
("C:\Program Files\MiKTeX 2.9\tex\latex\hyperref\hyperref.sty"
Package: hyperref 2012/11/06 v6.83m Hypertext links for LaTeX

("C:\Program Files\MiKTeX 2.9\tex\generic\oberdiek\hobsub-hyperref.sty"
Package: hobsub-hyperref 2012/04/25 v1.12 Bundle oberdiek, subset hyperref (HO)


("C:\Program Files\MiKTeX 2.9\tex\generic\oberdiek\hobsub-generic.sty"
Package: hobsub-generic 2012/04/25 v1.12 Bundle oberdiek, subset generic (HO)
Package: hobsub 2012/04/25 v1.12 Construct package bundles (HO)
Package hobsub Info: Skipping package `infwarerr' (already loaded).
Package hobsub Info: Skipping package `ltxcmds' (already loaded).
Package: ifluatex 2010/03/01 v1.3 Provides the ifluatex switch (HO)
Package ifluatex Info: LuaTeX not detected.
Package: ifvtex 2010/03/01 v1.5 Detect VTeX and its facilities (HO)
Package ifvtex Info: VTeX not detected.
Package: intcalc 2007/09/27 v1.1 Expandable calculations with integers (HO)
Package: ifpdf 2011/01/30 v2.3 Provides the ifpdf switch (HO)
Package ifpdf Info: pdfTeX in PDF mode is detected.
Package: etexcmds 2011/02/16 v1.5 Avoid name clashes with e-TeX commands (HO)
Package etexcmds Info: Could not find \expanded.
(etexcmds)             That can mean that you are not using pdfTeX 1.50 or
(etexcmds)             that some package has redefined \expanded.
(etexcmds)             In the latter case, load this package earlier.
Package: kvsetkeys 2012/04/25 v1.16 Key value parser (HO)
Package: kvdefinekeys 2011/04/07 v1.3 Define keys (HO)
Package: pdftexcmds 2011/11/29 v0.20 Utility functions of pdfTeX for LuaTeX (HO
)
Package pdftexcmds Info: LuaTeX not detected.
Package pdftexcmds Info: \pdf@primitive is available.
Package pdftexcmds Info: \pdf@ifprimitive is available.
Package pdftexcmds Info: \pdfdraftmode found.
Package: pdfescape 2011/11/25 v1.13 Implements pdfTeX's escape features (HO)
Package: bigintcalc 2012/04/08 v1.3 Expandable calculations on big integers (HO
)
Package: bitset 2011/01/30 v1.1 Handle bit-vector datatype (HO)
Package: uniquecounter 2011/01/30 v1.2 Provide unlimited unique counter (HO)
)
Package hobsub Info: Skipping package `hobsub' (already loaded).
Package: letltxmacro 2010/09/02 v1.4 Let assignment for LaTeX macros (HO)
Package: hopatch 2011/06/24 v1.1 Wrapper for package hooks (HO)
Package: xcolor-patch 2011/01/30 xcolor patch
Package: atveryend 2011/06/30 v1.8 Hooks at the very end of document (HO)
Package atveryend Info: \enddocument detected (standard20110627).
Package: atbegshi 2011/10/05 v1.16 At begin shipout hook (HO)
Package: refcount 2011/10/16 v3.4 Data extraction from label references (HO)
Package: hycolor 2011/01/30 v1.7 Color options for hyperref/bookmark (HO)
)
("C:\Program Files\MiKTeX 2.9\tex\generic\ifxetex\ifxetex.sty"
Package: ifxetex 2010/09/12 v0.6 Provides ifxetex conditional
)
("C:\Program Files\MiKTeX 2.9\tex\latex\oberdiek\auxhook.sty"
Package: auxhook 2011/03/04 v1.3 Hooks for auxiliary files (HO)
)
("C:\Program Files\MiKTeX 2.9\tex\latex\oberdiek\kvoptions.sty"
Package: kvoptions 2011/06/30 v3.11 Key value format for package options (HO)
)
\@linkdim=\dimen116
\Hy@linkcounter=\count100
\Hy@pagecounter=\count101

("C:\Program Files\MiKTeX 2.9\tex\latex\hyperref\pd1enc.def"
File: pd1enc.def 2012/11/06 v6.83m Hyperref: PDFDocEncoding definition (HO)
)
\Hy@SavedSpaceFactor=\count102

("C:\Program Files\MiKTeX 2.9\tex\latex\00miktex\hyperref.cfg"
File: hyperref.cfg 2002/06/06 v1.2 hyperref configuration of TeXLive
)
Package hyperref Info: Hyper figures OFF on input line 4443.
Package hyperref Info: Link nesting OFF on input line 4448.
Package hyperref Info: Hyper index ON on input line 4451.
Package hyperref Info: Plain pages OFF on input line 4458.
Package hyperref Info: Backreferencing OFF on input line 4463.
Package hyperref Info: Implicit mode ON; LaTeX internals redefined.
Package hyperref Info: Bookmarks ON on input line 4688.
\c@Hy@tempcnt=\count103
LaTeX Info: Redefining \url on input line 5041.
\XeTeXLinkMargin=\dimen117
\Fld@menulength=\count104
\Field@Width=\dimen118
\Fld@charsize=\dimen119
Package hyperref Info: Hyper figures OFF on input line 6295.
Package hyperref Info: Link nesting OFF on input line 6300.
Package hyperref Info: Hyper index ON on input line 6303.
Package hyperref Info: backreferencing OFF on input line 6310.
Package hyperref Info: Link coloring OFF on input line 6315.
Package hyperref Info: Link coloring with OCG OFF on input line 6320.
Package hyperref Info: PDF/A mode OFF on input line 6325.
LaTeX Info: Redefining \ref on input line 6365.
LaTeX Info: Redefining \pageref on input line 6369.
\Hy@abspage=\count105
\c@Item=\count106
\c@Hfootnote=\count107
)

Package hyperref Message: Driver (autodetected): hpdftex.

("C:\Program Files\MiKTeX 2.9\tex\latex\hyperref\hpdftex.def"
File: hpdftex.def 2012/11/06 v6.83m Hyperref driver for pdfTeX
\Fld@listcount=\count108
\c@bookmark@seq@number=\count109

("C:\Program Files\MiKTeX 2.9\tex\latex\oberdiek\rerunfilecheck.sty"
Package: rerunfilecheck 2011/04/15 v1.7 Rerun checks for auxiliary files (HO)
Package uniquecounter Info: New unique counter `rerunfilecheck' on input line 2
82.
)
\Hy@SectionHShift=\skip43
)
("E:\Object Tracking Camera Repository\Object-Tracking-Camera\Tutorials\2. Tuto
rial on CAMShift Algorithm and How to use it using OpenCV and Python for Object
 Tracking\Tutorial\Tutorial.aux")
LaTeX Font Info:    Checking defaults for OML/cmm/m/it on input line 21.
LaTeX Font Info:    ... okay on input line 21.
LaTeX Font Info:    Checking defaults for T1/cmr/m/n on input line 21.
LaTeX Font Info:    ... okay on input line 21.
LaTeX Font Info:    Checking defaults for OT1/cmr/m/n on input line 21.
LaTeX Font Info:    ... okay on input line 21.
LaTeX Font Info:    Checking defaults for OMS/cmsy/m/n on input line 21.
LaTeX Font Info:    ... okay on input line 21.
LaTeX Font Info:    Checking defaults for OMX/cmex/m/n on input line 21.
LaTeX Font Info:    ... okay on input line 21.
LaTeX Font Info:    Checking defaults for U/cmr/m/n on input line 21.
LaTeX Font Info:    ... okay on input line 21.
LaTeX Font Info:    Checking defaults for PD1/pdf/m/n on input line 21.
LaTeX Font Info:    ... okay on input line 21.

("C:\Program Files\MiKTeX 2.9\tex\context\base\supp-pdf.mkii"
[Loading MPS to PDF converter (version 2006.09.02).]
\scratchcounter=\count110
\scratchdimen=\dimen120
\scratchbox=\box30
\nofMPsegments=\count111
\nofMParguments=\count112
\everyMPshowfont=\toks18
\MPscratchCnt=\count113
\MPscratchDim=\dimen121
\MPnumerator=\count114
\makeMPintoPDFobject=\count115
\everyMPtoPDFconversion=\toks19
)
\c@lstlisting=\count116
Package caption Info: Begin \AtBeginDocument code.
Package caption Info: hyperref package is loaded.
Package caption Info: End \AtBeginDocument code.
\AtBeginShipoutBox=\box31
Package hyperref Info: Link coloring OFF on input line 21.
 ("C:\Program Files\MiKTeX 2.9\tex\latex\hyperref\nameref.sty"
Package: nameref 2012/10/27 v2.43 Cross-referencing by name of section

("C:\Program Files\MiKTeX 2.9\tex\generic\oberdiek\gettitlestring.sty"
Package: gettitlestring 2010/12/03 v1.4 Cleanup title references (HO)
)
\c@section@level=\count117
)
LaTeX Info: Redefining \ref on input line 21.
LaTeX Info: Redefining \pageref on input line 21.
LaTeX Info: Redefining \nameref on input line 21.

("E:\Object Tracking Camera Repository\Object-Tracking-Camera\Tutorials\2. Tuto
rial on CAMShift Algorithm and How to use it using OpenCV and Python for Object
 Tracking\Tutorial\Tutorial.out")
("E:\Object Tracking Camera Repository\Object-Tracking-Camera\Tutorials\2. Tuto
rial on CAMShift Algorithm and How to use it using OpenCV and Python for Object
 Tracking\Tutorial\Tutorial.out")
\@outlinefile=\write3
LaTeX Font Info:    External font `cmex10' loaded for size
(Font)              <12> on input line 23.
LaTeX Font Info:    External font `cmex10' loaded for size
(Font)              <8> on input line 23.
LaTeX Font Info:    External font `cmex10' loaded for size
(Font)              <6> on input line 23.
 [1

{C:/Users/Admin/AppData/Local/MiKTeX/2.9/pdftex/config/pdftex.map}]
("E:\Object Tracking Camera Repository\Object-Tracking-Camera\Tutorials\2. Tuto
rial on CAMShift Algorithm and How to use it using OpenCV and Python for Object
 Tracking\Tutorial\Tutorial.toc"
LaTeX Font Info:    External font `cmex10' loaded for size
(Font)              <10.95> on input line 6.
)
\tf@toc=\write4
 [2]
LaTeX Font Info:    Try loading font information for OMS+cmr on input line 31.

("C:\Program Files\MiKTeX 2.9\tex\latex\base\omscmr.fd"
File: omscmr.fd 1999/05/25 v2.5h Standard LaTeX font definitions
)
LaTeX Font Info:    Font shape `OMS/cmr/m/n' in size <10.95> not available
(Font)              Font shape `OMS/cmsy/m/n' tried instead on input line 31.
 [3]
<../Images/meanshift.jpg, id=84, 451.6875pt x 337.26pt>
File: ../Images/meanshift.jpg Graphic file (type jpg)

<use ../Images/meanshift.jpg>
Package pdftex.def Info: ../Images/meanshift.jpg used on input line 59.
(pdftex.def)             Requested size: 225.84319pt x 168.62958pt.

Underfull \hbox (badness 10000) in paragraph at lines 61--61
[]\OT1/cmr/m/n/10.95 Figure 1: |Mean-shif Al-go-r-tithm (Cour-tesy: opencv-pyth
on-
 []

Missing character: There is no ‚ in font cmr10!
Missing character: There is no Ä in font cmr10!
Missing character: There is no ú in font cmr10!
Missing character: There is no ‚ in font cmr10!
Missing character: There is no Ä in font cmr10!
Missing character: There is no ù in font cmr10!
Missing character: There is no ‚ in font cmr10!
Missing character: There is no Ä in font cmr10!
Missing character: There is no ú in font cmr10!
Missing character: There is no ‚ in font cmr10!
Missing character: There is no Ä in font cmr10!
Missing character: There is no ù in font cmr10!
Missing character: There is no ‚ in font cmr10!
Missing character: There is no Ä in font cmr10!
Missing character: There is no ú in font cmr10!
Missing character: There is no ‚ in font cmr10!
Missing character: There is no Ä in font cmr10!
Missing character: There is no ù in font cmr10!
Missing character: There is no ‚ in font cmr10!
Missing character: There is no Ä in font cmr10!
Missing character: There is no ô in font cmr10!
Missing character: There is no ‚ in font cmr10!
Missing character: There is no Ä in font cmr10!
Missing character: There is no ô in font cmr10!
Missing character: There is no ‚ in font cmr10!
Missing character: There is no Ä in font cmr10!
Missing character: There is no ú in font cmr10!
Missing character: There is no ‚ in font cmr10!
Missing character: There is no Ä in font cmr10!
Missing character: There is no ù in font cmr10!
[4 <E:/Object Tracking Camera Repository/Object-Tracking-Camera/Tutorials/2. Tu
torial on CAMShift Algorithm and How to use it using OpenCV and Python for Obje
ct Tracking/Images/meanshift.jpg>]
<../Images/scale_estimation.JPG, id=90, 456.95718pt x 143.03438pt>
File: ../Images/scale_estimation.JPG Graphic file (type jpg)

<use ../Images/scale_estimation.JPG>
Package pdftex.def Info: ../Images/scale_estimation.JPG used on input line 70.
(pdftex.def)             Requested size: 228.47803pt x 71.517pt.

<../Images/msi.png, id=91, 135.50626pt x 144.54pt>
File: ../Images/msi.png Graphic file (type png)
 <use ../Images/msi.png>
Package pdftex.def Info: ../Images/msi.png used on input line 85.
(pdftex.def)             Requested size: 162.00497pt x 108.12021pt.

<../Images/ms2nd.png, id=93, 118.94438pt x 137.7647pt>
File: ../Images/ms2nd.png Graphic file (type png)

<use ../Images/ms2nd.png>
Package pdftex.def Info: ../Images/ms2nd.png used on input line 89.
(pdftex.def)             Requested size: 162.00722pt x 108.12448pt.

<../Images/ms3rd.png, id=94, 122.70844pt x 121.95563pt>
File: ../Images/ms3rd.png Graphic file (type png)

<use ../Images/ms3rd.png>
Package pdftex.def Info: ../Images/ms3rd.png used on input line 93.
(pdftex.def)             Requested size: 162.00371pt x 108.12144pt.

<../Images/msconverged.png, id=95, 134.75343pt x 143.03438pt>
File: ../Images/msconverged.png Graphic file (type png)

<use ../Images/msconverged.png>
Package pdftex.def Info: ../Images/msconverged.png used on input line 97.
(pdftex.def)             Requested size: 162.00145pt x 108.12231pt.

Overfull \hbox (2.43333pt too wide) in paragraph at lines 84--100
[]$[]$ $[]$
 []


Overfull \hbox (2.43333pt too wide) in paragraph at lines 84--100
$[]$ $[]$ 
 []


LaTeX Warning: `!h' float specifier changed to `!ht'.

<../Images/roiforellipse.png, id=96, 139.27031pt x 140.77594pt>
File: ../Images/roiforellipse.png Graphic file (type png)

<use ../Images/roiforellipse.png>
Package pdftex.def Info: ../Images/roiforellipse.png used on input line 106.
(pdftex.def)             Requested size: 162.00204pt x 108.12068pt.

<../Images/ellipsecomputation.png, id=97, 147.55125pt x 135.50626pt>
File: ../Images/ellipsecomputation.png Graphic file (type png)

<use ../Images/ellipsecomputation.png>
Package pdftex.def Info: ../Images/ellipsecomputation.png used on input line 11
0.
(pdftex.def)             Requested size: 162.00291pt x 108.12393pt.

<../Images/newmeanshiftaxis.png, id=98, 201.00093pt x 213.04594pt>
File: ../Images/newmeanshiftaxis.png Graphic file (type png)

<use ../Images/newmeanshiftaxis.png>
Package pdftex.def Info: ../Images/newmeanshiftaxis.png used on input line 114.

(pdftex.def)             Requested size: 161.99709pt x 108.1221pt.

<../Images/meanshiftagain.png, id=99, 134.00063pt x 139.27031pt>
File: ../Images/meanshiftagain.png Graphic file (type png)

<use ../Images/meanshiftagain.png>
Package pdftex.def Info: ../Images/meanshiftagain.png used on input line 118.
(pdftex.def)             Requested size: 161.9981pt x 108.1225pt.

Overfull \hbox (2.43333pt too wide) in paragraph at lines 105--121
[]$[]$ $[]$
 []


Overfull \hbox (2.43333pt too wide) in paragraph at lines 105--121
$[]$ $[]$ 
 []

[5 <E:/Object Tracking Camera Repository/Object-Tracking-Camera/Tutorials/2. Tu
torial on CAMShift Algorithm and How to use it using OpenCV and Python for Obje
ct Tracking/Images/scale_estimation.JPG>]

LaTeX Warning: `!h' float specifier changed to `!ht'.

<../Images/msec.png, id=105, 140.77594pt x 146.04562pt>
File: ../Images/msec.png Graphic file (type png)

<use ../Images/msec.png>
Package pdftex.def Info: ../Images/msec.png used on input line 127.
(pdftex.def)             Requested size: 108.00255pt x 85.36168pt.

<../Images/convergedellipse.png, id=106, 141.52875pt x 149.05687pt>
File: ../Images/convergedellipse.png Graphic file (type png)

<use ../Images/convergedellipse.png>
Package pdftex.def Info: ../Images/convergedellipse.png used on input line 131.

(pdftex.def)             Requested size: 108.00351pt x 85.35904pt.

Overfull \hbox (2.43333pt too wide) in paragraph at lines 126--134
[]$[]$ $[]$ 
 []


Underfull \hbox (badness 2142) in paragraph at lines 134--134
[]\OT1/cmr/m/n/10.95 Figure 5: |Con-verged el-lipse cal-cual-tion (Cour-tesy: o
pencv-python-
 []


LaTeX Warning: `!h' float specifier changed to `!ht'.

<../Images/result.png, id=107, 163.3603pt x 165.61874pt>
File: ../Images/result.png Graphic file (type png)

<use ../Images/result.png>
Package pdftex.def Info: ../Images/result.png used on input line 139.
(pdftex.def)             Requested size: 81.67995pt x 82.80916pt.

Underfull \hbox (badness 10000) in paragraph at lines 141--141
[]\OT1/cmr/m/n/10.95 Figure 6: |Re-sult-ing Camshift (Cour-tesy: opencv-python-

 []


LaTeX Warning: `!h' float specifier changed to `!ht'.

[6 <E:/Object Tracking Camera Repository/Object-Tracking-Camera/Tutorials/2. Tu
torial on CAMShift Algorithm and How to use it using OpenCV and Python for Obje
ct Tracking/Images/msi.png> <E:/Object Tracking Camera Repository/Object-Tracki
ng-Camera/Tutorials/2. Tutorial on CAMShift Algorithm and How to use it using O
penCV and Python for Object Tracking/Images/ms2nd.png> <E:/Object Tracking Came
ra Repository/Object-Tracking-Camera/Tutorials/2. Tutorial on CAMShift Algorith
m and How to use it using OpenCV and Python for Object Tracking/Images/ms3rd.pn
g> <E:/Object Tracking Camera Repository/Object-Tracking-Camera/Tutorials/2. Tu
torial on CAMShift Algorithm and How to use it using OpenCV and Python for Obje
ct Tracking/Images/msconverged.png>]

LaTeX Warning: Text page 7 contains only floats.


Overfull \vbox (2.217pt too high) has occurred while \output is active []

 [7 <E:/Object Tracking Camera Repository/Object-Tracking-Camera/Tutorials/2. T
utorial on CAMShift Algorithm and How to use it using OpenCV and Python for Obj
ect Tracking/Images/roiforellipse.png> <E:/Object Tracking Camera Repository/Ob
ject-Tracking-Camera/Tutorials/2. Tutorial on CAMShift Algorithm and How to use
 it using OpenCV and Python for Object Tracking/Images/ellipsecomputation.png> 
<E:/Object Tracking Camera Repository/Object-Tracking-Camera/Tutorials/2. Tutor
ial on CAMShift Algorithm and How to use it using OpenCV and Python for Object 
Tracking/Images/newmeanshiftaxis.png> <E:/Object Tracking Camera Repository/Obj
ect-Tracking-Camera/Tutorials/2. Tutorial on CAMShift Algorithm and How to use 
it using OpenCV and Python for Object Tracking/Images/meanshiftagain.png> <E:/O
bject Tracking Camera Repository/Object-Tracking-Camera/Tutorials/2. Tutorial o
n CAMShift Algorithm and How to use it using OpenCV and Python for Object Track
ing/Images/msec.png> <E:/Object Tracking Camera Repository/Object-Tracking-Came
ra/Tutorials/2. Tutorial on CAMShift Algorithm and How to use it using OpenCV a
nd Python for Object Tracking/Images/convergedellipse.png> <E:/Object Tracking 
Camera Repository/Object-Tracking-Camera/Tutorials/2. Tutorial on CAMShift Algo
rithm and How to use it using OpenCV and Python for Object Tracking/Images/resu
lt.png>]
Overfull \hbox (18.28899pt too wide) in paragraph at lines 148--149
[]\OT1/cmr/m/n/10.95 We get 2D his-togram of ROI us-ing in-built OpenCV func-ti
on cv2.calcHist(). 
 []

<../Images/roi_code.JPG, id=132, 487.8225pt x 176.91093pt>
File: ../Images/roi_code.JPG Graphic file (type jpg)

<use ../Images/roi_code.JPG>
Package pdftex.def Info: ../Images/roi_code.JPG used on input line 152.
(pdftex.def)             Requested size: 390.25853pt x 141.52893pt.

Overfull \hbox (30.25853pt too wide) in paragraph at lines 152--154
 [][] 
 []


Overfull \hbox (5.7305pt too wide) in paragraph at lines 158--159
[]\OT1/cmr/m/n/10.95 New bound-ing box, and min-i-mum area rect-an-gle is found
 us-ing OpenCV
 []

<../Images/frame_code.JPG, id=133, 385.44pt x 123.46124pt>
File: ../Images/frame_code.JPG Graphic file (type jpg)

<use ../Images/frame_code.JPG>
Package pdftex.def Info: ../Images/frame_code.JPG used on input line 161.
(pdftex.def)             Requested size: 308.35242pt x 98.7691pt.
 [8 <E:/Object Tracking Camera Repository/Object-Tracking-Camera/Tutorials/2. T
utorial on CAMShift Algorithm and How to use it using OpenCV and Python for Obj
ect Tracking/Images/roi_code.JPG>]
<../Images/drawing_code.JPG, id=139, 379.4175pt x 98.61844pt>
File: ../Images/drawing_code.JPG Graphic file (type jpg)

<use ../Images/drawing_code.JPG>
Package pdftex.def Info: ../Images/drawing_code.JPG used on input line 169.
(pdftex.def)             Requested size: 303.53441pt x 78.89484pt.

<../Images/Vid_ROI.png, id=141, 289.08pt x 226.59656pt>
File: ../Images/Vid_ROI.png Graphic file (type png)

<use ../Images/Vid_ROI.png>
Package pdftex.def Info: ../Images/Vid_ROI.png used on input line 187.
(pdftex.def)             Requested size: 317.98897pt x 249.25697pt.

<../Images/Vid_Det.png, id=142, 314.67563pt x 233.37187pt>
File: ../Images/Vid_Det.png Graphic file (type png)

<use ../Images/Vid_Det.png>
Package pdftex.def Info: ../Images/Vid_Det.png used on input line 192.
(pdftex.def)             Requested size: 346.14424pt x 256.70984pt.


LaTeX Warning: `!h' float specifier changed to `!ht'.


LaTeX Warning: `!h' float specifier changed to `!ht'.

[9 <E:/Object Tracking Camera Repository/Object-Tracking-Camera/Tutorials/2. Tu
torial on CAMShift Algorithm and How to use it using OpenCV and Python for Obje
ct Tracking/Images/frame_code.JPG> <E:/Object Tracking Camera Repository/Object
-Tracking-Camera/Tutorials/2. Tutorial on CAMShift Algorithm and How to use it 
using OpenCV and Python for Object Tracking/Images/drawing_code.JPG>]

LaTeX Warning: Text page 10 contains only floats.

[10 <E:/Object Tracking Camera Repository/Object-Tracking-Camera/Tutorials/2. T
utorial on CAMShift Algorithm and How to use it using OpenCV and Python for Obj
ect Tracking/Images/Vid_ROI.png> <E:/Object Tracking Camera Repository/Object-T
racking-Camera/Tutorials/2. Tutorial on CAMShift Algorithm and How to use it us
ing OpenCV and Python for Object Tracking/Images/Vid_Det.png>]
<../Images/Cam_ROI.png, id=155, 1028.34187pt x 578.16pt>
File: ../Images/Cam_ROI.png Graphic file (type png)

<use ../Images/Cam_ROI.png>
Package pdftex.def Info: ../Images/Cam_ROI.png used on input line 199.
(pdftex.def)             Requested size: 323.99217pt x 193.47527pt.

<../Images/Cam_Det.png, id=156, 1028.34187pt x 578.16pt>
File: ../Images/Cam_Det.png Graphic file (type png)

<use ../Images/Cam_Det.png>
Package pdftex.def Info: ../Images/Cam_Det.png used on input line 204.
(pdftex.def)             Requested size: 323.99217pt x 193.47527pt.
 [11 <E:/Object Tracking Camera Repository/Object-Tracking-Camera/Tutorials/2. 
Tutorial on CAMShift Algorithm and How to use it using OpenCV and Python for Ob
ject Tracking/Images/Cam_ROI.png> <E:/Object Tracking Camera Repository/Object-
Tracking-Camera/Tutorials/2. Tutorial on CAMShift Algorithm and How to use it u
sing OpenCV and Python for Object Tracking/Images/Cam_Det.png>]
Overfull \hbox (1.79895pt too wide) in paragraph at lines 212--213
[][]$\OT1/cmtt/m/n/10.95 http : / / opencv-[]python-[]tutroals . readthedocs . 
io / en / latest / py _$
 []


Overfull \hbox (6.54764pt too wide) in paragraph at lines 212--213
$\OT1/cmtt/m/n/10.95 tutorials / py _ video / py _ meanshift / py _ meanshift .
 html # meanshift$[] 
 []


Overfull \hbox (23.7937pt too wide) in paragraph at lines 213--214
[][]$\OT1/cmtt/m/n/10.95 http : / / www . bogotobogo . com / python / OpenCV _ 
Python / python _ opencv3 _$
 []


Overfull \hbox (152.76483pt too wide) in paragraph at lines 214--215
[][]$\OT1/cmtt/m/n/10.95 http : / / www . computervisiononline . com / blog / t
utorial-[]using-[]camshift-[]track-[]objects-[]video$[] 
 []


Overfull \hbox (18.54501pt too wide) in paragraph at lines 215--216
[][]$\OT1/cmtt/m/n/10.95 https : / / sites . google . com / a / ualberta . ca /
 jinxin-[]he / programming /$
 []


Overfull \hbox (240.49515pt too wide) in paragraph at lines 216--217
[][]$\OT1/cmtt/m/n/10.95 http : / / www . pyimagesearch . com / 2015 / 05 / 25 
/ basic-[]motion-[]detection-[]and-[]tracking-[]with-[]python-[]and-[]opencv/$[
] 
 []

Package atveryend Info: Empty hook `BeforeClearDocument' on input line 219.
[12]
Package atveryend Info: Empty hook `AfterLastShipout' on input line 219.

("E:\Object Tracking Camera Repository\Object-Tracking-Camera\Tutorials\2. Tuto
rial on CAMShift Algorithm and How to use it using OpenCV and Python for Object
 Tracking\Tutorial\Tutorial.aux")
Package atveryend Info: Executing hook `AtVeryEndDocument' on input line 219.
Package atveryend Info: Executing hook `AtEndAfterFileList' on input line 219.
Package rerunfilecheck Info: File `Tutorial.out' has not changed.
(rerunfilecheck)             Checksum: CCA547EF91DB66798A208E6A806FF671;746.
Package atveryend Info: Empty hook `AtVeryVeryEnd' on input line 219.
 ) 
Here is how much of TeX's memory you used:
 7435 strings out of 493921
 116488 string characters out of 3147282
 196892 words of memory out of 3000000
 10626 multiletter control sequences out of 15000+200000
 8979 words of font info for 32 fonts, out of 3000000 for 9000
 841 hyphenation exceptions out of 8191
 42i,8n,40p,774b,450s stack positions out of 5000i,500n,10000p,200000b,50000s
<C:/Program Files/MiKTeX 2.9/fonts/type1/public/amsfonts/cm/cmbx10.pfb><C:/Pr
ogram Files/MiKTeX 2.9/fonts/type1/public/amsfonts/cm/cmbx12.pfb><C:/Program Fi
les/MiKTeX 2.9/fonts/type1/public/amsfonts/cm/cmr10.pfb><C:/Program Files/MiKTe
X 2.9/fonts/type1/public/amsfonts/cm/cmr12.pfb><C:/Program Files/MiKTeX 2.9/fon
ts/type1/public/amsfonts/cm/cmr17.pfb><C:/Program Files/MiKTeX 2.9/fonts/type1/
public/amsfonts/cm/cmsy10.pfb><C:/Program Files/MiKTeX 2.9/fonts/type1/public/a
msfonts/cm/cmtt10.pfb>
Output written on Tutorial.pdf (12 pages, 2051114 bytes).
PDF statistics:
 217 PDF objects out of 1000 (max. 8388607)
 44 named destinations out of 1000 (max. 500000)
 197 words of extra memory for PDF output out of 10000 (max. 10000000)

