This is pdfTeX, Version 3.1415926-2.4-1.40.13 (MiKTeX 2.9 64-bit) (preloaded format=pdflatex 2016.5.25)  11 JUL 2016 12:07
entering extended mode
**Tutorial.tex

("E:\Object Tracking Camera Repository\Object-Tracking-Camera\Tutorials\4. Obje
ct Tracking (Based on ROI) and Re-recognizing the object if it escapes and come
s back into the frame\Latex code\Tutorial.tex"
LaTeX2e <2011/06/27>
Babel <v3.8m> and hyphenation patterns for english, afrikaans, ancientgreek, ar
abic, armenian, assamese, basque, bengali, bokmal, bulgarian, catalan, coptic, 
croatian, czech, danish, dutch, esperanto, estonian, farsi, finnish, french, ga
lician, german, german-x-2012-05-30, greek, gujarati, hindi, hungarian, iceland
ic, indonesian, interlingua, irish, italian, kannada, kurmanji, latin, latvian,
 lithuanian, malayalam, marathi, mongolian, mongolianlmc, monogreek, ngerman, n
german-x-2012-05-30, nynorsk, oriya, panjabi, pinyin, polish, portuguese, roman
ian, russian, sanskrit, serbian, slovak, slovenian, spanish, swedish, swissgerm
an, tamil, telugu, turkish, turkmen, ukenglish, ukrainian, uppersorbian, usengl
ishmax, welsh, loaded.
("C:\Program Files\MiKTeX 2.9\tex\latex\base\article.cls"
Document Class: article 2007/10/19 v1.4h Standard LaTeX document class
("C:\Program Files\MiKTeX 2.9\tex\latex\base\size11.clo"
File: size11.clo 2007/10/19 v1.4h Standard LaTeX file (size option)
)
\c@part=\count79
\c@section=\count80
\c@subsection=\count81
\c@subsubsection=\count82
\c@paragraph=\count83
\c@subparagraph=\count84
\c@figure=\count85
\c@table=\count86
\abovecaptionskip=\skip41
\belowcaptionskip=\skip42
\bibindent=\dimen102
)
("C:\Program Files\MiKTeX 2.9\tex\latex\graphics\graphicx.sty"
Package: graphicx 1999/02/16 v1.0f Enhanced LaTeX Graphics (DPC,SPQR)

("C:\Program Files\MiKTeX 2.9\tex\latex\graphics\keyval.sty"
Package: keyval 1999/03/16 v1.13 key=value parser (DPC)
\KV@toks@=\toks14
)
("C:\Program Files\MiKTeX 2.9\tex\latex\graphics\graphics.sty"
Package: graphics 2009/02/05 v1.0o Standard LaTeX Graphics (DPC,SPQR)

("C:\Program Files\MiKTeX 2.9\tex\latex\graphics\trig.sty"
Package: trig 1999/03/16 v1.09 sin cos tan (DPC)
)
("C:\Program Files\MiKTeX 2.9\tex\latex\00miktex\graphics.cfg"
File: graphics.cfg 2007/01/18 v1.5 graphics configuration of teTeX/TeXLive
)
Package graphics Info: Driver file: pdftex.def on input line 91.

("C:\Program Files\MiKTeX 2.9\tex\latex\pdftex-def\pdftex.def"
File: pdftex.def 2011/05/27 v0.06d Graphics/color for pdfTeX

("C:\Program Files\MiKTeX 2.9\tex\generic\oberdiek\infwarerr.sty"
Package: infwarerr 2010/04/08 v1.3 Providing info/warning/error messages (HO)
)
("C:\Program Files\MiKTeX 2.9\tex\generic\oberdiek\ltxcmds.sty"
Package: ltxcmds 2011/11/09 v1.22 LaTeX kernel commands for general use (HO)
)
\Gread@gobject=\count87
))
\Gin@req@height=\dimen103
\Gin@req@width=\dimen104
)
("C:\Program Files\MiKTeX 2.9\tex\latex\listings\listings.sty"
\lst@mode=\count88
\lst@gtempboxa=\box26
\lst@token=\toks15
\lst@length=\count89
\lst@currlwidth=\dimen105
\lst@column=\count90
\lst@pos=\count91
\lst@lostspace=\dimen106
\lst@width=\dimen107
\lst@newlines=\count92
\lst@lineno=\count93
\lst@maxwidth=\dimen108

("C:\Program Files\MiKTeX 2.9\tex\latex\listings\lstmisc.sty"
File: lstmisc.sty 2015/06/04 1.6 (Carsten Heinz)
\c@lstnumber=\count94
\lst@skipnumbers=\count95
\lst@framebox=\box27
)
("C:\Program Files\MiKTeX 2.9\tex\latex\listings\listings.cfg"
File: listings.cfg 2015/06/04 1.6 listings configuration
))
Package: listings 2015/06/04 1.6 (Carsten Heinz)

("C:\Program Files\MiKTeX 2.9\tex\latex\ltxmisc\url.sty"
\Urlmuskip=\muskip10
Package: url 2006/04/12  ver 3.3  Verb mode for urls, etc.
)
("C:\Program Files\MiKTeX 2.9\tex\latex\float\float.sty"
Package: float 2001/11/08 v1.3d Float enhancements (AL)
\c@float@type=\count96
\float@exts=\toks16
\float@box=\box28
\@float@everytoks=\toks17
\@floatcapt=\box29
)
("C:\Program Files\MiKTeX 2.9\tex\latex\caption\subcaption.sty"
Package: subcaption 2016/05/22 v1.1-161 Sub-captions (AR)

("C:\Program Files\MiKTeX 2.9\tex\latex\caption\caption.sty"
Package: caption 2016/02/21 v3.3-144 Customizing captions (AR)

("C:\Program Files\MiKTeX 2.9\tex\latex\caption\caption3.sty"
Package: caption3 2016/05/22 v1.7-166 caption3 kernel (AR)
Package caption3 Info: TeX engine: e-TeX on input line 67.
\captionmargin=\dimen109
\captionmargin@=\dimen110
\captionwidth=\dimen111
\caption@tempdima=\dimen112
\caption@indent=\dimen113
\caption@parindent=\dimen114
\caption@hangindent=\dimen115
)
\c@ContinuedFloat=\count97
Package caption Info: float package is loaded.
Package caption Info: listings package is loaded.
)
\c@subfigure=\count98
\c@subtable=\count99
)
("C:\Program Files\MiKTeX 2.9\tex\latex\hyperref\hyperref.sty"
Package: hyperref 2012/11/06 v6.83m Hypertext links for LaTeX

("C:\Program Files\MiKTeX 2.9\tex\generic\oberdiek\hobsub-hyperref.sty"
Package: hobsub-hyperref 2012/04/25 v1.12 Bundle oberdiek, subset hyperref (HO)


("C:\Program Files\MiKTeX 2.9\tex\generic\oberdiek\hobsub-generic.sty"
Package: hobsub-generic 2012/04/25 v1.12 Bundle oberdiek, subset generic (HO)
Package: hobsub 2012/04/25 v1.12 Construct package bundles (HO)
Package hobsub Info: Skipping package `infwarerr' (already loaded).
Package hobsub Info: Skipping package `ltxcmds' (already loaded).
Package: ifluatex 2010/03/01 v1.3 Provides the ifluatex switch (HO)
Package ifluatex Info: LuaTeX not detected.
Package: ifvtex 2010/03/01 v1.5 Detect VTeX and its facilities (HO)
Package ifvtex Info: VTeX not detected.
Package: intcalc 2007/09/27 v1.1 Expandable calculations with integers (HO)
Package: ifpdf 2011/01/30 v2.3 Provides the ifpdf switch (HO)
Package ifpdf Info: pdfTeX in PDF mode is detected.
Package: etexcmds 2011/02/16 v1.5 Avoid name clashes with e-TeX commands (HO)
Package etexcmds Info: Could not find \expanded.
(etexcmds)             That can mean that you are not using pdfTeX 1.50 or
(etexcmds)             that some package has redefined \expanded.
(etexcmds)             In the latter case, load this package earlier.
Package: kvsetkeys 2012/04/25 v1.16 Key value parser (HO)
Package: kvdefinekeys 2011/04/07 v1.3 Define keys (HO)
Package: pdftexcmds 2011/11/29 v0.20 Utility functions of pdfTeX for LuaTeX (HO
)
Package pdftexcmds Info: LuaTeX not detected.
Package pdftexcmds Info: \pdf@primitive is available.
Package pdftexcmds Info: \pdf@ifprimitive is available.
Package pdftexcmds Info: \pdfdraftmode found.
Package: pdfescape 2011/11/25 v1.13 Implements pdfTeX's escape features (HO)
Package: bigintcalc 2012/04/08 v1.3 Expandable calculations on big integers (HO
)
Package: bitset 2011/01/30 v1.1 Handle bit-vector datatype (HO)
Package: uniquecounter 2011/01/30 v1.2 Provide unlimited unique counter (HO)
)
Package hobsub Info: Skipping package `hobsub' (already loaded).
Package: letltxmacro 2010/09/02 v1.4 Let assignment for LaTeX macros (HO)
Package: hopatch 2011/06/24 v1.1 Wrapper for package hooks (HO)
Package: xcolor-patch 2011/01/30 xcolor patch
Package: atveryend 2011/06/30 v1.8 Hooks at the very end of document (HO)
Package atveryend Info: \enddocument detected (standard20110627).
Package: atbegshi 2011/10/05 v1.16 At begin shipout hook (HO)
Package: refcount 2011/10/16 v3.4 Data extraction from label references (HO)
Package: hycolor 2011/01/30 v1.7 Color options for hyperref/bookmark (HO)
)
("C:\Program Files\MiKTeX 2.9\tex\generic\ifxetex\ifxetex.sty"
Package: ifxetex 2010/09/12 v0.6 Provides ifxetex conditional
)
("C:\Program Files\MiKTeX 2.9\tex\latex\oberdiek\auxhook.sty"
Package: auxhook 2011/03/04 v1.3 Hooks for auxiliary files (HO)
)
("C:\Program Files\MiKTeX 2.9\tex\latex\oberdiek\kvoptions.sty"
Package: kvoptions 2011/06/30 v3.11 Key value format for package options (HO)
)
\@linkdim=\dimen116
\Hy@linkcounter=\count100
\Hy@pagecounter=\count101

("C:\Program Files\MiKTeX 2.9\tex\latex\hyperref\pd1enc.def"
File: pd1enc.def 2012/11/06 v6.83m Hyperref: PDFDocEncoding definition (HO)
)
\Hy@SavedSpaceFactor=\count102

("C:\Program Files\MiKTeX 2.9\tex\latex\00miktex\hyperref.cfg"
File: hyperref.cfg 2002/06/06 v1.2 hyperref configuration of TeXLive
)
Package hyperref Info: Hyper figures OFF on input line 4443.
Package hyperref Info: Link nesting OFF on input line 4448.
Package hyperref Info: Hyper index ON on input line 4451.
Package hyperref Info: Plain pages OFF on input line 4458.
Package hyperref Info: Backreferencing OFF on input line 4463.
Package hyperref Info: Implicit mode ON; LaTeX internals redefined.
Package hyperref Info: Bookmarks ON on input line 4688.
\c@Hy@tempcnt=\count103
LaTeX Info: Redefining \url on input line 5041.
\XeTeXLinkMargin=\dimen117
\Fld@menulength=\count104
\Field@Width=\dimen118
\Fld@charsize=\dimen119
Package hyperref Info: Hyper figures OFF on input line 6295.
Package hyperref Info: Link nesting OFF on input line 6300.
Package hyperref Info: Hyper index ON on input line 6303.
Package hyperref Info: backreferencing OFF on input line 6310.
Package hyperref Info: Link coloring OFF on input line 6315.
Package hyperref Info: Link coloring with OCG OFF on input line 6320.
Package hyperref Info: PDF/A mode OFF on input line 6325.
LaTeX Info: Redefining \ref on input line 6365.
LaTeX Info: Redefining \pageref on input line 6369.
\Hy@abspage=\count105
\c@Item=\count106
\c@Hfootnote=\count107
)

Package hyperref Message: Driver (autodetected): hpdftex.

("C:\Program Files\MiKTeX 2.9\tex\latex\hyperref\hpdftex.def"
File: hpdftex.def 2012/11/06 v6.83m Hyperref driver for pdfTeX
\Fld@listcount=\count108
\c@bookmark@seq@number=\count109

("C:\Program Files\MiKTeX 2.9\tex\latex\oberdiek\rerunfilecheck.sty"
Package: rerunfilecheck 2011/04/15 v1.7 Rerun checks for auxiliary files (HO)
Package uniquecounter Info: New unique counter `rerunfilecheck' on input line 2
82.
)
\Hy@SectionHShift=\skip43
)
("E:\Object Tracking Camera Repository\Object-Tracking-Camera\Tutorials\4. Obje
ct Tracking (Based on ROI) and Re-recognizing the object if it escapes and come
s back into the frame\Latex code\Tutorial.aux")
LaTeX Font Info:    Checking defaults for OML/cmm/m/it on input line 22.
LaTeX Font Info:    ... okay on input line 22.
LaTeX Font Info:    Checking defaults for T1/cmr/m/n on input line 22.
LaTeX Font Info:    ... okay on input line 22.
LaTeX Font Info:    Checking defaults for OT1/cmr/m/n on input line 22.
LaTeX Font Info:    ... okay on input line 22.
LaTeX Font Info:    Checking defaults for OMS/cmsy/m/n on input line 22.
LaTeX Font Info:    ... okay on input line 22.
LaTeX Font Info:    Checking defaults for OMX/cmex/m/n on input line 22.
LaTeX Font Info:    ... okay on input line 22.
LaTeX Font Info:    Checking defaults for U/cmr/m/n on input line 22.
LaTeX Font Info:    ... okay on input line 22.
LaTeX Font Info:    Checking defaults for PD1/pdf/m/n on input line 22.
LaTeX Font Info:    ... okay on input line 22.

("C:\Program Files\MiKTeX 2.9\tex\context\base\supp-pdf.mkii"
[Loading MPS to PDF converter (version 2006.09.02).]
\scratchcounter=\count110
\scratchdimen=\dimen120
\scratchbox=\box30
\nofMPsegments=\count111
\nofMParguments=\count112
\everyMPshowfont=\toks18
\MPscratchCnt=\count113
\MPscratchDim=\dimen121
\MPnumerator=\count114
\makeMPintoPDFobject=\count115
\everyMPtoPDFconversion=\toks19
)
\c@lstlisting=\count116
Package caption Info: Begin \AtBeginDocument code.
Package caption Info: hyperref package is loaded.
Package caption Info: End \AtBeginDocument code.
\AtBeginShipoutBox=\box31
Package hyperref Info: Link coloring OFF on input line 22.
 ("C:\Program Files\MiKTeX 2.9\tex\latex\hyperref\nameref.sty"
Package: nameref 2012/10/27 v2.43 Cross-referencing by name of section

("C:\Program Files\MiKTeX 2.9\tex\generic\oberdiek\gettitlestring.sty"
Package: gettitlestring 2010/12/03 v1.4 Cleanup title references (HO)
)
\c@section@level=\count117
)
LaTeX Info: Redefining \ref on input line 22.
LaTeX Info: Redefining \pageref on input line 22.
LaTeX Info: Redefining \nameref on input line 22.

("E:\Object Tracking Camera Repository\Object-Tracking-Camera\Tutorials\4. Obje
ct Tracking (Based on ROI) and Re-recognizing the object if it escapes and come
s back into the frame\Latex code\Tutorial.out")
("E:\Object Tracking Camera Repository\Object-Tracking-Camera\Tutorials\4. Obje
ct Tracking (Based on ROI) and Re-recognizing the object if it escapes and come
s back into the frame\Latex code\Tutorial.out")
\@outlinefile=\write3
LaTeX Font Info:    External font `cmex10' loaded for size
(Font)              <12> on input line 24.
LaTeX Font Info:    External font `cmex10' loaded for size
(Font)              <8> on input line 24.
LaTeX Font Info:    External font `cmex10' loaded for size
(Font)              <6> on input line 24.
 [1

{C:/Users/Admin/AppData/Local/MiKTeX/2.9/pdftex/config/pdftex.map}]
("E:\Object Tracking Camera Repository\Object-Tracking-Camera\Tutorials\4. Obje
ct Tracking (Based on ROI) and Re-recognizing the object if it escapes and come
s back into the frame\Latex code\Tutorial.toc")
\tf@toc=\write4
 [2]
LaTeX Font Info:    Try loading font information for OMS+cmr on input line 32.

("C:\Program Files\MiKTeX 2.9\tex\latex\base\omscmr.fd"
File: omscmr.fd 1999/05/25 v2.5h Standard LaTeX font definitions
)
LaTeX Font Info:    Font shape `OMS/cmr/m/n' in size <10.95> not available
(Font)              Font shape `OMS/cmsy/m/n' tried instead on input line 32.

<../Images/Image4.JPG, id=65, 584.1825pt x 199.49532pt>
File: ../Images/Image4.JPG Graphic file (type jpg)

<use ../Images/Image4.JPG>
Package pdftex.def Info: ../Images/Image4.JPG used on input line 55.
(pdftex.def)             Requested size: 408.92496pt x 139.64575pt.

Overfull \hbox (76.30002pt too wide) in paragraph at lines 55--56
 [] 
 []

[3] <../Images/giving_roi.JPG, id=71, 726.46407pt x 550.30594pt>
File: ../Images/giving_roi.JPG Graphic file (type jpg)

<use ../Images/giving_roi.JPG>
Package pdftex.def Info: ../Images/giving_roi.JPG used on input line 62.
(pdftex.def)             Requested size: 363.23114pt x 275.1523pt.

Overfull \hbox (30.6062pt too wide) in paragraph at lines 62--63
 [] 
 []

<../Images/tracking_object.JPG, id=72, 484.81125pt x 383.93437pt>
File: ../Images/tracking_object.JPG Graphic file (type jpg)

<use ../Images/tracking_object.JPG>
Package pdftex.def Info: ../Images/tracking_object.JPG used on input line 69.
(pdftex.def)             Requested size: 387.84952pt x 307.1479pt.

Overfull \hbox (55.22458pt too wide) in paragraph at lines 69--70
 [] 
 []

[4 <E:/Object Tracking Camera Repository/Object-Tracking-Camera/Tutorials/4. Ob
ject Tracking (Based on ROI) and Re-recognizing the object if it escapes and co
mes back into the frame/Images/Image4.JPG> <E:/Object Tracking Camera Repositor
y/Object-Tracking-Camera/Tutorials/4. Object Tracking (Based on ROI) and Re-rec
ognizing the object if it escapes and comes back into the frame/Images/giving_r
oi.JPG>] <../Images/roi_histogram_code.JPG, id=77, 498.36188pt x 97.86563pt>
File: ../Images/roi_histogram_code.JPG Graphic file (type jpg)

<use ../Images/roi_histogram_code.JPG>
Package pdftex.def Info: ../Images/roi_histogram_code.JPG used on input line 76
.
(pdftex.def)             Requested size: 448.52155pt x 88.07823pt.

Overfull \hbox (115.8966pt too wide) in paragraph at lines 76--77
 [] 
 []

[5 <E:/Object Tracking Camera Repository/Object-Tracking-Camera/Tutorials/4. Ob
ject Tracking (Based on ROI) and Re-recognizing the object if it escapes and co
mes back into the frame/Images/tracking_object.JPG> <E:/Object Tracking Camera 
Repository/Object-Tracking-Camera/Tutorials/4. Object Tracking (Based on ROI) a
nd Re-recognizing the object if it escapes and comes back into the frame/Images
/roi_histogram_code.JPG>]
<../Images/histogram_roi.JPG, id=82, 195.73125pt x 158.84344pt>
File: ../Images/histogram_roi.JPG Graphic file (type jpg)

<use ../Images/histogram_roi.JPG>
Package pdftex.def Info: ../Images/histogram_roi.JPG used on input line 82.
(pdftex.def)             Requested size: 195.73076pt x 158.84305pt.

<../Images/frame_elimination_code.JPG, id=83, 356.0803pt x 244.66406pt>
File: ../Images/frame_elimination_code.JPG Graphic file (type jpg)

<use ../Images/frame_elimination_code.JPG>
Package pdftex.def Info: ../Images/frame_elimination_code.JPG used on input lin
e 89.
(pdftex.def)             Requested size: 320.46931pt x 220.1956pt.

<../Images/eliminated_hsv_frame.JPG, id=84, 485.56406pt x 382.42876pt>
File: ../Images/eliminated_hsv_frame.JPG Graphic file (type jpg)

<use ../Images/eliminated_hsv_frame.JPG>
Package pdftex.def Info: ../Images/eliminated_hsv_frame.JPG used on input line 
95.
(pdftex.def)             Requested size: 388.45177pt x 305.9434pt.

Overfull \hbox (55.82683pt too wide) in paragraph at lines 95--96
 [] 
 []

[6 <E:/Object Tracking Camera Repository/Object-Tracking-Camera/Tutorials/4. Ob
ject Tracking (Based on ROI) and Re-recognizing the object if it escapes and co
mes back into the frame/Images/histogram_roi.JPG> <E:/Object Tracking Camera Re
pository/Object-Tracking-Camera/Tutorials/4. Object Tracking (Based on ROI) and
 Re-recognizing the object if it escapes and comes back into the frame/Images/f
rame_elimination_code.JPG>]
<../Images/frame_hist_code.JPG, id=89, 537.50812pt x 79.04532pt>
File: ../Images/frame_hist_code.JPG Graphic file (type jpg)

<use ../Images/frame_hist_code.JPG>
Package pdftex.def Info: ../Images/frame_hist_code.JPG used on input line 102.
(pdftex.def)             Requested size: 430.00708pt x 63.23631pt.

Overfull \hbox (97.38214pt too wide) in paragraph at lines 102--103
 [] 
 []

<../Images/frame_histogram.JPG, id=90, 195.73125pt x 156.585pt>
File: ../Images/frame_histogram.JPG Graphic file (type jpg)

<use ../Images/frame_histogram.JPG>
Package pdftex.def Info: ../Images/frame_histogram.JPG used on input line 108.
(pdftex.def)             Requested size: 156.58519pt x 125.26816pt.
 [7 <E:/Object Tracking Camera Repository/Object-Tracking-Camera/Tutorials/4. O
bject Tracking (Based on ROI) and Re-recognizing the object if it escapes and c
omes back into the frame/Images/eliminated_hsv_frame.JPG> <E:/Object Tracking C
amera Repository/Object-Tracking-Camera/Tutorials/4. Object Tracking (Based on 
ROI) and Re-recognizing the object if it escapes and comes back into the frame/
Images/frame_hist_code.JPG>]
<../Images/code_histogram_comparison.JPG, id=96, 568.37344pt x 246.1697pt>
File: ../Images/code_histogram_comparison.JPG Graphic file (type jpg)

<use ../Images/code_histogram_comparison.JPG>
Package pdftex.def Info: ../Images/code_histogram_comparison.JPG used on input 
line 115.
(pdftex.def)             Requested size: 454.69937pt x 196.936pt.

Overfull \hbox (122.07443pt too wide) in paragraph at lines 115--116
 [] 
 []

<../Images/camshift.JPG, id=97, 495.35063pt x 309.40594pt>
File: ../Images/camshift.JPG Graphic file (type jpg)

<use ../Images/camshift.JPG>
Package pdftex.def Info: ../Images/camshift.JPG used on input line 122.
(pdftex.def)             Requested size: 396.28105pt x 247.52509pt.

Overfull \hbox (63.65611pt too wide) in paragraph at lines 122--123
 [] 
 []

[8 <E:/Object Tracking Camera Repository/Object-Tracking-Camera/Tutorials/4. Ob
ject Tracking (Based on ROI) and Re-recognizing the object if it escapes and co
mes back into the frame/Images/frame_histogram.JPG> <E:/Object Tracking Camera 
Repository/Object-Tracking-Camera/Tutorials/4. Object Tracking (Based on ROI) a
nd Re-recognizing the object if it escapes and comes back into the frame/Images
/code_histogram_comparison.JPG>]
<../Images/back_projection.JPG, id=102, 642.4pt x 481.8pt>
File: ../Images/back_projection.JPG Graphic file (type jpg)

<use ../Images/back_projection.JPG>
Package pdftex.def Info: ../Images/back_projection.JPG used on input line 128.
(pdftex.def)             Requested size: 385.44298pt x 289.08221pt.

Overfull \hbox (52.81804pt too wide) in paragraph at lines 128--129
 [] 
 []

[9 <E:/Object Tracking Camera Repository/Object-Tracking-Camera/Tutorials/4. Ob
ject Tracking (Based on ROI) and Re-recognizing the object if it escapes and co
mes back into the frame/Images/camshift.JPG>]
<../Images/special_back_projection.JPG, id=107, 642.4pt x 481.8pt>
File: ../Images/special_back_projection.JPG Graphic file (type jpg)

<use ../Images/special_back_projection.JPG>
Package pdftex.def Info: ../Images/special_back_projection.JPG used on input li
ne 135.
(pdftex.def)             Requested size: 385.44298pt x 289.08221pt.

Overfull \hbox (52.81804pt too wide) in paragraph at lines 135--136
 [] 
 []

[10 <E:/Object Tracking Camera Repository/Object-Tracking-Camera/Tutorials/4. O
bject Tracking (Based on ROI) and Re-recognizing the object if it escapes and c
omes back into the frame/Images/back_projection.JPG>]
<../Images/redetection_back_projection.JPG, id=112, 579.66562pt x 164.86594pt>
File: ../Images/redetection_back_projection.JPG Graphic file (type jpg)

<use ../Images/redetection_back_projection.JPG>
Package pdftex.def Info: ../Images/redetection_back_projection.JPG used on inpu
t line 141.
(pdftex.def)             Requested size: 463.73312pt x 131.8929pt.

Overfull \hbox (131.10818pt too wide) in paragraph at lines 141--142
 [] 
 []

<../Images/redetection2.JPG, id=113, 578.91281pt x 496.10344pt>
File: ../Images/redetection2.JPG Graphic file (type jpg)

<use ../Images/redetection2.JPG>
Package pdftex.def Info: ../Images/redetection2.JPG used on input line 147.
(pdftex.def)             Requested size: 405.2362pt x 347.27003pt.

Overfull \hbox (72.61127pt too wide) in paragraph at lines 147--148
 [] 
 []

[11 <E:/Object Tracking Camera Repository/Object-Tracking-Camera/Tutorials/4. O
bject Tracking (Based on ROI) and Re-recognizing the object if it escapes and c
omes back into the frame/Images/special_back_projection.JPG> <E:/Object Trackin
g Camera Repository/Object-Tracking-Camera/Tutorials/4. Object Tracking (Based 
on ROI) and Re-recognizing the object if it escapes and comes back into the fra
me/Images/redetection_back_projection.JPG>]
<../Images/redetection3.JPG, id=118, 501.37312pt x 194.97844pt>
File: ../Images/redetection3.JPG Graphic file (type jpg)

<use ../Images/redetection3.JPG>
Package pdftex.def Info: ../Images/redetection3.JPG used on input line 153.
(pdftex.def)             Requested size: 401.09903pt x 155.98294pt.

Overfull \hbox (68.47409pt too wide) in paragraph at lines 153--154
 [] 
 []

[12 <E:/Object Tracking Camera Repository/Object-Tracking-Camera/Tutorials/4. O
bject Tracking (Based on ROI) and Re-recognizing the object if it escapes and c
omes back into the frame/Images/redetection2.JPG> <E:/Object Tracking Camera Re
pository/Object-Tracking-Camera/Tutorials/4. Object Tracking (Based on ROI) and
 Re-recognizing the object if it escapes and comes back into the frame/Images/r
edetection3.JPG>] <../Images/Image1.jpg, id=124, 485.56406pt x 383.18156pt>
File: ../Images/Image1.jpg Graphic file (type jpg)

<use ../Images/Image1.jpg>
Package pdftex.def Info: ../Images/Image1.jpg used on input line 168.
(pdftex.def)             Requested size: 388.45177pt x 306.54565pt.

Overfull \hbox (28.45177pt too wide) in paragraph at lines 168--169
 [] 
 []

<../Images/Image2.JPG, id=125, 484.81125pt x 384.6872pt>
File: ../Images/Image2.JPG Graphic file (type jpg)

<use ../Images/Image2.JPG>
Package pdftex.def Info: ../Images/Image2.JPG used on input line 174.
(pdftex.def)             Requested size: 387.84952pt x 307.75017pt.

Overfull \hbox (27.84952pt too wide) in paragraph at lines 174--175
 [] 
 []

[13 <E:/Object Tracking Camera Repository/Object-Tracking-Camera/Tutorials/4. O
bject Tracking (Based on ROI) and Re-recognizing the object if it escapes and c
omes back into the frame/Images/Image1.jpg>]
<../Images/Image3.JPG, id=131, 486.31688pt x 384.6872pt>
File: ../Images/Image3.JPG Graphic file (type jpg)

<use ../Images/Image3.JPG>
Package pdftex.def Info: ../Images/Image3.JPG used on input line 180.
(pdftex.def)             Requested size: 389.05403pt x 307.75017pt.

Overfull \hbox (29.05403pt too wide) in paragraph at lines 180--181
 [] 
 []

[14 <E:/Object Tracking Camera Repository/Object-Tracking-Camera/Tutorials/4. O
bject Tracking (Based on ROI) and Re-recognizing the object if it escapes and c
omes back into the frame/Images/Image2.JPG>]
<../Images/test.JPG, id=136, 504.38437pt x 401.24907pt>
File: ../Images/test.JPG Graphic file (type jpg)

<use ../Images/test.JPG>
Package pdftex.def Info: ../Images/test.JPG used on input line 187.
(pdftex.def)             Requested size: 403.50804pt x 320.99968pt.

Overfull \hbox (43.50804pt too wide) in paragraph at lines 187--188
 [] 
 []

[15 <E:/Object Tracking Camera Repository/Object-Tracking-Camera/Tutorials/4. O
bject Tracking (Based on ROI) and Re-recognizing the object if it escapes and c
omes back into the frame/Images/Image3.JPG>] [16 <E:/Object Tracking Camera Rep
ository/Object-Tracking-Camera/Tutorials/4. Object Tracking (Based on ROI) and 
Re-recognizing the object if it escapes and comes back into the frame/Images/te
st.JPG>]
LaTeX Font Info:    External font `cmex10' loaded for size
(Font)              <10.95> on input line 202.

Overfull \hbox (7.54764pt too wide) in paragraph at lines 202--203
[][]$\OT1/cmtt/m/n/10.95 https : / / opencv-[]python-[]tutroals . readthedocs .
 io / en / latest / py _$
 []


Overfull \hbox (18.54501pt too wide) in paragraph at lines 204--205
[][]$\OT1/cmtt/m/n/10.95 http : / / vgl-[]ait . org / mdailey / uploads / publi
cation _ file / filename /$
 []

Package atveryend Info: Empty hook `BeforeClearDocument' on input line 207.
[17]
Package atveryend Info: Empty hook `AfterLastShipout' on input line 207.

("E:\Object Tracking Camera Repository\Object-Tracking-Camera\Tutorials\4. Obje
ct Tracking (Based on ROI) and Re-recognizing the object if it escapes and come
s back into the frame\Latex code\Tutorial.aux")
Package atveryend Info: Executing hook `AtVeryEndDocument' on input line 207.
Package atveryend Info: Executing hook `AtEndAfterFileList' on input line 207.
Package rerunfilecheck Info: File `Tutorial.out' has not changed.
(rerunfilecheck)             Checksum: B28B18883466A254FF663AB4AA702B3C;447.
Package atveryend Info: Empty hook `AtVeryVeryEnd' on input line 207.
 ) 
Here is how much of TeX's memory you used:
 7404 strings out of 493921
 116568 string characters out of 3147282
 193929 words of memory out of 3000000
 10610 multiletter control sequences out of 15000+200000
 8672 words of font info for 31 fonts, out of 3000000 for 9000
 841 hyphenation exceptions out of 8191
 42i,6n,40p,612b,445s stack positions out of 5000i,500n,10000p,200000b,50000s
<C:/Program Files/MiKTeX 2.9/fonts/type1/public/amsfonts/cm/cmbx10.pfb><C:/Pr
ogram Files/MiKTeX 2.9/fonts/type1/public/amsfonts/cm/cmbx12.pfb><C:/Program Fi
les/MiKTeX 2.9/fonts/type1/public/amsfonts/cm/cmr10.pfb><C:/Program Files/MiKTe
X 2.9/fonts/type1/public/amsfonts/cm/cmr12.pfb><C:/Program Files/MiKTeX 2.9/fon
ts/type1/public/amsfonts/cm/cmr17.pfb><C:/Program Files/MiKTeX 2.9/fonts/type1/
public/amsfonts/cm/cmsy10.pfb><C:/Program Files/MiKTeX 2.9/fonts/type1/public/a
msfonts/cm/cmtt10.pfb>
Output written on Tutorial.pdf (17 pages, 904034 bytes).
PDF statistics:
 187 PDF objects out of 1000 (max. 8388607)
 30 named destinations out of 1000 (max. 500000)
 173 words of extra memory for PDF output out of 10000 (max. 10000000)

