This is pdfTeX, Version 3.1415926-2.4-1.40.13 (MiKTeX 2.9 64-bit) (preloaded format=pdflatex 2016.5.25)  10 JUL 2016 15:07
entering extended mode
**Interfacing*the*Camera*and*Gimbal*system*with*the*Raspberry-Pi.tex

("E:\Object Tracking Camera Repository\Object-Tracking-Camera\Tutorials\5. Inte
rfacing the Camera and Gimbal System with the Raspberry-Pi\Latex code\Interfaci
ng the Camera and Gimbal system with the Raspberry-Pi.tex"
LaTeX2e <2011/06/27>
Babel <v3.8m> and hyphenation patterns for english, afrikaans, ancientgreek, ar
abic, armenian, assamese, basque, bengali, bokmal, bulgarian, catalan, coptic, 
croatian, czech, danish, dutch, esperanto, estonian, farsi, finnish, french, ga
lician, german, german-x-2012-05-30, greek, gujarati, hindi, hungarian, iceland
ic, indonesian, interlingua, irish, italian, kannada, kurmanji, latin, latvian,
 lithuanian, malayalam, marathi, mongolian, mongolianlmc, monogreek, ngerman, n
german-x-2012-05-30, nynorsk, oriya, panjabi, pinyin, polish, portuguese, roman
ian, russian, sanskrit, serbian, slovak, slovenian, spanish, swedish, swissgerm
an, tamil, telugu, turkish, turkmen, ukenglish, ukrainian, uppersorbian, usengl
ishmax, welsh, loaded.
("C:\Program Files\MiKTeX 2.9\tex\latex\base\article.cls"
Document Class: article 2007/10/19 v1.4h Standard LaTeX document class
("C:\Program Files\MiKTeX 2.9\tex\latex\base\size11.clo"
File: size11.clo 2007/10/19 v1.4h Standard LaTeX file (size option)
)
\c@part=\count79
\c@section=\count80
\c@subsection=\count81
\c@subsubsection=\count82
\c@paragraph=\count83
\c@subparagraph=\count84
\c@figure=\count85
\c@table=\count86
\abovecaptionskip=\skip41
\belowcaptionskip=\skip42
\bibindent=\dimen102
)
("C:\Program Files\MiKTeX 2.9\tex\latex\graphics\graphicx.sty"
Package: graphicx 1999/02/16 v1.0f Enhanced LaTeX Graphics (DPC,SPQR)

("C:\Program Files\MiKTeX 2.9\tex\latex\graphics\keyval.sty"
Package: keyval 1999/03/16 v1.13 key=value parser (DPC)
\KV@toks@=\toks14
)
("C:\Program Files\MiKTeX 2.9\tex\latex\graphics\graphics.sty"
Package: graphics 2009/02/05 v1.0o Standard LaTeX Graphics (DPC,SPQR)

("C:\Program Files\MiKTeX 2.9\tex\latex\graphics\trig.sty"
Package: trig 1999/03/16 v1.09 sin cos tan (DPC)
)
("C:\Program Files\MiKTeX 2.9\tex\latex\00miktex\graphics.cfg"
File: graphics.cfg 2007/01/18 v1.5 graphics configuration of teTeX/TeXLive
)
Package graphics Info: Driver file: pdftex.def on input line 91.

("C:\Program Files\MiKTeX 2.9\tex\latex\pdftex-def\pdftex.def"
File: pdftex.def 2011/05/27 v0.06d Graphics/color for pdfTeX

("C:\Program Files\MiKTeX 2.9\tex\generic\oberdiek\infwarerr.sty"
Package: infwarerr 2010/04/08 v1.3 Providing info/warning/error messages (HO)
)
("C:\Program Files\MiKTeX 2.9\tex\generic\oberdiek\ltxcmds.sty"
Package: ltxcmds 2011/11/09 v1.22 LaTeX kernel commands for general use (HO)
)
\Gread@gobject=\count87
))
\Gin@req@height=\dimen103
\Gin@req@width=\dimen104
)
("C:\Program Files\MiKTeX 2.9\tex\latex\caption\caption.sty"
Package: caption 2016/02/21 v3.3-144 Customizing captions (AR)

("C:\Program Files\MiKTeX 2.9\tex\latex\caption\caption3.sty"
Package: caption3 2016/05/22 v1.7-166 caption3 kernel (AR)
Package caption3 Info: TeX engine: e-TeX on input line 67.
\captionmargin=\dimen105
\captionmargin@=\dimen106
\captionwidth=\dimen107
\caption@tempdima=\dimen108
\caption@indent=\dimen109
\caption@parindent=\dimen110
\caption@hangindent=\dimen111
)
\c@ContinuedFloat=\count88
)
("C:\Program Files\MiKTeX 2.9\tex\latex\caption\subcaption.sty"
Package: subcaption 2016/05/22 v1.1-161 Sub-captions (AR)
\c@subfigure=\count89
\c@subtable=\count90
)
("C:\Program Files\MiKTeX 2.9\tex\latex\ltxmisc\url.sty"
\Urlmuskip=\muskip10
Package: url 2006/04/12  ver 3.3  Verb mode for urls, etc.
)
("C:\Program Files\MiKTeX 2.9\tex\latex\hyperref\hyperref.sty"
Package: hyperref 2012/11/06 v6.83m Hypertext links for LaTeX

("C:\Program Files\MiKTeX 2.9\tex\generic\oberdiek\hobsub-hyperref.sty"
Package: hobsub-hyperref 2012/04/25 v1.12 Bundle oberdiek, subset hyperref (HO)


("C:\Program Files\MiKTeX 2.9\tex\generic\oberdiek\hobsub-generic.sty"
Package: hobsub-generic 2012/04/25 v1.12 Bundle oberdiek, subset generic (HO)
Package: hobsub 2012/04/25 v1.12 Construct package bundles (HO)
Package hobsub Info: Skipping package `infwarerr' (already loaded).
Package hobsub Info: Skipping package `ltxcmds' (already loaded).
Package: ifluatex 2010/03/01 v1.3 Provides the ifluatex switch (HO)
Package ifluatex Info: LuaTeX not detected.
Package: ifvtex 2010/03/01 v1.5 Detect VTeX and its facilities (HO)
Package ifvtex Info: VTeX not detected.
Package: intcalc 2007/09/27 v1.1 Expandable calculations with integers (HO)
Package: ifpdf 2011/01/30 v2.3 Provides the ifpdf switch (HO)
Package ifpdf Info: pdfTeX in PDF mode is detected.
Package: etexcmds 2011/02/16 v1.5 Avoid name clashes with e-TeX commands (HO)
Package etexcmds Info: Could not find \expanded.
(etexcmds)             That can mean that you are not using pdfTeX 1.50 or
(etexcmds)             that some package has redefined \expanded.
(etexcmds)             In the latter case, load this package earlier.
Package: kvsetkeys 2012/04/25 v1.16 Key value parser (HO)
Package: kvdefinekeys 2011/04/07 v1.3 Define keys (HO)
Package: pdftexcmds 2011/11/29 v0.20 Utility functions of pdfTeX for LuaTeX (HO
)
Package pdftexcmds Info: LuaTeX not detected.
Package pdftexcmds Info: \pdf@primitive is available.
Package pdftexcmds Info: \pdf@ifprimitive is available.
Package pdftexcmds Info: \pdfdraftmode found.
Package: pdfescape 2011/11/25 v1.13 Implements pdfTeX's escape features (HO)
Package: bigintcalc 2012/04/08 v1.3 Expandable calculations on big integers (HO
)
Package: bitset 2011/01/30 v1.1 Handle bit-vector datatype (HO)
Package: uniquecounter 2011/01/30 v1.2 Provide unlimited unique counter (HO)
)
Package hobsub Info: Skipping package `hobsub' (already loaded).
Package: letltxmacro 2010/09/02 v1.4 Let assignment for LaTeX macros (HO)
Package: hopatch 2011/06/24 v1.1 Wrapper for package hooks (HO)
Package: xcolor-patch 2011/01/30 xcolor patch
Package: atveryend 2011/06/30 v1.8 Hooks at the very end of document (HO)
Package atveryend Info: \enddocument detected (standard20110627).
Package: atbegshi 2011/10/05 v1.16 At begin shipout hook (HO)
Package: refcount 2011/10/16 v3.4 Data extraction from label references (HO)
Package: hycolor 2011/01/30 v1.7 Color options for hyperref/bookmark (HO)
)
("C:\Program Files\MiKTeX 2.9\tex\generic\ifxetex\ifxetex.sty"
Package: ifxetex 2010/09/12 v0.6 Provides ifxetex conditional
)
("C:\Program Files\MiKTeX 2.9\tex\latex\oberdiek\auxhook.sty"
Package: auxhook 2011/03/04 v1.3 Hooks for auxiliary files (HO)
)
("C:\Program Files\MiKTeX 2.9\tex\latex\oberdiek\kvoptions.sty"
Package: kvoptions 2011/06/30 v3.11 Key value format for package options (HO)
)
\@linkdim=\dimen112
\Hy@linkcounter=\count91
\Hy@pagecounter=\count92

("C:\Program Files\MiKTeX 2.9\tex\latex\hyperref\pd1enc.def"
File: pd1enc.def 2012/11/06 v6.83m Hyperref: PDFDocEncoding definition (HO)
)
\Hy@SavedSpaceFactor=\count93

("C:\Program Files\MiKTeX 2.9\tex\latex\00miktex\hyperref.cfg"
File: hyperref.cfg 2002/06/06 v1.2 hyperref configuration of TeXLive
)
Package hyperref Info: Hyper figures OFF on input line 4443.
Package hyperref Info: Link nesting OFF on input line 4448.
Package hyperref Info: Hyper index ON on input line 4451.
Package hyperref Info: Plain pages OFF on input line 4458.
Package hyperref Info: Backreferencing OFF on input line 4463.
Package hyperref Info: Implicit mode ON; LaTeX internals redefined.
Package hyperref Info: Bookmarks ON on input line 4688.
\c@Hy@tempcnt=\count94
LaTeX Info: Redefining \url on input line 5041.
\XeTeXLinkMargin=\dimen113
\Fld@menulength=\count95
\Field@Width=\dimen114
\Fld@charsize=\dimen115
Package hyperref Info: Hyper figures OFF on input line 6295.
Package hyperref Info: Link nesting OFF on input line 6300.
Package hyperref Info: Hyper index ON on input line 6303.
Package hyperref Info: backreferencing OFF on input line 6310.
Package hyperref Info: Link coloring OFF on input line 6315.
Package hyperref Info: Link coloring with OCG OFF on input line 6320.
Package hyperref Info: PDF/A mode OFF on input line 6325.
LaTeX Info: Redefining \ref on input line 6365.
LaTeX Info: Redefining \pageref on input line 6369.
\Hy@abspage=\count96
\c@Item=\count97
\c@Hfootnote=\count98
)

Package hyperref Message: Driver (autodetected): hpdftex.

("C:\Program Files\MiKTeX 2.9\tex\latex\hyperref\hpdftex.def"
File: hpdftex.def 2012/11/06 v6.83m Hyperref driver for pdfTeX
\Fld@listcount=\count99
\c@bookmark@seq@number=\count100

("C:\Program Files\MiKTeX 2.9\tex\latex\oberdiek\rerunfilecheck.sty"
Package: rerunfilecheck 2011/04/15 v1.7 Rerun checks for auxiliary files (HO)
Package uniquecounter Info: New unique counter `rerunfilecheck' on input line 2
82.
)
\Hy@SectionHShift=\skip43
)
("E:\Object Tracking Camera Repository\Object-Tracking-Camera\Tutorials\5. Inte
rfacing the Camera and Gimbal System with the Raspberry-Pi\Latex code\Interfaci
ng the Camera and Gimbal system with the Raspberry-Pi.aux")
LaTeX Font Info:    Checking defaults for OML/cmm/m/it on input line 21.
LaTeX Font Info:    ... okay on input line 21.
LaTeX Font Info:    Checking defaults for T1/cmr/m/n on input line 21.
LaTeX Font Info:    ... okay on input line 21.
LaTeX Font Info:    Checking defaults for OT1/cmr/m/n on input line 21.
LaTeX Font Info:    ... okay on input line 21.
LaTeX Font Info:    Checking defaults for OMS/cmsy/m/n on input line 21.
LaTeX Font Info:    ... okay on input line 21.
LaTeX Font Info:    Checking defaults for OMX/cmex/m/n on input line 21.
LaTeX Font Info:    ... okay on input line 21.
LaTeX Font Info:    Checking defaults for U/cmr/m/n on input line 21.
LaTeX Font Info:    ... okay on input line 21.
LaTeX Font Info:    Checking defaults for PD1/pdf/m/n on input line 21.
LaTeX Font Info:    ... okay on input line 21.

("C:\Program Files\MiKTeX 2.9\tex\context\base\supp-pdf.mkii"
[Loading MPS to PDF converter (version 2006.09.02).]
\scratchcounter=\count101
\scratchdimen=\dimen116
\scratchbox=\box26
\nofMPsegments=\count102
\nofMParguments=\count103
\everyMPshowfont=\toks15
\MPscratchCnt=\count104
\MPscratchDim=\dimen117
\MPnumerator=\count105
\makeMPintoPDFobject=\count106
\everyMPtoPDFconversion=\toks16
)
Package caption Info: Begin \AtBeginDocument code.
Package caption Info: hyperref package is loaded.
Package caption Info: End \AtBeginDocument code.
\AtBeginShipoutBox=\box27
Package hyperref Info: Link coloring OFF on input line 21.
 ("C:\Program Files\MiKTeX 2.9\tex\latex\hyperref\nameref.sty"
Package: nameref 2012/10/27 v2.43 Cross-referencing by name of section

("C:\Program Files\MiKTeX 2.9\tex\generic\oberdiek\gettitlestring.sty"
Package: gettitlestring 2010/12/03 v1.4 Cleanup title references (HO)
)
\c@section@level=\count107
)
LaTeX Info: Redefining \ref on input line 21.
LaTeX Info: Redefining \pageref on input line 21.
LaTeX Info: Redefining \nameref on input line 21.

("E:\Object Tracking Camera Repository\Object-Tracking-Camera\Tutorials\5. Inte
rfacing the Camera and Gimbal System with the Raspberry-Pi\Latex code\Interfaci
ng the Camera and Gimbal system with the Raspberry-Pi.out")
("E:\Object Tracking Camera Repository\Object-Tracking-Camera\Tutorials\5. Inte
rfacing the Camera and Gimbal System with the Raspberry-Pi\Latex code\Interfaci
ng the Camera and Gimbal system with the Raspberry-Pi.out")
\@outlinefile=\write3
LaTeX Font Info:    External font `cmex10' loaded for size
(Font)              <12> on input line 23.
LaTeX Font Info:    External font `cmex10' loaded for size
(Font)              <8> on input line 23.
LaTeX Font Info:    External font `cmex10' loaded for size
(Font)              <6> on input line 23.
 [1

{C:/Users/Admin/AppData/Local/MiKTeX/2.9/pdftex/config/pdftex.map}]
("E:\Object Tracking Camera Repository\Object-Tracking-Camera\Tutorials\5. Inte
rfacing the Camera and Gimbal System with the Raspberry-Pi\Latex code\Interfaci
ng the Camera and Gimbal system with the Raspberry-Pi.toc"
LaTeX Font Info:    External font `cmex10' loaded for size
(Font)              <10.95> on input line 6.
)
\tf@toc=\write4
 [2]
LaTeX Font Info:    Try loading font information for OMS+cmr on input line 30.

("C:\Program Files\MiKTeX 2.9\tex\latex\base\omscmr.fd"
File: omscmr.fd 1999/05/25 v2.5h Standard LaTeX font definitions
)
LaTeX Font Info:    Font shape `OMS/cmr/m/n' in size <10.95> not available
(Font)              Font shape `OMS/cmsy/m/n' tried instead on input line 30.
 [3]
<../Images/cmd.png, id=78, 261.22594pt x 18.0675pt>
File: ../Images/cmd.png Graphic file (type png)
 <use ../Images/cmd.png>
Package pdftex.def Info: ../Images/cmd.png used on input line 60.
(pdftex.def)             Requested size: 156.73676pt x 10.84058pt.

<../Images/enablecam.png, id=79, 492.33937pt x 288.3272pt>
File: ../Images/enablecam.png Graphic file (type png)

<use ../Images/enablecam.png>
Package pdftex.def Info: ../Images/enablecam.png used on input line 63.
(pdftex.def)             Requested size: 295.40588pt x 172.99763pt.

<../Images/servo.jpg, id=80, 293.095pt x 173.64874pt>
File: ../Images/servo.jpg Graphic file (type jpg)

<use ../Images/servo.jpg>
Package pdftex.def Info: ../Images/servo.jpg used on input line 70.
(pdftex.def)             Requested size: 146.54713pt x 86.82416pt.
 [4 <E:/Object Tracking Camera Repository/Object-Tracking-Camera/Tutorials/5. I
nterfacing the Camera and Gimbal System with the Raspberry-Pi/Images/cmd.png> <
E:/Object Tracking Camera Repository/Object-Tracking-Camera/Tutorials/5. Interf
acing the Camera and Gimbal System with the Raspberry-Pi/Images/enablecam.png>]

<../Images/gpio.jpg, id=85, 255.95625pt x 289.83281pt>
File: ../Images/gpio.jpg Graphic file (type jpg)

<use ../Images/gpio.jpg>
Package pdftex.def Info: ../Images/gpio.jpg used on input line 74.
(pdftex.def)             Requested size: 153.57492pt x 173.90102pt.

<../Images/frame.jpg, id=86, 345.54094pt x 343.2825pt>
File: ../Images/frame.jpg Graphic file (type jpg)

<use ../Images/frame.jpg>
Package pdftex.def Info: ../Images/frame.jpg used on input line 78.
(pdftex.def)             Requested size: 207.32616pt x 205.97107pt.
 [5 <E:/Object Tracking Camera Repository/Object-Tracking-Camera/Tutorials/5. I
nterfacing the Camera and Gimbal System with the Raspberry-Pi/Images/servo.jpg>
 <E:/Object Tracking Camera Repository/Object-Tracking-Camera/Tutorials/5. Inte
rfacing the Camera and Gimbal System with the Raspberry-Pi/Images/gpio.jpg> <E:
/Object Tracking Camera Repository/Object-Tracking-Camera/Tutorials/5. Interfac
ing the Camera and Gimbal System with the Raspberry-Pi/Images/frame.jpg>]
Overfull \hbox (10.17007pt too wide) in paragraph at lines 92--93
\OT1/cmr/m/n/10.95 After in-stalling the RPIO pack-age we can cal-i-brate the s
er-vos ac-cord-ingly.Open
 []

<../Images/cmd2.jpg, id=91, 482.55281pt x 164.11313pt>
File: ../Images/cmd2.jpg Graphic file (type jpg)

<use ../Images/cmd2.jpg>
Package pdftex.def Info: ../Images/cmd2.jpg used on input line 94.
(pdftex.def)             Requested size: 289.5339pt x 98.46863pt.

<../Images/cmd3.jpg, id=92, 483.30562pt x 286.06876pt>
File: ../Images/cmd3.jpg Graphic file (type jpg)

<use ../Images/cmd3.jpg>
Package pdftex.def Info: ../Images/cmd3.jpg used on input line 99.
(pdftex.def)             Requested size: 289.98561pt x 171.64258pt.
 [6 <E:/Object Tracking Camera Repository/Object-Tracking-Camera/Tutorials/5. I
nterfacing the Camera and Gimbal System with the Raspberry-Pi/Images/cmd2.jpg> 
<E:/Object Tracking Camera Repository/Object-Tracking-Camera/Tutorials/5. Inter
facing the Camera and Gimbal System with the Raspberry-Pi/Images/cmd3.jpg>] <..
/Images/image.jpg, id=97, 642.4pt x 481.8pt>
File: ../Images/image.jpg Graphic file (type jpg)

<use ../Images/image.jpg>
Package pdftex.def Info: ../Images/image.jpg used on input line 103.
(pdftex.def)             Requested size: 385.44298pt x 289.08221pt.

Overfull \hbox (25.44298pt too wide) in paragraph at lines 103--104
 [] 
 []


Overfull \hbox (95.27795pt too wide) in paragraph at lines 109--110
[][]$\OT1/cmtt/m/n/10.95 https : / / thepihut . com / blogs / raspberry-[]pi-[]
tutorials / 16021420-[]how-[]to-[]install _$
 []


Overfull \hbox (58.78583pt too wide) in paragraph at lines 110--111
[][]$\OT1/cmtt/m/n/10.95 http : / / cmucam . org / projects / cmucam5 / wiki / 
Assembling _ pantilt-[]Mechanism$[] 
 []

Package atveryend Info: Empty hook `BeforeClearDocument' on input line 115.
[7 <E:/Object Tracking Camera Repository/Object-Tracking-Camera/Tutorials/5. In
terfacing the Camera and Gimbal System with the Raspberry-Pi/Images/image.jpg>]
Package atveryend Info: Empty hook `AfterLastShipout' on input line 115.

("E:\Object Tracking Camera Repository\Object-Tracking-Camera\Tutorials\5. Inte
rfacing the Camera and Gimbal System with the Raspberry-Pi\Latex code\Interfaci
ng the Camera and Gimbal system with the Raspberry-Pi.aux")
Package atveryend Info: Executing hook `AtVeryEndDocument' on input line 115.
Package atveryend Info: Executing hook `AtEndAfterFileList' on input line 115.
Package rerunfilecheck Info: File `Interfacing*the*Camera*and*Gimbal*system*wit
h*the*Raspberry-Pi.out' has not changed.
(rerunfilecheck)             Checksum: <no file>.
Package atveryend Info: Empty hook `AtVeryVeryEnd' on input line 115.
 ) 
Here is how much of TeX's memory you used:
 6120 strings out of 493921
 96853 string characters out of 3147282
 172003 words of memory out of 3000000
 9366 multiletter control sequences out of 15000+200000
 8979 words of font info for 32 fonts, out of 3000000 for 9000
 841 hyphenation exceptions out of 8191
 36i,6n,38p,397b,382s stack positions out of 5000i,500n,10000p,200000b,50000s
<C:/Program Files/MiKTeX 2.9/fonts/type1/public/amsfonts/cm/cmbx10.pfb><C:/Pr
ogram Files/MiKTeX 2.9/fonts/type1/public/amsfonts/cm/cmbx12.pfb><C:/Program Fi
les/MiKTeX 2.9/fonts/type1/public/amsfonts/cm/cmr10.pfb><C:/Program Files/MiKTe
X 2.9/fonts/type1/public/amsfonts/cm/cmr12.pfb><C:/Program Files/MiKTeX 2.9/fon
ts/type1/public/amsfonts/cm/cmr17.pfb><C:/Program Files/MiKTeX 2.9/fonts/type1/
public/amsfonts/cm/cmsy10.pfb><C:/Program Files/MiKTeX 2.9/fonts/type1/public/a
msfonts/cm/cmtt10.pfb>
Output written on "Interfacing the Camera and Gimbal system with the Raspberry-
Pi.pdf" (7 pages, 446177 bytes).
PDF statistics:
 141 PDF objects out of 1000 (max. 8388607)
 20 named destinations out of 1000 (max. 500000)
 129 words of extra memory for PDF output out of 10000 (max. 10000000)

