This is pdfTeX, Version 3.1415926-2.4-1.40.13 (MiKTeX 2.9 64-bit) (preloaded format=pdflatex 2016.5.25)  10 JUL 2016 11:10
entering extended mode
**Colored*object*tracking*using*HSV.tex

("E:\Object Tracking Camera Repository\Object-Tracking-Camera\Tutorials\1. Colo
red object tracking using HSV\Latex Code\Colored object tracking using HSV.tex"
LaTeX2e <2011/06/27>
Babel <v3.8m> and hyphenation patterns for english, afrikaans, ancientgreek, ar
abic, armenian, assamese, basque, bengali, bokmal, bulgarian, catalan, coptic, 
croatian, czech, danish, dutch, esperanto, estonian, farsi, finnish, french, ga
lician, german, german-x-2012-05-30, greek, gujarati, hindi, hungarian, iceland
ic, indonesian, interlingua, irish, italian, kannada, kurmanji, latin, latvian,
 lithuanian, malayalam, marathi, mongolian, mongolianlmc, monogreek, ngerman, n
german-x-2012-05-30, nynorsk, oriya, panjabi, pinyin, polish, portuguese, roman
ian, russian, sanskrit, serbian, slovak, slovenian, spanish, swedish, swissgerm
an, tamil, telugu, turkish, turkmen, ukenglish, ukrainian, uppersorbian, usengl
ishmax, welsh, loaded.
("C:\Program Files\MiKTeX 2.9\tex\latex\base\article.cls"
Document Class: article 2007/10/19 v1.4h Standard LaTeX document class
("C:\Program Files\MiKTeX 2.9\tex\latex\base\size11.clo"
File: size11.clo 2007/10/19 v1.4h Standard LaTeX file (size option)
)
\c@part=\count79
\c@section=\count80
\c@subsection=\count81
\c@subsubsection=\count82
\c@paragraph=\count83
\c@subparagraph=\count84
\c@figure=\count85
\c@table=\count86
\abovecaptionskip=\skip41
\belowcaptionskip=\skip42
\bibindent=\dimen102
)
("C:\Program Files\MiKTeX 2.9\tex\latex\graphics\graphicx.sty"
Package: graphicx 1999/02/16 v1.0f Enhanced LaTeX Graphics (DPC,SPQR)

("C:\Program Files\MiKTeX 2.9\tex\latex\graphics\keyval.sty"
Package: keyval 1999/03/16 v1.13 key=value parser (DPC)
\KV@toks@=\toks14
)
("C:\Program Files\MiKTeX 2.9\tex\latex\graphics\graphics.sty"
Package: graphics 2009/02/05 v1.0o Standard LaTeX Graphics (DPC,SPQR)

("C:\Program Files\MiKTeX 2.9\tex\latex\graphics\trig.sty"
Package: trig 1999/03/16 v1.09 sin cos tan (DPC)
)
("C:\Program Files\MiKTeX 2.9\tex\latex\00miktex\graphics.cfg"
File: graphics.cfg 2007/01/18 v1.5 graphics configuration of teTeX/TeXLive
)
Package graphics Info: Driver file: pdftex.def on input line 91.

("C:\Program Files\MiKTeX 2.9\tex\latex\pdftex-def\pdftex.def"
File: pdftex.def 2011/05/27 v0.06d Graphics/color for pdfTeX

("C:\Program Files\MiKTeX 2.9\tex\generic\oberdiek\infwarerr.sty"
Package: infwarerr 2010/04/08 v1.3 Providing info/warning/error messages (HO)
)
("C:\Program Files\MiKTeX 2.9\tex\generic\oberdiek\ltxcmds.sty"
Package: ltxcmds 2011/11/09 v1.22 LaTeX kernel commands for general use (HO)
)
\Gread@gobject=\count87
))
\Gin@req@height=\dimen103
\Gin@req@width=\dimen104
)
("C:\Program Files\MiKTeX 2.9\tex\latex\listings\listings.sty"
\lst@mode=\count88
\lst@gtempboxa=\box26
\lst@token=\toks15
\lst@length=\count89
\lst@currlwidth=\dimen105
\lst@column=\count90
\lst@pos=\count91
\lst@lostspace=\dimen106
\lst@width=\dimen107
\lst@newlines=\count92
\lst@lineno=\count93
\lst@maxwidth=\dimen108

("C:\Program Files\MiKTeX 2.9\tex\latex\listings\lstmisc.sty"
File: lstmisc.sty 2015/06/04 1.6 (Carsten Heinz)
\c@lstnumber=\count94
\lst@skipnumbers=\count95
\lst@framebox=\box27
)
("C:\Program Files\MiKTeX 2.9\tex\latex\listings\listings.cfg"
File: listings.cfg 2015/06/04 1.6 listings configuration
))
Package: listings 2015/06/04 1.6 (Carsten Heinz)

("C:\Program Files\MiKTeX 2.9\tex\latex\ltxmisc\url.sty"
\Urlmuskip=\muskip10
Package: url 2006/04/12  ver 3.3  Verb mode for urls, etc.
)
("C:\Program Files\MiKTeX 2.9\tex\latex\hyperref\hyperref.sty"
Package: hyperref 2012/11/06 v6.83m Hypertext links for LaTeX

("C:\Program Files\MiKTeX 2.9\tex\generic\oberdiek\hobsub-hyperref.sty"
Package: hobsub-hyperref 2012/04/25 v1.12 Bundle oberdiek, subset hyperref (HO)


("C:\Program Files\MiKTeX 2.9\tex\generic\oberdiek\hobsub-generic.sty"
Package: hobsub-generic 2012/04/25 v1.12 Bundle oberdiek, subset generic (HO)
Package: hobsub 2012/04/25 v1.12 Construct package bundles (HO)
Package hobsub Info: Skipping package `infwarerr' (already loaded).
Package hobsub Info: Skipping package `ltxcmds' (already loaded).
Package: ifluatex 2010/03/01 v1.3 Provides the ifluatex switch (HO)
Package ifluatex Info: LuaTeX not detected.
Package: ifvtex 2010/03/01 v1.5 Detect VTeX and its facilities (HO)
Package ifvtex Info: VTeX not detected.
Package: intcalc 2007/09/27 v1.1 Expandable calculations with integers (HO)
Package: ifpdf 2011/01/30 v2.3 Provides the ifpdf switch (HO)
Package ifpdf Info: pdfTeX in PDF mode is detected.
Package: etexcmds 2011/02/16 v1.5 Avoid name clashes with e-TeX commands (HO)
Package etexcmds Info: Could not find \expanded.
(etexcmds)             That can mean that you are not using pdfTeX 1.50 or
(etexcmds)             that some package has redefined \expanded.
(etexcmds)             In the latter case, load this package earlier.
Package: kvsetkeys 2012/04/25 v1.16 Key value parser (HO)
Package: kvdefinekeys 2011/04/07 v1.3 Define keys (HO)
Package: pdftexcmds 2011/11/29 v0.20 Utility functions of pdfTeX for LuaTeX (HO
)
Package pdftexcmds Info: LuaTeX not detected.
Package pdftexcmds Info: \pdf@primitive is available.
Package pdftexcmds Info: \pdf@ifprimitive is available.
Package pdftexcmds Info: \pdfdraftmode found.
Package: pdfescape 2011/11/25 v1.13 Implements pdfTeX's escape features (HO)
Package: bigintcalc 2012/04/08 v1.3 Expandable calculations on big integers (HO
)
Package: bitset 2011/01/30 v1.1 Handle bit-vector datatype (HO)
Package: uniquecounter 2011/01/30 v1.2 Provide unlimited unique counter (HO)
)
Package hobsub Info: Skipping package `hobsub' (already loaded).
Package: letltxmacro 2010/09/02 v1.4 Let assignment for LaTeX macros (HO)
Package: hopatch 2011/06/24 v1.1 Wrapper for package hooks (HO)
Package: xcolor-patch 2011/01/30 xcolor patch
Package: atveryend 2011/06/30 v1.8 Hooks at the very end of document (HO)
Package atveryend Info: \enddocument detected (standard20110627).
Package: atbegshi 2011/10/05 v1.16 At begin shipout hook (HO)
Package: refcount 2011/10/16 v3.4 Data extraction from label references (HO)
Package: hycolor 2011/01/30 v1.7 Color options for hyperref/bookmark (HO)
)
("C:\Program Files\MiKTeX 2.9\tex\generic\ifxetex\ifxetex.sty"
Package: ifxetex 2010/09/12 v0.6 Provides ifxetex conditional
)
("C:\Program Files\MiKTeX 2.9\tex\latex\oberdiek\auxhook.sty"
Package: auxhook 2011/03/04 v1.3 Hooks for auxiliary files (HO)
)
("C:\Program Files\MiKTeX 2.9\tex\latex\oberdiek\kvoptions.sty"
Package: kvoptions 2011/06/30 v3.11 Key value format for package options (HO)
)
\@linkdim=\dimen109
\Hy@linkcounter=\count96
\Hy@pagecounter=\count97

("C:\Program Files\MiKTeX 2.9\tex\latex\hyperref\pd1enc.def"
File: pd1enc.def 2012/11/06 v6.83m Hyperref: PDFDocEncoding definition (HO)
)
\Hy@SavedSpaceFactor=\count98

("C:\Program Files\MiKTeX 2.9\tex\latex\00miktex\hyperref.cfg"
File: hyperref.cfg 2002/06/06 v1.2 hyperref configuration of TeXLive
)
Package hyperref Info: Hyper figures OFF on input line 4443.
Package hyperref Info: Link nesting OFF on input line 4448.
Package hyperref Info: Hyper index ON on input line 4451.
Package hyperref Info: Plain pages OFF on input line 4458.
Package hyperref Info: Backreferencing OFF on input line 4463.
Package hyperref Info: Implicit mode ON; LaTeX internals redefined.
Package hyperref Info: Bookmarks ON on input line 4688.
\c@Hy@tempcnt=\count99
LaTeX Info: Redefining \url on input line 5041.
\XeTeXLinkMargin=\dimen110
\Fld@menulength=\count100
\Field@Width=\dimen111
\Fld@charsize=\dimen112
Package hyperref Info: Hyper figures OFF on input line 6295.
Package hyperref Info: Link nesting OFF on input line 6300.
Package hyperref Info: Hyper index ON on input line 6303.
Package hyperref Info: backreferencing OFF on input line 6310.
Package hyperref Info: Link coloring OFF on input line 6315.
Package hyperref Info: Link coloring with OCG OFF on input line 6320.
Package hyperref Info: PDF/A mode OFF on input line 6325.
LaTeX Info: Redefining \ref on input line 6365.
LaTeX Info: Redefining \pageref on input line 6369.
\Hy@abspage=\count101
\c@Item=\count102
\c@Hfootnote=\count103
)

Package hyperref Message: Driver (autodetected): hpdftex.

("C:\Program Files\MiKTeX 2.9\tex\latex\hyperref\hpdftex.def"
File: hpdftex.def 2012/11/06 v6.83m Hyperref driver for pdfTeX
\Fld@listcount=\count104
\c@bookmark@seq@number=\count105

("C:\Program Files\MiKTeX 2.9\tex\latex\oberdiek\rerunfilecheck.sty"
Package: rerunfilecheck 2011/04/15 v1.7 Rerun checks for auxiliary files (HO)
Package uniquecounter Info: New unique counter `rerunfilecheck' on input line 2
82.
)
\Hy@SectionHShift=\skip43
)
("E:\Object Tracking Camera Repository\Object-Tracking-Camera\Tutorials\1. Colo
red object tracking using HSV\Latex Code\Colored object tracking using HSV.aux"
)
LaTeX Font Info:    Checking defaults for OML/cmm/m/it on input line 20.
LaTeX Font Info:    ... okay on input line 20.
LaTeX Font Info:    Checking defaults for T1/cmr/m/n on input line 20.
LaTeX Font Info:    ... okay on input line 20.
LaTeX Font Info:    Checking defaults for OT1/cmr/m/n on input line 20.
LaTeX Font Info:    ... okay on input line 20.
LaTeX Font Info:    Checking defaults for OMS/cmsy/m/n on input line 20.
LaTeX Font Info:    ... okay on input line 20.
LaTeX Font Info:    Checking defaults for OMX/cmex/m/n on input line 20.
LaTeX Font Info:    ... okay on input line 20.
LaTeX Font Info:    Checking defaults for U/cmr/m/n on input line 20.
LaTeX Font Info:    ... okay on input line 20.
LaTeX Font Info:    Checking defaults for PD1/pdf/m/n on input line 20.
LaTeX Font Info:    ... okay on input line 20.
 ("C:\Program Files\MiKTeX 2.9\tex\context\base\supp-pdf.mkii"
[Loading MPS to PDF converter (version 2006.09.02).]
\scratchcounter=\count106
\scratchdimen=\dimen113
\scratchbox=\box28
\nofMPsegments=\count107
\nofMParguments=\count108
\everyMPshowfont=\toks16
\MPscratchCnt=\count109
\MPscratchDim=\dimen114
\MPnumerator=\count110
\makeMPintoPDFobject=\count111
\everyMPtoPDFconversion=\toks17
)
\c@lstlisting=\count112
\AtBeginShipoutBox=\box29
Package hyperref Info: Link coloring OFF on input line 20.
 ("C:\Program Files\MiKTeX 2.9\tex\latex\hyperref\nameref.sty"
Package: nameref 2012/10/27 v2.43 Cross-referencing by name of section

("C:\Program Files\MiKTeX 2.9\tex\generic\oberdiek\gettitlestring.sty"
Package: gettitlestring 2010/12/03 v1.4 Cleanup title references (HO)
)
\c@section@level=\count113
)
LaTeX Info: Redefining \ref on input line 20.
LaTeX Info: Redefining \pageref on input line 20.
LaTeX Info: Redefining \nameref on input line 20.

("E:\Object Tracking Camera Repository\Object-Tracking-Camera\Tutorials\1. Colo
red object tracking using HSV\Latex Code\Colored object tracking using HSV.out"
)
("E:\Object Tracking Camera Repository\Object-Tracking-Camera\Tutorials\1. Colo
red object tracking using HSV\Latex Code\Colored object tracking using HSV.out"
)
\@outlinefile=\write3
LaTeX Font Info:    External font `cmex10' loaded for size
(Font)              <12> on input line 22.
LaTeX Font Info:    External font `cmex10' loaded for size
(Font)              <8> on input line 22.
LaTeX Font Info:    External font `cmex10' loaded for size
(Font)              <6> on input line 22.
 [1

{C:/Users/Admin/AppData/Local/MiKTeX/2.9/pdftex/config/pdftex.map}]
("E:\Object Tracking Camera Repository\Object-Tracking-Camera\Tutorials\1. Colo
red object tracking using HSV\Latex Code\Colored object tracking using HSV.toc"
)
\tf@toc=\write4
 [2]
LaTeX Font Info:    Try loading font information for OMS+cmr on input line 30.
 ("C:\Program Files\MiKTeX 2.9\tex\latex\base\omscmr.fd"
File: omscmr.fd 1999/05/25 v2.5h Standard LaTeX font definitions
)
LaTeX Font Info:    Font shape `OMS/cmr/m/n' in size <10.95> not available
(Font)              Font shape `OMS/cmsy/m/n' tried instead on input line 30.
 [3]
Overfull \hbox (3.90431pt too wide) in paragraph at lines 50--51
[]\OT1/cmr/m/n/10.95 As ev-ery pixel in the frame has dif-fer-ent HSV val-ues,w
e thresh-old(mask)
 []

<../Images/Capture1.jpg, id=63, 505.89pt x 399.74344pt>
File: ../Images/Capture1.jpg Graphic file (type jpg)

<use ../Images/Capture1.jpg>
Package pdftex.def Info: ../Images/Capture1.jpg used on input line 53.
(pdftex.def)             Requested size: 202.3524pt x 159.89453pt.

Overfull \hbox (5.91301pt too wide) in paragraph at lines 51--57
\OT1/cmr/m/n/10.95 blobs in the frame and find their re-spec-tive ar-eas.Among 
all the bounded
 []

<../Images/Capture2.jpg, id=64, 501.37312pt x 394.47375pt>
File: ../Images/Capture2.jpg Graphic file (type jpg)

<use ../Images/Capture2.jpg>
Package pdftex.def Info: ../Images/Capture2.jpg used on input line 59.
(pdftex.def)             Requested size: 200.54568pt x 157.7867pt.


LaTeX Warning: `h' float specifier changed to `ht'.

<../Images/Capture3.jpg, id=65, 503.63156pt x 395.22656pt>
File: ../Images/Capture3.jpg Graphic file (type jpg)

<use ../Images/Capture3.jpg>
Package pdftex.def Info: ../Images/Capture3.jpg used on input line 65.
(pdftex.def)             Requested size: 201.44905pt x 158.08781pt.


LaTeX Warning: `!h' float specifier changed to `!ht'.

[4 <E:/Object Tracking Camera Repository/Object-Tracking-Camera/Tutorials/1. Co
lored object tracking using HSV/Images/Capture1.jpg>] [5 <E:/Object Tracking Ca
mera Repository/Object-Tracking-Camera/Tutorials/1. Colored object tracking usi
ng HSV/Images/Capture2.jpg> <E:/Object Tracking Camera Repository/Object-Tracki
ng-Camera/Tutorials/1. Colored object tracking using HSV/Images/Capture3.jpg>]
<../Images/image1.jpg, id=78, 486.31688pt x 384.6872pt>
File: ../Images/image1.jpg Graphic file (type jpg)

<use ../Images/image1.jpg>
Package pdftex.def Info: ../Images/image1.jpg used on input line 78.
(pdftex.def)             Requested size: 340.4195pt x 269.27919pt.

<../Images/image2.jpg, id=79, 487.06969pt x 383.93437pt>
File: ../Images/image2.jpg Graphic file (type jpg)

<use ../Images/image2.jpg>
Package pdftex.def Info: ../Images/image2.jpg used on input line 80.
(pdftex.def)             Requested size: 340.94644pt x 268.75221pt.

Underfull \hbox (badness 10000) in paragraph at lines 75--81

 []

LaTeX Font Info:    External font `cmex10' loaded for size
(Font)              <10.95> on input line 84.

Overfull \hbox (7.54764pt too wide) in paragraph at lines 84--85
[][]$\OT1/cmtt/m/n/10.95 https : / / opencv-[]python-[]tutroals . readthedocs .
 io / en / latest / py _$
 []


Overfull \hbox (6.54764pt too wide) in paragraph at lines 84--85
$\OT1/cmtt/m/n/10.95 tutorials / py _ gui / py _ drawing _ functions / py _ dra
wing _ functions .$
 []

[6 <E:/Object Tracking Camera Repository/Object-Tracking-Camera/Tutorials/1. Co
lored object tracking using HSV/Images/image1.jpg> <E:/Object Tracking Camera R
epository/Object-Tracking-Camera/Tutorials/1. Colored object tracking using HSV
/Images/image2.jpg>]
Overfull \hbox (7.54764pt too wide) in paragraph at lines 85--86
[][]$\OT1/cmtt/m/n/10.95 https : / / opencv-[]python-[]tutroals . readthedocs .
 io / en / latest / py _$
 []


Overfull \hbox (116.2727pt too wide) in paragraph at lines 85--86
$\OT1/cmtt/m/n/10.95 tutorials / py _ imgproc / py _ colorspaces / py _ colorsp
aces . html # converting-[]colorspaces$[] 
 []


Overfull \hbox (7.54764pt too wide) in paragraph at lines 86--87
[][]$\OT1/cmtt/m/n/10.95 https : / / opencv-[]python-[]tutroals . readthedocs .
 io / en / latest / py _$
 []


Overfull \hbox (18.04501pt too wide) in paragraph at lines 86--87
$\OT1/cmtt/m/n/10.95 tutorials / py _ imgproc / py _ filtering / py _ filtering
 . html # filtering$[] 
 []


Overfull \hbox (7.54764pt too wide) in paragraph at lines 87--88
[][]$\OT1/cmtt/m/n/10.95 https : / / opencv-[]python-[]tutroals . readthedocs .
 io / en / latest / py _$
 []


Overfull \hbox (29.54239pt too wide) in paragraph at lines 87--88
$\OT1/cmtt/m/n/10.95 tutorials / py _ imgproc / py _ contours / py _ contours _
 begin / py _ contours _$
 []


Overfull \hbox (7.54764pt too wide) in paragraph at lines 88--89
[][]$\OT1/cmtt/m/n/10.95 https : / / opencv-[]python-[]tutroals . readthedocs .
 io / en / latest / py _$
 []


Overfull \hbox (35.29108pt too wide) in paragraph at lines 88--89
$\OT1/cmtt/m/n/10.95 tutorials / py _ imgproc / py _ contours / py _ contour _ 
features / py _ contour _$
 []

Package atveryend Info: Empty hook `BeforeClearDocument' on input line 91.
[7]
Package atveryend Info: Empty hook `AfterLastShipout' on input line 91.

("E:\Object Tracking Camera Repository\Object-Tracking-Camera\Tutorials\1. Colo
red object tracking using HSV\Latex Code\Colored object tracking using HSV.aux"
)
Package atveryend Info: Executing hook `AtVeryEndDocument' on input line 91.
Package atveryend Info: Executing hook `AtEndAfterFileList' on input line 91.
Package rerunfilecheck Info: File `Colored*object*tracking*using*HSV.out' has n
ot changed.
(rerunfilecheck)             Checksum: <no file>.
Package atveryend Info: Empty hook `AtVeryVeryEnd' on input line 91.
 ) 
Here is how much of TeX's memory you used:
 6204 strings out of 493921
 93473 string characters out of 3147282
 173296 words of memory out of 3000000
 9443 multiletter control sequences out of 15000+200000
 8672 words of font info for 31 fonts, out of 3000000 for 9000
 841 hyphenation exceptions out of 8191
 29i,7n,32p,498b,402s stack positions out of 5000i,500n,10000p,200000b,50000s
<C:/Program Files/MiKTeX 2.9/fonts/type1/public/amsfonts/cm/cmbx10.pfb><C:/Pr
ogram Files/MiKTeX 2.9/fonts/type1/public/amsfonts/cm/cmbx12.pfb><C:/Program Fi
les/MiKTeX 2.9/fonts/type1/public/amsfonts/cm/cmr10.pfb><C:/Program Files/MiKTe
X 2.9/fonts/type1/public/amsfonts/cm/cmr12.pfb><C:/Program Files/MiKTeX 2.9/fon
ts/type1/public/amsfonts/cm/cmr17.pfb><C:/Program Files/MiKTeX 2.9/fonts/type1/
public/amsfonts/cm/cmsy10.pfb><C:/Program Files/MiKTeX 2.9/fonts/type1/public/a
msfonts/cm/cmtt10.pfb>
Output written on "Colored object tracking using HSV.pdf" (7 pages, 312027 byte
s).
PDF statistics:
 139 PDF objects out of 1000 (max. 8388607)
 25 named destinations out of 1000 (max. 500000)
 90 words of extra memory for PDF output out of 10000 (max. 10000000)

